<?xml version="1.0" encoding="utf-8"?><testsuites name="pytest tests"><testsuite name="pytest" errors="0" failures="0" skipped="1" tests="18" time="5.044" timestamp="2026-09-03T19:25:51.847745+00:00" hostname="agent-env-26db9a0f-ba87-4119-a973-2890ced6742c"><testcase classname="tests.test_iteration_156_quotation_perf_item_group.TestAuthBasics" name="test_login_sets_httponly_cookie" time="1.836" /><testcase classname="tests.test_iteration_156_quotation_perf_item_group.TestAuthBasics" name="test_me_endpoint" time="0.498" /><testcase classname="tests.test_iteration_156_quotation_perf_item_group.TestQuotationsList" name="test_list_200_and_latency" time="0.143" /><testcase classname="tests.test_iteration_156_quotation_perf_item_group.TestQuotationsList" name="test_enrichment_fields" time="0.120" /><testcase classname="tests.test_iteration_156_quotation_perf_item_group.TestQuotationsList" name="test_bulk_matches_single_doc_payload" time="0.189"><skipped type="pytest.skip" message="no single-quotation GET endpoint">/app/backend/tests/test_iteration_156_quotation_perf_item_group.py:121: no single-quotation GET endpoint</skipped></testcase><testcase classname="tests.test_iteration_156_quotation_perf_item_group.TestQuotationsList" name="test_filter_status_draft" time="0.097" /><testcase classname="tests.test_iteration_156_quotation_perf_item_group.TestQuotationsList" name="test_filter_lead_id" time="0.198" /><testcase classname="tests.test_iteration_156_quotation_perf_item_group.TestQuotationsList" name="test_unauthenticated_rejected" time="0.160" /><testcase classname="tests.test_iteration_156_quotation_perf_item_group.TestItemsLite" name="test_lite_smaller_and_has_needed_fields" time="0.418" /><testcase classname="tests.test_iteration_156_quotation_perf_item_group.TestItemGroups" name="test_list_item_groups" time="0.088" /><testcase classname="tests.test_iteration_156_quotation_perf_item_group.TestItemGroups" name="test_create_item_with_group_persists" time="0.274" /><testcase classname="tests.test_iteration_156_quotation_perf_item_group.TestItemGroups" name="test_clear_group_on_update" time="0.251" /><testcase classname="tests.test_iteration_156_quotation_perf_item_group.TestRegression" name="test_endpoints_ok[/api/crm/leads]" time="0.092" /><testcase classname="tests.test_iteration_156_quotation_perf_item_group.TestRegression" name="test_endpoints_ok[/api/crm/tickets]" time="0.120" /><testcase classname="tests.test_iteration_156_quotation_perf_item_group.TestRegression" name="test_endpoints_ok[/api/customers]" time="0.080" /><testcase classname="tests.test_iteration_156_quotation_perf_item_group.TestRegression" name="test_endpoints_ok[/api/bom]" time="0.128" /><testcase classname="tests.test_iteration_156_quotation_perf_item_group.TestRegression" name="test_endpoints_ok[/api/item-groups]" time="0.094" /><testcase classname="tests.test_iteration_156_quotation_perf_item_group.TestRegression" name="test_endpoints_ok[/api/items?lite=1]" time="0.152" /></testsuite></testsuites>