<?xml version="1.0" encoding="utf-8"?><testsuites name="pytest tests"><testsuite name="pytest" errors="0" failures="2" skipped="0" tests="18" time="4.988" timestamp="2026-09-03T10:53:10.226381+00:00" hostname="agent-env-26db9a0f-ba87-4119-a973-2890ced6742c"><testcase classname="tests.test_iteration_150_windows_singleport.TestSpaServing" name="test_spa_routes_return_index_html[/]" time="1.930" /><testcase classname="tests.test_iteration_150_windows_singleport.TestSpaServing" name="test_spa_routes_return_index_html[/login]" time="0.044" /><testcase classname="tests.test_iteration_150_windows_singleport.TestSpaServing" name="test_spa_routes_return_index_html[/dashboard]" time="0.043" /><testcase classname="tests.test_iteration_150_windows_singleport.TestSpaServing" name="test_spa_routes_return_index_html[/items]" time="0.045" /><testcase classname="tests.test_iteration_150_windows_singleport.TestSpaServing" name="test_spa_routes_return_index_html[/bom/nested/deep]" time="0.044" /><testcase classname="tests.test_iteration_150_windows_singleport.TestSpaServing" name="test_main_bundle_served" time="0.091" /><testcase classname="tests.test_iteration_150_windows_singleport.TestSpaServing" name="test_unknown_api_route_returns_json_404" time="0.042" /><testcase classname="tests.test_iteration_150_windows_singleport.TestSpaServing" name="test_manifest_json" time="0.044"><failure message="Failed: /manifest.json served as text/html; charset=utf-8 (SPA fallback HTML) — file missing in build; any missing static asset (favicon.ico etc.) returns 200 HTML instead of 404">E   Failed: /manifest.json served as text/html; charset=utf-8 (SPA fallback HTML) — file missing in build; any missing static asset (favicon.ico etc.) returns 200 HTML instead of 404</failure></testcase><testcase classname="tests.test_iteration_150_windows_singleport.TestSpaServing" name="test_build_dir_present" time="0.000" /><testcase classname="tests.test_iteration_150_windows_singleport.TestAuthSameOrigin" name="test_login_sets_httponly_cookies" time="0.256" /><testcase classname="tests.test_iteration_150_windows_singleport.TestAuthSameOrigin" name="test_bad_password_401" time="0.225" /><testcase classname="tests.test_iteration_150_windows_singleport.TestAuthSameOrigin" name="test_protected_route_without_cookie_401" time="0.002" /><testcase classname="tests.test_iteration_150_windows_singleport.TestAuthSameOrigin" name="test_bcrypt_hash_format" time="0.076" /><testcase classname="tests.test_iteration_150_windows_singleport.TestAuthSameOrigin" name="test_brute_force_lockout" time="0.221"><failure message="AssertionError: no lockout after 6 failures, codes=[401, 401, 401, 401, 401, 401]&#10;assert False&#10; +  where False = any(&lt;generator object TestAuthSameOrigin.test_brute_force_lockout.&lt;locals&gt;.&lt;genexpr&gt; at 0xfe571658e5a0&gt;)">E   AssertionError: no lockout after 6 failures, codes=[401, 401, 401, 401, 401, 401]
    assert False
     +  where False = any(&lt;generator object TestAuthSameOrigin.test_brute_force_lockout.&lt;locals&gt;.&lt;genexpr&gt; at 0xfe571658e5a0&gt;)</failure></testcase><testcase classname="tests.test_iteration_150_windows_singleport.TestAuthSameOrigin" name="test_login_after_probe_still_works" time="0.225" /><testcase classname="tests.test_iteration_150_windows_singleport.TestPreviewRegression" name="test_preview_login_and_dashboard" time="0.515" /><testcase classname="tests.test_iteration_150_windows_singleport.TestPreviewRegression" name="test_preview_frontend_html" time="0.176" /><testcase classname="tests.test_iteration_150_windows_singleport.TestPreviewRegression" name="test_items_and_boms_lists" time="0.911" /></testsuite></testsuites>