<?xml version="1.0" encoding="utf-8"?><testsuites name="pytest tests"><testsuite name="pytest" errors="0" failures="1" skipped="0" tests="8" time="6.352" timestamp="2026-09-03T18:16:41.091706+00:00" hostname="agent-env-26db9a0f-ba87-4119-a973-2890ced6742c"><testcase classname="tests.test_iteration_154_auth_playbook" name="test_login_success_and_cookie_flags" time="0.798" /><testcase classname="tests.test_iteration_154_auth_playbook" name="test_auth_me_with_cookie_only" time="0.224" /><testcase classname="tests.test_iteration_154_auth_playbook" name="test_cors_allows_credentials_explicit_origin" time="0.094" /><testcase classname="tests.test_iteration_154_auth_playbook" name="test_bcrypt_hash_format_in_db" time="0.067" /><testcase classname="tests.test_iteration_154_auth_playbook" name="test_invalid_password_401" time="0.521" /><testcase classname="tests.test_iteration_154_auth_playbook" name="test_brute_force_lockout_after_5_failures" time="3.581"><failure message="AssertionError: No brute-force lockout: 6 bad passwords all returned {401} (expected 423/429 after 5)&#10;assert (423 in [401, 401, 401, 401, 401, 401] or 429 in [401, 401, 401, 401, 401, 401])">E   AssertionError: No brute-force lockout: 6 bad passwords all returned {401} (expected 423/429 after 5)
    assert (423 in [401, 401, 401, 401, 401, 401] or 429 in [401, 401, 401, 401, 401, 401])</failure></testcase><testcase classname="tests.test_iteration_154_auth_playbook" name="test_valid_login_still_works_after_failures" time="0.404" /><testcase classname="tests.test_iteration_154_auth_playbook" name="test_logout_clears_cookie" time="0.579" /></testsuite></testsuites>