<?xml version="1.0" encoding="utf-8"?><testsuites name="pytest tests"><testsuite name="pytest" errors="0" failures="0" skipped="0" tests="4" time="0.920" timestamp="2026-09-05T10:14:20.004828+00:00" hostname="agent-env-26db9a0f-ba87-4119-a973-2890ced6742c"><testcase classname="backend.tests.test_iteration_158_clone" name="test_clone_unauth" time="0.173" /><testcase classname="backend.tests.test_iteration_158_clone" name="test_clone_unknown_id" time="0.386" /><testcase classname="backend.tests.test_iteration_158_clone" name="test_clone_creates_draft" time="0.178" /><testcase classname="backend.tests.test_iteration_158_clone" name="test_clone_of_any_status_becomes_draft" time="0.112" /></testsuite></testsuites>