<?xml version="1.0" encoding="utf-8"?><testsuites name="pytest tests"><testsuite name="pytest" errors="0" failures="1" skipped="0" tests="46" time="4.095" timestamp="2026-09-03T10:59:04.955575+00:00" hostname="agent-env-26db9a0f-ba87-4119-a973-2890ced6742c"><testcase classname="tests.test_iteration_151_traversal_singleport.TestPathTraversal" name="test_no_file_leak[/..%2f..%2fbackend/.env]" time="0.002" /><testcase classname="tests.test_iteration_151_traversal_singleport.TestPathTraversal" name="test_no_file_leak[/..%2f..%2f..%2fetc/passwd]" time="0.001" /><testcase classname="tests.test_iteration_151_traversal_singleport.TestPathTraversal" name="test_no_file_leak[/static/../../backend/.env]" time="0.001" /><testcase classname="tests.test_iteration_151_traversal_singleport.TestPathTraversal" name="test_no_file_leak[/%252e%252e%252f%252e%252e%252fbackend/.env]" time="0.001" /><testcase classname="tests.test_iteration_151_traversal_singleport.TestPathTraversal" name="test_no_file_leak[/%2e%2e/%2e%2e/backend/.env]" time="0.001" /><testcase classname="tests.test_iteration_151_traversal_singleport.TestPathTraversal" name="test_no_file_leak[/..%5c..%5cbackend/.env]" time="0.001" /><testcase classname="tests.test_iteration_151_traversal_singleport.TestPathTraversal" name="test_no_file_leak[/....//....//backend/.env]" time="0.001" /><testcase classname="tests.test_iteration_151_traversal_singleport.TestPathTraversal" name="test_no_file_leak[//etc/passwd]" time="0.001" /><testcase classname="tests.test_iteration_151_traversal_singleport.TestPathTraversal" name="test_no_file_leak[/static/..%2f..%2f..%2fbackend/.env]" time="0.001" /><testcase classname="tests.test_iteration_151_traversal_singleport.TestPathTraversal" name="test_no_file_leak[/..%2F..%2Fbackend%2F.env]" time="0.001" /><testcase classname="tests.test_iteration_151_traversal_singleport.TestPathTraversal" name="test_no_file_leak[/..%c0%af..%c0%afbackend/.env]" time="0.001" /><testcase classname="tests.test_iteration_151_traversal_singleport.TestPathTraversal" name="test_no_file_leak[/%2e%2e%2f%2e%2e%2fbackend%2f.env]" time="0.001" /><testcase classname="tests.test_iteration_151_traversal_singleport.TestMissingAssets" name="test_missing_asset_with_extension_returns_404[/favicon.ico]" time="0.003" /><testcase classname="tests.test_iteration_151_traversal_singleport.TestMissingAssets" name="test_missing_asset_with_extension_returns_404[/manifest.json]" time="0.042" /><testcase classname="tests.test_iteration_151_traversal_singleport.TestMissingAssets" name="test_missing_asset_with_extension_returns_404[/static/js/nope.js]" time="0.046" /><testcase classname="tests.test_iteration_151_traversal_singleport.TestMissingAssets" name="test_missing_asset_with_extension_returns_404[/robots.txt]" time="0.045" /><testcase classname="tests.test_iteration_151_traversal_singleport.TestMissingAssets" name="test_missing_asset_with_extension_returns_404[/nope.png]" time="0.042" /><testcase classname="tests.test_iteration_151_traversal_singleport.TestMissingAssets" name="test_spa_routes_serve_index_html[/]" time="0.046" /><testcase classname="tests.test_iteration_151_traversal_singleport.TestMissingAssets" name="test_spa_routes_serve_index_html[/dashboard]" time="0.042" /><testcase classname="tests.test_iteration_151_traversal_singleport.TestMissingAssets" name="test_spa_routes_serve_index_html[/items]" time="0.043" /><testcase classname="tests.test_iteration_151_traversal_singleport.TestMissingAssets" name="test_spa_routes_serve_index_html[/login]" time="0.043" /><testcase classname="tests.test_iteration_151_traversal_singleport.TestMissingAssets" name="test_spa_routes_serve_index_html[/bom/nested/deep]" time="0.043" /><testcase classname="tests.test_iteration_151_traversal_singleport.TestMissingAssets" name="test_existing_bundle_still_served" time="0.090" /><testcase classname="tests.test_iteration_151_traversal_singleport.TestMissingAssets" name="test_asset_manifest_real_file_served" time="0.042" /><testcase classname="tests.test_iteration_151_traversal_singleport.TestMissingAssets" name="test_unknown_api_route_json_404" time="0.044" /><testcase classname="tests.test_iteration_151_traversal_singleport.TestAuthSinglePort" name="test_login_and_me" time="0.256" /><testcase classname="tests.test_iteration_151_traversal_singleport.TestAuthSinglePort" name="test_bad_password_401" time="0.224" /><testcase classname="tests.test_iteration_151_traversal_singleport.TestAuthSinglePort" name="test_protected_without_cookie_401" time="0.002" /><testcase classname="tests.test_iteration_150_windows_singleport.TestSpaServing" name="test_spa_routes_return_index_html[/]" time="0.002" /><testcase classname="tests.test_iteration_150_windows_singleport.TestSpaServing" name="test_spa_routes_return_index_html[/login]" time="0.042" /><testcase classname="tests.test_iteration_150_windows_singleport.TestSpaServing" name="test_spa_routes_return_index_html[/dashboard]" time="0.043" /><testcase classname="tests.test_iteration_150_windows_singleport.TestSpaServing" name="test_spa_routes_return_index_html[/items]" time="0.044" /><testcase classname="tests.test_iteration_150_windows_singleport.TestSpaServing" name="test_spa_routes_return_index_html[/bom/nested/deep]" time="0.043" /><testcase classname="tests.test_iteration_150_windows_singleport.TestSpaServing" name="test_main_bundle_served" time="0.090" /><testcase classname="tests.test_iteration_150_windows_singleport.TestSpaServing" name="test_unknown_api_route_returns_json_404" time="0.044" /><testcase classname="tests.test_iteration_150_windows_singleport.TestSpaServing" name="test_manifest_json" time="0.043" /><testcase classname="tests.test_iteration_150_windows_singleport.TestSpaServing" name="test_build_dir_present" time="0.000" /><testcase classname="tests.test_iteration_150_windows_singleport.TestAuthSameOrigin" name="test_login_sets_httponly_cookies" time="0.235" /><testcase classname="tests.test_iteration_150_windows_singleport.TestAuthSameOrigin" name="test_bad_password_401" time="0.224" /><testcase classname="tests.test_iteration_150_windows_singleport.TestAuthSameOrigin" name="test_protected_route_without_cookie_401" time="0.002" /><testcase classname="tests.test_iteration_150_windows_singleport.TestAuthSameOrigin" name="test_bcrypt_hash_format" time="0.075" /><testcase classname="tests.test_iteration_150_windows_singleport.TestAuthSameOrigin" name="test_brute_force_lockout" time="0.217"><failure message="AssertionError: no lockout after 6 failures, codes=[401, 401, 401, 401, 401, 401]&#10;assert False&#10; +  where False = any(&lt;generator object TestAuthSameOrigin.test_brute_force_lockout.&lt;locals&gt;.&lt;genexpr&gt; at 0xfc9f2c93ab50&gt;)">tests/test_iteration_150_windows_singleport.py:122: in test_brute_force_lockout
    assert any(c in (423, 429) for c in codes), f"no lockout after 6 failures, codes={codes}"
E   AssertionError: no lockout after 6 failures, codes=[401, 401, 401, 401, 401, 401]
E   assert False
E    +  where False = any(&lt;generator object TestAuthSameOrigin.test_brute_force_lockout.&lt;locals&gt;.&lt;genexpr&gt; at 0xfc9f2c93ab50&gt;)</failure></testcase><testcase classname="tests.test_iteration_150_windows_singleport.TestAuthSameOrigin" name="test_login_after_probe_still_works" time="0.225" /><testcase classname="tests.test_iteration_150_windows_singleport.TestPreviewRegression" name="test_preview_login_and_dashboard" time="0.629" /><testcase classname="tests.test_iteration_150_windows_singleport.TestPreviewRegression" name="test_preview_frontend_html" time="0.150" /><testcase classname="tests.test_iteration_150_windows_singleport.TestPreviewRegression" name="test_items_and_boms_lists" time="0.769" /></testsuite></testsuites>