<?xml version="1.0" encoding="utf-8"?><testsuites name="pytest tests"><testsuite name="pytest" errors="0" failures="0" skipped="0" tests="7" time="1.360" timestamp="2026-05-17T19:49:56.564062+00:00" hostname="agent-env-26db9a0f-ba87-4119-a973-2890ced6742c"><testcase classname="backend.tests.test_iteration_135_round5.TestIssue3aOutsourcedQuantityBackfill" name="test_all_os_ops_have_outsourced_quantity" time="0.677" /><testcase classname="backend.tests.test_iteration_135_round5.TestIssue3bShortCloseRevoke" name="test_short_close_endpoint_exists" time="0.054" /><testcase classname="backend.tests.test_iteration_135_round5.TestIssue3bShortCloseRevoke" name="test_short_close_revoke_logic" time="0.194" /><testcase classname="backend.tests.test_iteration_135_round5.TestIssue3cShortCloseNoGRN" name="test_short_close_no_grn_endpoint_exists" time="0.048" /><testcase classname="backend.tests.test_iteration_135_round5.TestIssue3cShortCloseNoGRN" name="test_short_close_no_grn_logic" time="0.186" /><testcase classname="backend.tests.test_iteration_135_round5.TestFrontendCodeVerification" name="test_manufacturing_page_outsourced_qty_in_runs_branch" time="0.001" /><testcase classname="backend.tests.test_iteration_135_round5.TestFrontendCodeVerification" name="test_crm_page_tax_invoice_running_band" time="0.002" /></testsuite></testsuites>