<?xml version="1.0" encoding="utf-8"?><testsuites name="pytest tests"><testsuite name="pytest" errors="0" failures="0" skipped="0" tests="17" time="2.448" timestamp="2026-04-20T19:16:04.318807+00:00" hostname="agent-env-26db9a0f-ba87-4119-a973-2890ced6742c"><testcase classname="backend.tests.test_iteration_67.TestPipelineConfigMarketing" name="test_get_marketing_pipeline_config_defaults" time="0.513" /><testcase classname="backend.tests.test_iteration_67.TestPipelineConfigMarketing" name="test_update_marketing_pipeline_config" time="0.124" /><testcase classname="backend.tests.test_iteration_67.TestPipelineConfigMarketing" name="test_reset_marketing_pipeline_config" time="0.061" /><testcase classname="backend.tests.test_iteration_67.TestPipelineConfigSupport" name="test_get_support_pipeline_config_defaults" time="0.065" /><testcase classname="backend.tests.test_iteration_67.TestPipelineConfigSupport" name="test_update_support_pipeline_config" time="0.123" /><testcase classname="backend.tests.test_iteration_67.TestPipelineConfigSupport" name="test_reset_support_pipeline_config" time="0.063" /><testcase classname="backend.tests.test_iteration_67.TestLeadCreationRequiresCustomerId" name="test_create_lead_without_customer_id_fails" time="0.054" /><testcase classname="backend.tests.test_iteration_67.TestLeadCreationRequiresCustomerId" name="test_create_lead_with_invalid_customer_id_fails" time="0.056" /><testcase classname="backend.tests.test_iteration_67.TestLeadCreationRequiresCustomerId" name="test_create_lead_with_valid_customer_id_succeeds" time="0.177" /><testcase classname="backend.tests.test_iteration_67.TestTicketWithProductIds" name="test_create_ticket_with_product_ids" time="0.266" /><testcase classname="backend.tests.test_iteration_67.TestTicketWithProductIds" name="test_get_ticket_hydrates_products" time="0.200" /><testcase classname="backend.tests.test_iteration_67.TestActivitiesEndpoint" name="test_get_all_activities" time="0.059" /><testcase classname="backend.tests.test_iteration_67.TestActivitiesEndpoint" name="test_get_support_activities_only" time="0.062" /><testcase classname="backend.tests.test_iteration_67.TestActivitiesEndpoint" name="test_get_marketing_activities_only" time="0.058" /><testcase classname="backend.tests.test_iteration_67.TestPipelineConfigValidation" name="test_invalid_pipeline_type_rejected" time="0.053" /><testcase classname="backend.tests.test_iteration_67.TestPipelineConfigValidation" name="test_empty_stages_rejected" time="0.112" /><testcase classname="backend.tests.test_iteration_67.TestPipelineConfigValidation" name="test_duplicate_stage_keys_rejected" time="0.298" /></testsuite></testsuites>