<?xml version="1.0" encoding="utf-8"?><testsuites name="pytest tests"><testsuite name="pytest" errors="0" failures="0" skipped="0" tests="6" time="1.365" timestamp="2026-05-17T09:24:44.993482+00:00" hostname="agent-env-26db9a0f-ba87-4119-a973-2890ced6742c"><testcase classname="backend.tests.test_iteration_131_tax_invoice_ui.TestTaxInvoiceAddressAutoFill" name="test_create_tax_invoice_with_full_address_customer" time="0.632" /><testcase classname="backend.tests.test_iteration_131_tax_invoice_ui.TestTaxInvoiceAddressAutoFill" name="test_place_of_supply_format_with_state_code_and_state" time="0.105" /><testcase classname="backend.tests.test_iteration_131_tax_invoice_ui.TestTaxInvoiceCRUDRegression" name="test_tax_invoice_list" time="0.127" /><testcase classname="backend.tests.test_iteration_131_tax_invoice_ui.TestTaxInvoiceCRUDRegression" name="test_tax_invoice_create_draft" time="0.109" /><testcase classname="backend.tests.test_iteration_131_tax_invoice_ui.TestTaxInvoiceCRUDRegression" name="test_tax_invoice_update" time="0.157" /><testcase classname="backend.tests.test_iteration_131_tax_invoice_ui.TestTaxInvoiceLineItemsRegression" name="test_line_items_with_rate_formatting" time="0.151" /></testsuite></testsuites>