<?xml version="1.0" encoding="utf-8"?><testsuites name="pytest tests"><testsuite name="pytest" errors="0" failures="0" skipped="1" tests="18" time="2.921" timestamp="2026-04-19T06:49:52.521704+00:00" hostname="agent-env-26db9a0f-ba87-4119-a973-2890ced6742c"><testcase classname="backend.tests.test_iteration_63.TestP0OperationNameMigration" name="test_get_work_orders_returns_200" time="0.551" /><testcase classname="backend.tests.test_iteration_63.TestP0OperationNameMigration" name="test_all_operation_names_are_strings" time="0.096" /><testcase classname="backend.tests.test_iteration_63.TestP0OperationNameMigration" name="test_operation_name_has_process_cost_per_unit" time="0.093" /><testcase classname="backend.tests.test_iteration_63.TestP0NewMOCreation" name="test_get_boms_with_routings" time="0.184" /><testcase classname="backend.tests.test_iteration_63.TestP0NewMOCreation" name="test_get_production_orders" time="0.364" /><testcase classname="backend.tests.test_iteration_63.TestP0JobCardLoading" name="test_get_in_progress_work_order" time="0.095" /><testcase classname="backend.tests.test_iteration_63.TestP0JobCardLoading" name="test_get_single_work_order_detail" time="0.142" /><testcase classname="backend.tests.test_iteration_63.TestP1PendingGRNsEndpoint" name="test_pending_grns_returns_200" time="0.088" /><testcase classname="backend.tests.test_iteration_63.TestP1PendingGRNsEndpoint" name="test_pending_grns_have_is_jw_flag" time="0.082" /><testcase classname="backend.tests.test_iteration_63.TestP1PendingGRNsEndpoint" name="test_pending_grns_have_supplier_enriched" time="0.081" /><testcase classname="backend.tests.test_iteration_63.TestP1JWGRNInvoiceCreation" name="test_find_jw_grn_for_invoice" time="0.080" /><testcase classname="backend.tests.test_iteration_63.TestP1JWGRNInvoiceCreation" name="test_create_invoice_from_jw_grn" time="0.080"><skipped type="pytest.skip" message="No JW GRN with supplier found for invoice creation test">/app/backend/tests/test_iteration_63.py:275: No JW GRN with supplier found for invoice creation test</skipped></testcase><testcase classname="backend.tests.test_iteration_63.TestP1POGRNInvoiceCreation" name="test_create_invoice_from_po_grn" time="0.121" /><testcase classname="backend.tests.test_iteration_63.TestRegressionBOMPage" name="test_bom_list_loads" time="0.223" /><testcase classname="backend.tests.test_iteration_63.TestRegressionBOMPage" name="test_bom_with_routings_structure" time="0.205" /><testcase classname="backend.tests.test_iteration_63.TestRegressionBOMPage" name="test_bom_explosion" time="0.240" /><testcase classname="backend.tests.test_iteration_63.TestRegressionGRNCreation" name="test_grn_list_loads" time="0.051" /><testcase classname="backend.tests.test_iteration_63.TestRegressionGRNCreation" name="test_get_pending_pos_for_grn" time="0.047" /></testsuite></testsuites>