<?xml version="1.0" encoding="utf-8"?><testsuites name="pytest tests"><testsuite name="pytest" errors="0" failures="0" skipped="0" tests="11" time="7.112" timestamp="2026-05-15T11:04:22.367469+00:00" hostname="agent-env-26db9a0f-ba87-4119-a973-2890ced6742c"><testcase classname="backend.tests.test_iteration_124.TestOpLevelShortClose" name="test_short_close_requires_admin" time="0.784" /><testcase classname="backend.tests.test_iteration_124.TestOpLevelShortClose" name="test_short_close_requires_in_progress_os_operation" time="0.619" /><testcase classname="backend.tests.test_iteration_124.TestOpLevelShortClose" name="test_short_close_invalid_wo" time="0.425" /><testcase classname="backend.tests.test_iteration_124.TestOpLevelShortClose" name="test_short_close_invalid_sequence" time="0.635" /><testcase classname="backend.tests.test_iteration_124.TestOpLevelShortClose" name="test_endpoint_exists_and_returns_proper_structure" time="0.647" /><testcase classname="backend.tests.test_iteration_124.TestWorkOrdersAPI" name="test_get_work_orders" time="0.587" /><testcase classname="backend.tests.test_iteration_124.TestWorkOrdersAPI" name="test_get_single_work_order" time="0.613" /><testcase classname="backend.tests.test_iteration_124.TestSubcontractOrders" name="test_get_subcontract_orders" time="1.123" /><testcase classname="backend.tests.test_iteration_124.TestQuotationsAPI" name="test_get_quotations" time="0.437" /><testcase classname="backend.tests.test_iteration_124.TestQuotationsAPI" name="test_create_quotation_with_multiple_lines" time="0.532" /><testcase classname="backend.tests.test_iteration_124.TestFindOSOperations" name="test_find_in_progress_os_operations" time="0.527" /></testsuite></testsuites>