<?xml version="1.0" encoding="utf-8"?><testsuites name="pytest tests"><testsuite name="pytest" errors="0" failures="0" skipped="0" tests="14" time="6.381" timestamp="2026-04-14T12:43:57.620320+00:00" hostname="agent-env-26db9a0f-ba87-4119-a973-2890ced6742c"><testcase classname="backend.tests.test_mrp_reserve.TestMRPReserve" name="test_01_get_existing_data" time="0.583" /><testcase classname="backend.tests.test_mrp_reserve.TestMRPReserve" name="test_02_create_sales_order_for_fg001" time="0.548" /><testcase classname="backend.tests.test_mrp_reserve.TestMRPReserve" name="test_03_create_manufacturing_order" time="0.482" /><testcase classname="backend.tests.test_mrp_reserve.TestMRPReserve" name="test_04_reserve_materials_for_mo" time="0.433" /><testcase classname="backend.tests.test_mrp_reserve.TestMRPReserve" name="test_05_mrp_demand_shows_reserved_for_mo" time="0.397" /><testcase classname="backend.tests.test_mrp_reserve.TestMRPReserve" name="test_06_mrp_net_calculation_with_reservation" time="0.389" /><testcase classname="backend.tests.test_mrp_reserve.TestMRPReserve" name="test_07_unreserve_materials" time="0.473" /><testcase classname="backend.tests.test_mrp_reserve.TestMRPReserve" name="test_08_mrp_demand_after_unreserve" time="0.449" /><testcase classname="backend.tests.test_mrp_reserve.TestMRPReserve" name="test_09_reserve_again_and_verify" time="0.472" /><testcase classname="backend.tests.test_mrp_reserve.TestMRPReserve" name="test_10_cannot_reserve_already_reserved" time="0.383" /><testcase classname="backend.tests.test_mrp_reserve.TestMRPReserve" name="test_11_mrp_suggestions_only_raw_materials" time="0.380" /><testcase classname="backend.tests.test_mrp_reserve.TestMRPReserve" name="test_12_cleanup_unreserve" time="0.404" /><testcase classname="backend.tests.test_mrp_reserve.TestMRPDemandOnlyRM" name="test_mrp_demand_categories" time="0.465" /><testcase classname="backend.tests.test_mrp_reserve.TestMRPDemandOnlyRM" name="test_mrp_demand_has_reserved_column" time="0.433" /></testsuite></testsuites>