<?xml version="1.0" encoding="utf-8"?><testsuites name="pytest tests"><testsuite name="pytest" errors="0" failures="0" skipped="0" tests="12" time="6.957" timestamp="2026-05-15T10:05:43.750632+00:00" hostname="agent-env-26db9a0f-ba87-4119-a973-2890ced6742c"><testcase classname="backend.tests.test_iteration_123.TestJWShortCloseEndpoint" name="test_short_close_requires_admin" time="2.290" /><testcase classname="backend.tests.test_iteration_123.TestJWShortCloseEndpoint" name="test_short_close_returns_correct_response" time="0.781" /><testcase classname="backend.tests.test_iteration_123.TestJWShortCloseEndpoint" name="test_short_close_updates_sc_status" time="1.535" /><testcase classname="backend.tests.test_iteration_123.TestJWShortCloseEndpoint" name="test_short_close_recall_protection" time="0.810" /><testcase classname="backend.tests.test_iteration_123.TestJWShortCloseEndpoint" name="test_short_close_not_found" time="0.044" /><testcase classname="backend.tests.test_iteration_123.TestJWShortCloseGRNProtection" name="test_grn_lines_not_released" time="0.797" /><testcase classname="backend.tests.test_iteration_123.TestCustomersQuotationFlow" name="test_customers_page_loads" time="0.045" /><testcase classname="backend.tests.test_iteration_123.TestCustomersQuotationFlow" name="test_create_customer_returns_id" time="0.104" /><testcase classname="backend.tests.test_iteration_123.TestSuppliersPoFlow" name="test_suppliers_page_loads" time="0.053" /><testcase classname="backend.tests.test_iteration_123.TestSuppliersPoFlow" name="test_create_supplier_returns_id" time="0.095" /><testcase classname="backend.tests.test_iteration_123.TestQuotationsEndpoint" name="test_quotations_list" time="0.081" /><testcase classname="backend.tests.test_iteration_123.TestPurchaseOrdersEndpoint" name="test_purchase_orders_list" time="0.115" /></testsuite></testsuites>