<?xml version="1.0" encoding="utf-8"?><testsuites name="pytest tests"><testsuite name="pytest" errors="0" failures="0" skipped="0" tests="16" time="7.928" timestamp="2026-04-11T11:24:27.469427+00:00" hostname="agent-env-26db9a0f-ba87-4119-a973-2890ced6742c"><testcase classname="backend.tests.test_user_management.TestUserManagementAuth" name="test_admin_login_includes_permissions" time="0.389" /><testcase classname="backend.tests.test_user_management.TestUserManagementAuth" name="test_auth_me_includes_permissions" time="0.380" /><testcase classname="backend.tests.test_user_management.TestUserManagementAuth" name="test_quality_inspector_login_includes_permissions" time="0.321" /><testcase classname="backend.tests.test_user_management.TestUsersEndpointAdminAccess" name="test_get_users_list" time="0.375" /><testcase classname="backend.tests.test_user_management.TestUsersEndpointAdminAccess" name="test_get_modules_list" time="0.364" /><testcase classname="backend.tests.test_user_management.TestUsersEndpointAdminAccess" name="test_create_user" time="0.657" /><testcase classname="backend.tests.test_user_management.TestUsersEndpointAdminAccess" name="test_update_user" time="0.776" /><testcase classname="backend.tests.test_user_management.TestUsersEndpointAdminAccess" name="test_update_user_password" time="1.265" /><testcase classname="backend.tests.test_user_management.TestUsersEndpointAdminAccess" name="test_delete_user" time="0.672" /><testcase classname="backend.tests.test_user_management.TestUsersEndpointAdminAccess" name="test_admin_cannot_delete_self" time="0.433" /><testcase classname="backend.tests.test_user_management.TestNonAdminAccessDenied" name="test_quality_cannot_get_users" time="0.387" /><testcase classname="backend.tests.test_user_management.TestNonAdminAccessDenied" name="test_quality_cannot_create_user" time="0.368" /><testcase classname="backend.tests.test_user_management.TestNonAdminAccessDenied" name="test_quality_cannot_update_user" time="0.368" /><testcase classname="backend.tests.test_user_management.TestNonAdminAccessDenied" name="test_quality_cannot_delete_user" time="0.363" /><testcase classname="backend.tests.test_user_management.TestNonAdminAccessDenied" name="test_quality_can_get_modules" time="0.395" /><testcase classname="backend.tests.test_user_management.TestQualityInspectorPermissions" name="test_quality_inspector_permissions_structure" time="0.331" /></testsuite></testsuites>