<?xml version="1.0" encoding="utf-8"?><testsuites name="pytest tests"><testsuite name="pytest" errors="0" failures="0" skipped="0" tests="7" time="9.664" timestamp="2026-05-14T10:19:59.335034+00:00" hostname="agent-env-26db9a0f-ba87-4119-a973-2890ced6742c"><testcase classname="backend.tests.test_iteration_113_completed_sc_self_heal.TestCompletedSCSelfHeal" name="test_completed_sc_job_card_os_self_heals_charges" time="1.486" /><testcase classname="backend.tests.test_iteration_113_completed_sc_self_heal.TestCompletedSCSelfHeal" name="test_closed_sc_job_card_os_self_heals_charges" time="1.489" /><testcase classname="backend.tests.test_iteration_113_completed_sc_self_heal.TestCompletedSCSelfHeal" name="test_sent_sc_job_card_os_self_heals_charges" time="1.305" /><testcase classname="backend.tests.test_iteration_113_completed_sc_self_heal.TestCompletedSCSelfHeal" name="test_self_heal_preserves_when_routing_not_found" time="1.345" /><testcase classname="backend.tests.test_iteration_113_completed_sc_self_heal.TestFullMOSCIsLiveGating" name="test_completed_full_mo_sc_preserves_charges" time="1.298" /><testcase classname="backend.tests.test_iteration_113_completed_sc_self_heal.TestFullMOSCIsLiveGating" name="test_draft_full_mo_sc_auto_refreshes_charges" time="1.283" /><testcase classname="backend.tests.test_iteration_113_completed_sc_self_heal.TestBomRollupIsLiveGating" name="test_completed_sc_preserves_bom_rollup_cost" time="1.363" /></testsuite></testsuites>