<?xml version="1.0" encoding="utf-8"?><testsuites name="pytest tests"><testsuite name="pytest" errors="0" failures="0" skipped="1" tests="14" time="3.676" timestamp="2026-04-16T21:05:02.361432+00:00" hostname="agent-env-26db9a0f-ba87-4119-a973-2890ced6742c"><testcase classname="backend.tests.test_grn_double_stock_and_wip_calculation.TestBug1_GRNDoubleStock" name="test_01_create_mo_for_sc" time="0.774" /><testcase classname="backend.tests.test_grn_double_stock_and_wip_calculation.TestBug1_GRNDoubleStock" name="test_02_mark_mo_as_subcontract_without_material" time="0.122" /><testcase classname="backend.tests.test_grn_double_stock_and_wip_calculation.TestBug1_GRNDoubleStock" name="test_03_create_sc_order" time="0.060" /><testcase classname="backend.tests.test_grn_double_stock_and_wip_calculation.TestBug1_GRNDoubleStock" name="test_04_create_po_from_sc" time="0.064" /><testcase classname="backend.tests.test_grn_double_stock_and_wip_calculation.TestBug1_GRNDoubleStock" name="test_05_verify_initial_stock_is_zero" time="0.071" /><testcase classname="backend.tests.test_grn_double_stock_and_wip_calculation.TestBug1_GRNDoubleStock" name="test_06_receive_grn_and_verify_no_double_stock" time="0.125" /><testcase classname="backend.tests.test_grn_double_stock_and_wip_calculation.TestBug1_GRNDoubleStock" name="test_07_verify_mo_completed" time="0.242" /><testcase classname="backend.tests.test_grn_double_stock_and_wip_calculation.TestBug2_WIPStockCalculation" name="test_01_create_first_fg_mo" time="0.459" /><testcase classname="backend.tests.test_grn_double_stock_and_wip_calculation.TestBug2_WIPStockCalculation" name="test_02_complete_child_sg_mo" time="0.057"><skipped type="pytest.skip" message="Full MO completion requires job card workflow - WIP calculation tested in test_03 and test_05">/app/backend/tests/test_grn_double_stock_and_wip_calculation.py:483: Full MO completion requires job card workflow - WIP calculation tested in test_03 and test_05</skipped></testcase><testcase classname="backend.tests.test_grn_double_stock_and_wip_calculation.TestBug2_WIPStockCalculation" name="test_03_create_second_fg_mo_should_still_create_child" time="0.182" /><testcase classname="backend.tests.test_grn_double_stock_and_wip_calculation.TestBug2_WIPStockCalculation" name="test_04_cancel_mo1_releases_wip" time="0.112" /><testcase classname="backend.tests.test_grn_double_stock_and_wip_calculation.TestBug2_WIPStockCalculation" name="test_05_create_third_fg_mo_should_skip_child" time="0.378" /><testcase classname="backend.tests.test_grn_double_stock_and_wip_calculation.TestRegression" name="test_login_works" time="0.080" /><testcase classname="backend.tests.test_grn_double_stock_and_wip_calculation.TestRegression" name="test_with_material_sc_no_double_stock" time="0.850" /></testsuite></testsuites>