<?xml version="1.0" encoding="utf-8"?><testsuites name="pytest tests"><testsuite name="pytest" errors="0" failures="0" skipped="0" tests="7" time="4.088" timestamp="2026-04-26T07:51:49.302550+00:00" hostname="agent-env-26db9a0f-ba87-4119-a973-2890ced6742c"><testcase classname="backend.tests.test_iteration_78_stock_fields.TestStockFieldsEndpoint" name="test_update_stock_fields_decimal_values" time="0.715" /><testcase classname="backend.tests.test_iteration_78_stock_fields.TestStockFieldsEndpoint" name="test_update_current_stock_creates_transaction" time="0.572" /><testcase classname="backend.tests.test_iteration_78_stock_fields.TestStockFieldsEndpoint" name="test_whitelist_blocks_non_stock_fields" time="0.593" /><testcase classname="backend.tests.test_iteration_78_stock_fields.TestStockFieldsEndpoint" name="test_empty_payload_returns_400" time="0.578" /><testcase classname="backend.tests.test_iteration_78_stock_fields.TestStockFieldsEndpoint" name="test_bad_item_id_returns_404" time="0.584" /><testcase classname="backend.tests.test_iteration_78_stock_fields.TestInventoryLimit" name="test_inventory_returns_all_items" time="0.474" /><testcase classname="backend.tests.test_iteration_78_stock_fields.TestItemsEndpointLimit" name="test_items_returns_all" time="0.397" /></testsuite></testsuites>