<?xml version="1.0" encoding="utf-8"?><testsuites name="pytest tests"><testsuite name="pytest" errors="0" failures="1" skipped="0" tests="15" time="10.552" timestamp="2026-05-11T19:12:32.540591+00:00" hostname="agent-env-26db9a0f-ba87-4119-a973-2890ced6742c"><testcase classname="backend.tests.test_iteration_99_variant_inheritance.TestEffectiveVariantsEndpoint" name="test_effective_variants_component_returns_own" time="0.566" /><testcase classname="backend.tests.test_iteration_99_variant_inheritance.TestEffectiveVariantsEndpoint" name="test_effective_variants_fg_returns_inherited" time="0.167" /><testcase classname="backend.tests.test_iteration_99_variant_inheritance.TestEffectiveVariantsEndpoint" name="test_effective_variants_item_without_variants_returns_none" time="0.186" /><testcase classname="backend.tests.test_iteration_99_variant_inheritance.TestEffectiveVariantsEndpoint" name="test_effective_variants_nonexistent_item_returns_404" time="0.278" /><testcase classname="backend.tests.test_iteration_99_variant_inheritance.TestPreviewVariantsWithInheritance" name="test_preview_variants_fg_with_inherited" time="1.006" /><testcase classname="backend.tests.test_iteration_99_variant_inheritance.TestGenerateVariantsWithInheritance" name="test_generate_variants_fg_with_inherited" time="1.048" /><testcase classname="backend.tests.test_iteration_99_variant_inheritance.TestRecursiveInheritance" name="test_fg_inherits_from_sg_sub_bom" time="0.948" /><testcase classname="backend.tests.test_iteration_99_variant_inheritance.TestMergeDeduplicateVariants" name="test_inherited_variants_merged_and_deduplicated" time="0.908" /><testcase classname="backend.tests.test_iteration_99_variant_inheritance.TestWOCompletionVariantCredit" name="test_wo_completion_credits_variant_child_sku" time="1.678"><failure message="AssertionError: Failed to create MO: {&quot;detail&quot;:&quot;Variant attribute 'Power' is not defined on this item&quot;}&#10;assert 400 in [200, 201]&#10; +  where 400 = &lt;Response [400]&gt;.status_code">backend/tests/test_iteration_99_variant_inheritance.py:717: in test_wo_completion_credits_variant_child_sku
    assert mo_resp.status_code in [200, 201], f"Failed to create MO: {mo_resp.text}"
E   AssertionError: Failed to create MO: {"detail":"Variant attribute 'Power' is not defined on this item"}
E   assert 400 in [200, 201]
E    +  where 400 = &lt;Response [400]&gt;.status_code</failure></testcase><testcase classname="backend.tests.test_iteration_99_variant_inheritance.TestLegacyOwnVariantsRegression" name="test_legacy_fg_effective_variants_returns_own" time="0.442" /><testcase classname="backend.tests.test_iteration_99_variant_inheritance.TestLegacyOwnVariantsRegression" name="test_legacy_fg_preview_uses_own" time="0.049" /><testcase classname="backend.tests.test_iteration_99_variant_inheritance.TestLegacyOwnVariantsRegression" name="test_legacy_fg_generate_uses_own" time="0.291" /><testcase classname="backend.tests.test_iteration_99_variant_inheritance.TestBOMCRUDRegression" name="test_bom_crud_still_works" time="0.961" /><testcase classname="backend.tests.test_iteration_99_variant_inheritance.TestSOCRUDRegression" name="test_so_crud_with_variant_selection" time="1.198" /><testcase classname="backend.tests.test_iteration_99_variant_inheritance.TestItemCRUDRegression" name="test_item_crud_still_works" time="0.548" /></testsuite></testsuites>