<?xml version="1.0" encoding="utf-8"?><testsuites name="pytest tests"><testsuite name="pytest" errors="0" failures="0" skipped="0" tests="4" time="7.419" timestamp="2026-05-11T05:23:26.358423+00:00" hostname="agent-env-26db9a0f-ba87-4119-a973-2890ced6742c"><testcase classname="backend.tests.test_mto_mts_shortage_qty_fix.TestMTOMTSShortageQtyFix" name="test_scenario_a_parent_sg_fully_in_stock" time="1.885" /><testcase classname="backend.tests.test_mto_mts_shortage_qty_fix.TestMTOMTSShortageQtyFix" name="test_scenario_b_parent_sg_partially_in_stock" time="1.815" /><testcase classname="backend.tests.test_mto_mts_shortage_qty_fix.TestMTOMTSShortageQtyFix" name="test_scenario_c_parent_sg_not_in_stock" time="2.225" /><testcase classname="backend.tests.test_mto_mts_shortage_qty_fix.TestMTOMTSShortageQtyFix" name="test_regression_non_sg_components_still_work" time="1.411" /></testsuite></testsuites>