<?xml version="1.0" encoding="utf-8"?><testsuites name="pytest tests"><testsuite name="pytest" errors="0" failures="0" skipped="0" tests="13" time="6.421" timestamp="2026-05-18T06:07:34.608028+00:00" hostname="agent-env-26db9a0f-ba87-4119-a973-2890ced6742c"><testcase classname="backend.tests.test_iteration_136_round6.TestRound6Fixes" name="test_short_close_endpoint_exists" time="0.469" /><testcase classname="backend.tests.test_iteration_136_round6.TestRound6Fixes" name="test_short_close_no_grn_endpoint_exists" time="0.385" /><testcase classname="backend.tests.test_iteration_136_round6.TestRound6Fixes" name="test_get_work_orders_returns_os_runs_with_sc_info" time="0.572" /><testcase classname="backend.tests.test_iteration_136_round6.TestRound6Fixes" name="test_find_wo_with_os_operation" time="0.535" /><testcase classname="backend.tests.test_iteration_136_round6.TestRound6Fixes" name="test_per_vendor_revoke_requires_run_number" time="0.579" /><testcase classname="backend.tests.test_iteration_136_round6.TestRound6Fixes" name="test_per_vendor_short_close_no_grn_requires_run_number" time="0.601" /><testcase classname="backend.tests.test_iteration_136_round6.TestPermissionRelaxation" name="test_get_users_with_manufacturing_edit_permission" time="0.414" /><testcase classname="backend.tests.test_iteration_136_round6.TestPermissionRelaxation" name="test_permission_check_in_short_close_endpoint" time="0.371" /><testcase classname="backend.tests.test_iteration_136_round6.TestBackfillPerRunSCInfo" name="test_backfill_fields_present_on_os_runs" time="0.542" /><testcase classname="backend.tests.test_iteration_136_round6.TestFGMOSummaryBand" name="test_work_orders_data_for_summary_calculation" time="0.509" /><testcase classname="backend.tests.test_iteration_136_round6.TestMultiVendorScenario" name="test_find_suppliers_for_multi_vendor_test" time="0.381" /><testcase classname="backend.tests.test_iteration_136_round6.TestMultiVendorScenario" name="test_find_pending_os_op_for_multi_vendor" time="0.554" /><testcase classname="backend.tests.test_iteration_136_round6.TestResponseFormat" name="test_per_vendor_response_fields_documented" time="0.318" /></testsuite></testsuites>