<?xml version="1.0" encoding="utf-8"?><testsuites name="pytest tests"><testsuite name="pytest" errors="0" failures="0" skipped="0" tests="10" time="1.320" timestamp="2026-04-11T07:44:53.645717+00:00" hostname="agent-env-26db9a0f-ba87-4119-a973-2890ced6742c"><testcase classname="backend.tests.test_mrp_bom_fixes.TestMRPDemandCalculation" name="test_mrp_demand_returns_all_bom_levels" time="0.373" /><testcase classname="backend.tests.test_mrp_bom_fixes.TestMRPDemandCalculation" name="test_mrp_demand_calculates_correct_quantities" time="0.047" /><testcase classname="backend.tests.test_mrp_bom_fixes.TestMRPDemandCalculation" name="test_mrp_suggestions_include_recursive_demand" time="0.051" /><testcase classname="backend.tests.test_mrp_bom_fixes.TestBOMCreationWithComponent" name="test_bom_parent_item_dropdown_includes_components" time="0.045" /><testcase classname="backend.tests.test_mrp_bom_fixes.TestBOMCreationWithComponent" name="test_create_bom_with_component_parent" time="0.174" /><testcase classname="backend.tests.test_mrp_bom_fixes.TestBOMCreationWithComponent" name="test_create_bom_with_component_parent_and_components" time="0.208" /><testcase classname="backend.tests.test_mrp_bom_fixes.TestBOMExplosion" name="test_bom_explosion_shows_multi_level" time="0.095" /><testcase classname="backend.tests.test_mrp_bom_fixes.TestBOMExplosion" name="test_bom_explosion_levels" time="0.092" /><testcase classname="backend.tests.test_mrp_bom_fixes.TestExistingBOMsNotAffected" name="test_existing_boms_still_work" time="0.042" /><testcase classname="backend.tests.test_mrp_bom_fixes.TestExistingBOMsNotAffected" name="test_existing_bom_details" time="0.131" /></testsuite></testsuites>