<?xml version="1.0" encoding="utf-8"?><testsuites name="pytest tests"><testsuite name="pytest" errors="0" failures="0" skipped="1" tests="11" time="5.217" timestamp="2026-04-12T14:50:46.516143+00:00" hostname="agent-env-26db9a0f-ba87-4119-a973-2890ced6742c"><testcase classname="backend.tests.test_mo_subcontracting_fixes.TestMOSubcontractingFixes" name="test_operations_remain_pending_after_mo_start" time="0.580"><skipped type="pytest.skip" message="No pending MO available and couldn't create one">/app/backend/tests/test_mo_subcontracting_fixes.py:87: No pending MO available and couldn't create one</skipped></testcase><testcase classname="backend.tests.test_mo_subcontracting_fixes.TestMOSubcontractingFixes" name="test_mo_cannot_complete_with_incomplete_operations" time="0.451" /><testcase classname="backend.tests.test_mo_subcontracting_fixes.TestMOSubcontractingFixes" name="test_mo_cannot_complete_with_partial_quantity" time="0.431" /><testcase classname="backend.tests.test_mo_subcontracting_fixes.TestMOSubcontractingFixes" name="test_outsourced_operation_cannot_complete_without_receipt" time="0.433" /><testcase classname="backend.tests.test_mo_subcontracting_fixes.TestMOSubcontractingFixes" name="test_mo_cannot_complete_with_unreceived_outsourced_materials" time="0.434" /><testcase classname="backend.tests.test_mo_subcontracting_fixes.TestMOSubcontractingFixes" name="test_outsource_creates_sc_order_with_materials" time="0.631" /><testcase classname="backend.tests.test_mo_subcontracting_fixes.TestMOSubcontractingFixes" name="test_receipt_updates_linked_wo_operation" time="0.613" /><testcase classname="backend.tests.test_mo_subcontracting_fixes.TestMOSubcontractingFixes" name="test_operation_start_requires_operator_or_supplier" time="0.428" /><testcase classname="backend.tests.test_mo_subcontracting_fixes.TestExistingWorkOrderData" name="test_get_work_orders_list" time="0.383" /><testcase classname="backend.tests.test_mo_subcontracting_fixes.TestExistingWorkOrderData" name="test_get_job_work_orders" time="0.389" /><testcase classname="backend.tests.test_mo_subcontracting_fixes.TestExistingWorkOrderData" name="test_verify_mo_008_operations_status" time="0.381" /></testsuite></testsuites>