<?xml version="1.0" encoding="utf-8"?><testsuites name="pytest tests"><testsuite name="pytest" errors="0" failures="0" skipped="0" tests="9" time="7.503" timestamp="2026-05-12T11:02:21.248149+00:00" hostname="agent-env-26db9a0f-ba87-4119-a973-2890ced6742c"><testcase classname="backend.tests.test_iteration_106_mo_cancel_cascade_preview_permission.TestMOCancelCascade" name="test_cancel_main_mo_cascades_to_child_wo" time="1.279" /><testcase classname="backend.tests.test_iteration_106_mo_cancel_cascade_preview_permission.TestMOCancelCascade" name="test_cancel_releases_child_reservations" time="0.432" /><testcase classname="backend.tests.test_iteration_106_mo_cancel_cascade_preview_permission.TestMOCancelCascade" name="test_completed_child_wo_stays_completed" time="0.823" /><testcase classname="backend.tests.test_iteration_106_mo_cancel_cascade_preview_permission.TestMultiLevelCancelCascade" name="test_multi_level_cancel_cascade" time="1.432" /><testcase classname="backend.tests.test_iteration_106_mo_cancel_cascade_preview_permission.TestPreviewPermission" name="test_view_only_user_can_preview" time="1.558" /><testcase classname="backend.tests.test_iteration_106_mo_cancel_cascade_preview_permission.TestPreviewPermission" name="test_view_only_user_cannot_actual_start" time="0.404" /><testcase classname="backend.tests.test_iteration_106_mo_cancel_cascade_preview_permission.TestPreviewPermission" name="test_admin_can_do_both" time="0.419" /><testcase classname="backend.tests.test_iteration_106_mo_cancel_cascade_preview_permission.TestRegressionExistingTests" name="test_basic_api_health" time="0.982" /><testcase classname="backend.tests.test_iteration_106_mo_cancel_cascade_preview_permission.TestRegressionExistingTests" name="test_auth_me_endpoint" time="0.064" /></testsuite></testsuites>