<?xml version="1.0" encoding="utf-8"?><testsuites name="pytest tests"><testsuite name="pytest" errors="0" failures="0" skipped="0" tests="15" time="7.838" timestamp="2026-04-11T12:34:03.178149+00:00" hostname="agent-env-26db9a0f-ba87-4119-a973-2890ced6742c"><testcase classname="backend.tests.test_po_enhancements.TestPOChargeTypes" name="test_get_po_charges" time="0.509" /><testcase classname="backend.tests.test_po_enhancements.TestPOChargeTypes" name="test_create_po_charge_type" time="0.417" /><testcase classname="backend.tests.test_po_enhancements.TestPOChargeTypes" name="test_update_po_charge_type" time="0.420" /><testcase classname="backend.tests.test_po_enhancements.TestPOChargeTypes" name="test_delete_po_charge_type" time="0.469" /><testcase classname="backend.tests.test_po_enhancements.TestWarehouseAddress" name="test_create_warehouse_with_address" time="0.383" /><testcase classname="backend.tests.test_po_enhancements.TestWarehouseAddress" name="test_update_warehouse_address" time="0.506" /><testcase classname="backend.tests.test_po_enhancements.TestPOCreateWithNewFields" name="test_create_po_with_quotation_ref_and_date" time="0.506" /><testcase classname="backend.tests.test_po_enhancements.TestPOCreateWithNewFields" name="test_create_po_with_delivery_warehouse" time="0.510" /><testcase classname="backend.tests.test_po_enhancements.TestPOCreateWithNewFields" name="test_create_po_with_line_discount_percentage" time="0.491" /><testcase classname="backend.tests.test_po_enhancements.TestPOCreateWithNewFields" name="test_create_po_with_line_discount_amount" time="0.462" /><testcase classname="backend.tests.test_po_enhancements.TestPOAdditionalCharges" name="test_create_po_with_additional_charges" time="0.575" /><testcase classname="backend.tests.test_po_enhancements.TestPOEditAndRevision" name="test_edit_draft_po" time="0.552" /><testcase classname="backend.tests.test_po_enhancements.TestPOEditAndRevision" name="test_edit_sent_po_creates_revision" time="0.658" /><testcase classname="backend.tests.test_po_enhancements.TestPOEditAndRevision" name="test_cannot_edit_received_po" time="0.672" /><testcase classname="backend.tests.test_po_enhancements.TestPOTotalCalculations" name="test_po_totals_with_discount_and_charges" time="0.516" /></testsuite></testsuites>