<?xml version="1.0" encoding="utf-8"?><testsuites name="pytest tests"><testsuite name="pytest" errors="0" failures="1" skipped="1" tests="9" time="5.364" timestamp="2026-04-12T16:52:42.620899+00:00" hostname="agent-env-26db9a0f-ba87-4119-a973-2890ced6742c"><testcase classname="backend.tests.test_sc_type_and_auto_complete.TestSCTypeAndAutoComplete" name="test_01_login_and_get_data" time="0.687" /><testcase classname="backend.tests.test_sc_type_and_auto_complete.TestSCTypeAndAutoComplete" name="test_02_create_mo_with_subcontract_type_with_material" time="0.578" /><testcase classname="backend.tests.test_sc_type_and_auto_complete.TestSCTypeAndAutoComplete" name="test_03_create_mo_with_subcontract_type_without_material" time="0.644" /><testcase classname="backend.tests.test_sc_type_and_auto_complete.TestSCTypeAndAutoComplete" name="test_04_start_mo_with_material_consumes_stock_creates_dc" time="0.591" /><testcase classname="backend.tests.test_sc_type_and_auto_complete.TestSCTypeAndAutoComplete" name="test_05_start_mo_without_material_no_stock_consumed_no_dc" time="0.651" /><testcase classname="backend.tests.test_sc_type_and_auto_complete.TestSCTypeAndAutoComplete" name="test_06_update_mo_to_subcontract_with_type" time="0.422"><skipped type="pytest.skip" message="No in_progress non-SC MO available to test">/app/backend/tests/test_sc_type_and_auto_complete.py:331: No in_progress non-SC MO available to test</skipped></testcase><testcase classname="backend.tests.test_sc_type_and_auto_complete.TestSCTypeAndAutoComplete" name="test_07_mo_auto_complete_on_sc_receipt" time="0.881"><failure message="AssertionError: Expected FG stock increase of 2, got 4.0&#10;assert 4.0 == 2">backend/tests/test_sc_type_and_auto_complete.py:470: in test_07_mo_auto_complete_on_sc_receipt
    assert actual_increase == expected_increase, f"Expected FG stock increase of {expected_increase}, got {actual_increase}"
E   AssertionError: Expected FG stock increase of 2, got 4.0
E   assert 4.0 == 2</failure></testcase><testcase classname="backend.tests.test_sc_type_and_auto_complete.TestSCTypeAndAutoComplete" name="test_08_verify_subcontract_type_stored_in_work_orders" time="0.415" /><testcase classname="backend.tests.test_sc_type_and_auto_complete.TestSCTypeAndAutoComplete" name="test_09_verify_subcontract_type_stored_in_sc_orders" time="0.400" /></testsuite></testsuites>