<?xml version="1.0" encoding="utf-8"?><testsuites name="pytest tests"><testsuite name="pytest" errors="0" failures="0" skipped="0" tests="20" time="5.646" timestamp="2026-04-18T08:50:06.700140+00:00" hostname="agent-env-26db9a0f-ba87-4119-a973-2890ced6742c"><testcase classname="backend.tests.test_job_os_regressions.TestJobOSConsolidationCharges" name="test_01_login" time="0.418" /><testcase classname="backend.tests.test_job_os_regressions.TestJobOSConsolidationCharges" name="test_02_create_test_items" time="0.106" /><testcase classname="backend.tests.test_job_os_regressions.TestJobOSConsolidationCharges" name="test_03_create_supplier" time="0.046" /><testcase classname="backend.tests.test_job_os_regressions.TestJobOSConsolidationCharges" name="test_04_create_routing" time="0.050" /><testcase classname="backend.tests.test_job_os_regressions.TestJobOSConsolidationCharges" name="test_05_create_bom" time="0.044" /><testcase classname="backend.tests.test_job_os_regressions.TestJobOSConsolidationCharges" name="test_06_create_production_orders" time="0.209" /><testcase classname="backend.tests.test_job_os_regressions.TestJobOSConsolidationCharges" name="test_07_create_work_orders" time="0.099" /><testcase classname="backend.tests.test_job_os_regressions.TestJobOSConsolidationCharges" name="test_08_start_work_orders" time="0.096" /><testcase classname="backend.tests.test_job_os_regressions.TestJobOSConsolidationCharges" name="test_09_outsource_first_operation_with_charges" time="0.476" /><testcase classname="backend.tests.test_job_os_regressions.TestJobOSConsolidationCharges" name="test_10_outsource_second_operation_same_item_same_supplier" time="0.462" /><testcase classname="backend.tests.test_job_os_regressions.TestJobOSConsolidationCharges" name="test_11_verify_dc_not_created_allows_consolidation" time="0.366" /><testcase classname="backend.tests.test_job_os_regressions.TestDCCreatedBlocksConsolidation" name="test_01_login" time="0.335" /><testcase classname="backend.tests.test_job_os_regressions.TestDCCreatedBlocksConsolidation" name="test_02_create_test_items" time="0.093" /><testcase classname="backend.tests.test_job_os_regressions.TestDCCreatedBlocksConsolidation" name="test_03_create_supplier" time="0.049" /><testcase classname="backend.tests.test_job_os_regressions.TestDCCreatedBlocksConsolidation" name="test_04_create_routing_bom_po_wo" time="0.407" /><testcase classname="backend.tests.test_job_os_regressions.TestDCCreatedBlocksConsolidation" name="test_05_start_wo1_and_outsource" time="0.540" /><testcase classname="backend.tests.test_job_os_regressions.TestDCCreatedBlocksConsolidation" name="test_06_send_dc_for_sc" time="0.437" /><testcase classname="backend.tests.test_job_os_regressions.TestDCCreatedBlocksConsolidation" name="test_07_outsource_wo2_creates_new_sc" time="0.544" /><testcase classname="backend.tests.test_job_os_regressions.TestSendDCButtonVisibility" name="test_01_login" time="0.352" /><testcase classname="backend.tests.test_job_os_regressions.TestSendDCButtonVisibility" name="test_02_verify_job_os_sc_conditions" time="0.440" /></testsuite></testsuites>