<?xml version="1.0" encoding="utf-8"?><testsuites name="pytest tests"><testsuite name="pytest" errors="0" failures="0" skipped="0" tests="4" time="7.111" timestamp="2026-05-12T12:56:26.651853+00:00" hostname="agent-env-26db9a0f-ba87-4119-a973-2890ced6742c"><testcase classname="backend.tests.test_iteration_107_contextual_variant_propagation.TestContextualVariantPropagation" name="test_contextual_variant_propagation" time="2.497" /><testcase classname="backend.tests.test_iteration_107_contextual_variant_propagation.TestAxisFiltering" name="test_axis_filtering_multi_axis_mo" time="3.197" /><testcase classname="backend.tests.test_iteration_107_contextual_variant_propagation.TestRegressionExistingTests" name="test_basic_api_health" time="1.244" /><testcase classname="backend.tests.test_iteration_107_contextual_variant_propagation.TestRegressionExistingTests" name="test_auth_me_endpoint" time="0.072" /></testsuite></testsuites>