<?xml version="1.0" encoding="utf-8"?><testsuites name="pytest tests"><testsuite name="pytest" errors="0" failures="0" skipped="0" tests="9" time="4.682" timestamp="2026-05-06T07:58:02.597827+00:00" hostname="agent-env-26db9a0f-ba87-4119-a973-2890ced6742c"><testcase classname="backend.tests.test_iteration_87_uom_decimal_places.TestUOMDecimalPlaces" name="test_create_uom_with_decimal_places_3" time="0.615" /><testcase classname="backend.tests.test_iteration_87_uom_decimal_places.TestUOMDecimalPlaces" name="test_create_uom_decimal_places_clamped_to_6" time="0.481" /><testcase classname="backend.tests.test_iteration_87_uom_decimal_places.TestUOMDecimalPlaces" name="test_create_uom_decimal_places_clamped_to_0" time="0.488" /><testcase classname="backend.tests.test_iteration_87_uom_decimal_places.TestUOMDecimalPlaces" name="test_create_uom_without_decimal_places_defaults_to_2" time="0.489" /><testcase classname="backend.tests.test_iteration_87_uom_decimal_places.TestUOMDecimalPlaces" name="test_update_uom_decimal_places_persists" time="0.592" /><testcase classname="backend.tests.test_iteration_87_uom_decimal_places.TestUOMDecimalPlaces" name="test_get_uoms_backfills_decimal_places" time="0.426" /><testcase classname="backend.tests.test_iteration_87_uom_decimal_places.TestUOMDecimalPlaces" name="test_standard_uoms_exist" time="0.436" /><testcase classname="backend.tests.test_iteration_87_uom_decimal_places.TestUOMIntegration" name="test_inventory_items_have_uom" time="0.475" /><testcase classname="backend.tests.test_iteration_87_uom_decimal_places.TestUOMIntegration" name="test_bom_components_have_uom" time="0.502" /></testsuite></testsuites>