<?xml version="1.0" encoding="utf-8"?><testsuites name="pytest tests"><testsuite name="pytest" errors="0" failures="0" skipped="0" tests="9" time="1.665" timestamp="2026-04-17T07:29:20.219644+00:00" hostname="agent-env-26db9a0f-ba87-4119-a973-2890ced6742c"><testcase classname="tests.test_routing_redesign.TestRoutingSimplified" name="test_create_routing_simple" time="0.581" /><testcase classname="tests.test_routing_redesign.TestRoutingSimplified" name="test_get_routings_returns_operation_types" time="0.054" /><testcase classname="tests.test_routing_redesign.TestRoutingSimplified" name="test_update_routing" time="0.049" /><testcase classname="tests.test_routing_redesign.TestBOMWithOperations" name="test_create_bom_with_operations" time="0.053" /><testcase classname="tests.test_routing_redesign.TestBOMWithOperations" name="test_update_bom_operations" time="0.091" /><testcase classname="tests.test_routing_redesign.TestMOCreationWithBOMOperations" name="test_create_production_order" time="0.045" /><testcase classname="tests.test_routing_redesign.TestMOCreationWithBOMOperations" name="test_create_mo_gets_operations_from_bom" time="0.052" /><testcase classname="tests.test_routing_redesign.TestLoginAndAuth" name="test_login_admin" time="0.334" /><testcase classname="tests.test_routing_redesign.TestCleanup" name="test_cleanup" time="0.321" /></testsuite></testsuites>