<?xml version="1.0" encoding="utf-8"?><testsuites name="pytest tests"><testsuite name="pytest" errors="0" failures="1" skipped="0" tests="12" time="1.406" timestamp="2026-04-12T15:39:48.249803+00:00" hostname="agent-env-26db9a0f-ba87-4119-a973-2890ced6742c"><testcase classname="backend.tests.test_four_bug_fixes_v2.TestBug1_SCOrderCreationForPARTItems" name="test_get_production_orders_returns_mo_qty_created" time="0.481" /><testcase classname="backend.tests.test_four_bug_fixes_v2.TestBug1_SCOrderCreationForPARTItems" name="test_get_work_orders_with_subcontract_flag" time="0.057" /><testcase classname="backend.tests.test_four_bug_fixes_v2.TestBug1_SCOrderCreationForPARTItems" name="test_get_job_work_orders" time="0.060" /><testcase classname="backend.tests.test_four_bug_fixes_v2.TestBug3_PartialQtyMOFromSO" name="test_production_orders_have_mo_qty_created" time="0.046" /><testcase classname="backend.tests.test_four_bug_fixes_v2.TestBug3_PartialQtyMOFromSO" name="test_so_with_partial_mo_coverage" time="0.050" /><testcase classname="backend.tests.test_four_bug_fixes_v2.TestBug4_BlockSOEditWhenFullQtyCovered" name="test_find_so_with_full_mo_coverage" time="0.048" /><testcase classname="backend.tests.test_four_bug_fixes_v2.TestBug4_BlockSOEditWhenFullQtyCovered" name="test_backend_blocks_edit_when_full_qty_covered" time="0.100" /><testcase classname="backend.tests.test_four_bug_fixes_v2.TestBug4_BlockSOEditWhenFullQtyCovered" name="test_so_000005_should_not_be_editable" time="0.099" /><testcase classname="backend.tests.test_four_bug_fixes_v2.TestBug2_HideJobCardCompleteForSubcontractMO" name="test_subcontract_mo_has_is_subcontract_flag" time="0.054" /><testcase classname="backend.tests.test_four_bug_fixes_v2.TestBug2_HideJobCardCompleteForSubcontractMO" name="test_subcontract_mo_status_transitions" time="0.053" /><testcase classname="backend.tests.test_four_bug_fixes_v2.TestCreateSubcontractMOAndVerifySCOrder" name="test_create_and_start_subcontract_mo" time="0.197"><failure message="KeyError: 'id'">backend/tests/test_four_bug_fixes_v2.py:306: in test_create_and_start_subcontract_mo
    mo_id = mo["id"]
            ^^^^^^^^
E   KeyError: 'id'</failure></testcase><testcase classname="backend.tests.test_four_bug_fixes_v2.TestMOQtyColumnFormat" name="test_mo_qty_format_data_available" time="0.050" /></testsuite></testsuites>