<?xml version="1.0" encoding="utf-8"?><testsuites name="pytest tests"><testsuite name="pytest" errors="0" failures="0" skipped="0" tests="13" time="5.780" timestamp="2026-04-11T06:47:13.857908+00:00" hostname="agent-env-26db9a0f-ba87-4119-a973-2890ced6742c"><testcase classname="backend.tests.test_work_orders.TestWorkOrderCreation" name="test_01_login_and_auth" time="0.453" /><testcase classname="backend.tests.test_work_orders.TestWorkOrderCreation" name="test_02_get_routings" time="0.385" /><testcase classname="backend.tests.test_work_orders.TestWorkOrderCreation" name="test_03_get_production_orders" time="0.366" /><testcase classname="backend.tests.test_work_orders.TestWorkOrderCreation" name="test_04_create_work_order_always_creates_main_wo" time="0.493" /><testcase classname="backend.tests.test_work_orders.TestWorkOrderCreation" name="test_05_child_work_orders_created_for_items_with_routings" time="0.359" /><testcase classname="backend.tests.test_work_orders.TestWorkOrderCreation" name="test_06_get_work_orders_with_hierarchy" time="0.389" /><testcase classname="backend.tests.test_work_orders.TestWorkOrderCreation" name="test_07_start_work_order_consumes_materials" time="0.494" /><testcase classname="backend.tests.test_work_orders.TestWorkOrderCreation" name="test_08_complete_work_order_updates_stock" time="0.538" /><testcase classname="backend.tests.test_work_orders.TestWorkOrderCreation" name="test_09_existing_work_orders_not_affected" time="0.438" /><testcase classname="backend.tests.test_work_orders.TestWorkOrderEdgeCases" name="test_create_wo_with_invalid_routing" time="0.405" /><testcase classname="backend.tests.test_work_orders.TestWorkOrderEdgeCases" name="test_create_wo_with_invalid_production_order" time="0.418" /><testcase classname="backend.tests.test_work_orders.TestWorkOrderEdgeCases" name="test_start_already_started_wo" time="0.437" /><testcase classname="backend.tests.test_work_orders.TestWorkOrderEdgeCases" name="test_complete_pending_wo" time="0.429" /></testsuite></testsuites>