<?xml version="1.0" encoding="utf-8"?><testsuites name="pytest tests"><testsuite name="pytest" errors="0" failures="0" skipped="0" tests="4" time="8.848" timestamp="2026-04-16T12:23:02.409377+00:00" hostname="agent-env-26db9a0f-ba87-4119-a973-2890ced6742c"><testcase classname="backend.tests.test_sc_update_preserve_lines.TestSCUpdatePreserveLines" name="test_sc_update_preserves_smart_resolved_lines" time="2.546" /><testcase classname="backend.tests.test_sc_update_preserve_lines.TestSCUpdatePreserveLines" name="test_manual_sc_order_recalculates_lines_on_update" time="0.665" /><testcase classname="backend.tests.test_sc_update_preserve_lines.TestHasActiveChildSkipsOutsourcedByParent" name="test_children_marked_outsourced_by_parent_on_sc_creation" time="2.753" /><testcase classname="backend.tests.test_sc_update_preserve_lines.TestHasActiveChildSkipsOutsourcedByParent" name="test_fg_mo_can_show_sc_button_after_sa_outsourced" time="2.821" /></testsuite></testsuites>