<?xml version="1.0" encoding="utf-8"?><testsuites name="pytest tests"><testsuite name="pytest" errors="0" failures="0" skipped="0" tests="23" time="4.275" timestamp="2026-04-12T09:33:17.982190+00:00" hostname="agent-env-26db9a0f-ba87-4119-a973-2890ced6742c"><testcase classname="tests.test_purchase_invoice_jobwork.TestAuth" name="test_login_success" time="0.543" /><testcase classname="tests.test_purchase_invoice_jobwork.TestPurchaseInvoice" name="test_create_purchase_invoice" time="0.531" /><testcase classname="tests.test_purchase_invoice_jobwork.TestPurchaseInvoice" name="test_get_purchase_invoices" time="0.049" /><testcase classname="tests.test_purchase_invoice_jobwork.TestPurchaseInvoice" name="test_approve_invoice_draft_to_approved" time="0.054" /><testcase classname="tests.test_purchase_invoice_jobwork.TestPurchaseInvoice" name="test_approve_already_approved_fails" time="0.048" /><testcase classname="tests.test_purchase_invoice_jobwork.TestPurchaseInvoice" name="test_mark_paid_approved_to_paid" time="0.046" /><testcase classname="tests.test_purchase_invoice_jobwork.TestPurchaseInvoice" name="test_mark_paid_draft_fails" time="0.093" /><testcase classname="tests.test_purchase_invoice_jobwork.TestPurchaseInvoice" name="test_filter_by_status" time="0.048" /><testcase classname="tests.test_purchase_invoice_jobwork.TestJobWorkOrders" name="test_create_subcontract_order" time="0.476" /><testcase classname="tests.test_purchase_invoice_jobwork.TestJobWorkOrders" name="test_get_subcontract_orders" time="0.045" /><testcase classname="tests.test_purchase_invoice_jobwork.TestJobWorkOrders" name="test_confirm_order_draft_to_confirmed" time="0.046" /><testcase classname="tests.test_purchase_invoice_jobwork.TestJobWorkOrders" name="test_confirm_already_confirmed_fails" time="0.046" /><testcase classname="tests.test_purchase_invoice_jobwork.TestJobWorkChallans" name="test_create_delivery_challan" time="0.613" /><testcase classname="tests.test_purchase_invoice_jobwork.TestJobWorkChallans" name="test_dc_deducts_stock" time="0.046" /><testcase classname="tests.test_purchase_invoice_jobwork.TestJobWorkChallans" name="test_dc_creates_inventory_transaction" time="0.051" /><testcase classname="tests.test_purchase_invoice_jobwork.TestJobWorkChallans" name="test_dc_updates_order_sent_quantity" time="0.049" /><testcase classname="tests.test_purchase_invoice_jobwork.TestJobWorkChallans" name="test_get_challans" time="0.048" /><testcase classname="tests.test_purchase_invoice_jobwork.TestJobWorkChallans" name="test_dc_insufficient_stock_fails" time="0.048" /><testcase classname="tests.test_purchase_invoice_jobwork.TestJobWorkReceipts" name="test_create_receipt" time="0.693" /><testcase classname="tests.test_purchase_invoice_jobwork.TestJobWorkReceipts" name="test_receipt_adds_stock" time="0.045" /><testcase classname="tests.test_purchase_invoice_jobwork.TestJobWorkReceipts" name="test_receipt_with_rejection" time="0.358" /><testcase classname="tests.test_purchase_invoice_jobwork.TestJobWorkReceipts" name="test_order_auto_completes" time="0.047" /><testcase classname="tests.test_purchase_invoice_jobwork.TestJobWorkReceipts" name="test_get_receipts" time="0.047" /></testsuite></testsuites>