<?xml version="1.0" encoding="utf-8"?><testsuites name="pytest tests"><testsuite name="pytest" errors="0" failures="0" skipped="0" tests="8" time="2.535" timestamp="2026-05-06T11:26:01.420543+00:00" hostname="agent-env-26db9a0f-ba87-4119-a973-2890ced6742c"><testcase classname="backend.tests.test_iteration_89_quotation_global_discount.TestQuotationGlobalDiscountPercent" name="test_global_discount_percent_10_on_1000_subtotal" time="0.763" /><testcase classname="backend.tests.test_iteration_89_quotation_global_discount.TestQuotationGlobalDiscountAmount" name="test_global_discount_amount_50_on_950_subtotal" time="0.171" /><testcase classname="backend.tests.test_iteration_89_quotation_global_discount.TestQuotationGlobalDiscountClamping" name="test_global_discount_larger_than_subtotal_is_clamped" time="0.182" /><testcase classname="backend.tests.test_iteration_89_quotation_global_discount.TestQuotationUpdateGlobalDiscount" name="test_put_quotation_update_global_discount_only" time="0.295" /><testcase classname="backend.tests.test_iteration_89_quotation_global_discount.TestQuotationExportCurrency" name="test_usd_currency_with_global_discount_no_gst" time="0.156" /><testcase classname="backend.tests.test_iteration_89_quotation_global_discount.TestItemsLiteEndpoint" name="test_items_lite_includes_lead_time_days" time="0.200" /><testcase classname="backend.tests.test_iteration_89_quotation_global_discount.TestQuotationPersistence" name="test_quotation_save_and_retrieve_global_discount" time="0.279" /><testcase classname="backend.tests.test_iteration_89_quotation_global_discount.TestLineAndGlobalDiscountCoexistence" name="test_line_discount_plus_global_discount" time="0.396" /></testsuite></testsuites>