<?xml version="1.0" encoding="utf-8"?><testsuites name="pytest tests"><testsuite name="pytest" errors="0" failures="0" skipped="0" tests="8" time="2.643" timestamp="2026-05-09T13:17:13.411077+00:00" hostname="agent-env-26db9a0f-ba87-4119-a973-2890ced6742c"><testcase classname="backend.tests.test_iteration_95_gst_duplicate_bom_merge.TestSupplierGSTDuplicateBlock" name="test_create_supplier_with_unique_gstin_succeeds" time="0.665" /><testcase classname="backend.tests.test_iteration_95_gst_duplicate_bom_merge.TestSupplierGSTDuplicateBlock" name="test_create_supplier_with_duplicate_gstin_fails" time="0.273" /><testcase classname="backend.tests.test_iteration_95_gst_duplicate_bom_merge.TestSupplierGSTDuplicateBlock" name="test_update_supplier_own_gstin_succeeds" time="0.247" /><testcase classname="backend.tests.test_iteration_95_gst_duplicate_bom_merge.TestSupplierGSTDuplicateBlock" name="test_update_supplier_to_another_existing_gstin_fails" time="0.330" /><testcase classname="backend.tests.test_iteration_95_gst_duplicate_bom_merge.TestCustomerGSTDuplicateBlock" name="test_create_customer_with_unique_gstin_succeeds" time="0.184" /><testcase classname="backend.tests.test_iteration_95_gst_duplicate_bom_merge.TestCustomerGSTDuplicateBlock" name="test_create_customer_with_duplicate_gstin_fails" time="0.242" /><testcase classname="backend.tests.test_iteration_95_gst_duplicate_bom_merge.TestCustomerGSTDuplicateBlock" name="test_update_customer_own_gstin_succeeds" time="0.238" /><testcase classname="backend.tests.test_iteration_95_gst_duplicate_bom_merge.TestCustomerGSTDuplicateBlock" name="test_update_customer_to_another_existing_gstin_fails" time="0.376" /></testsuite></testsuites>