<?xml version="1.0" encoding="utf-8"?><testsuites name="pytest tests"><testsuite name="pytest" errors="0" failures="0" skipped="0" tests="12" time="7.634" timestamp="2026-04-18T16:40:51.334997+00:00" hostname="agent-env-26db9a0f-ba87-4119-a973-2890ced6742c"><testcase classname="backend.tests.test_iteration_55.TestBOMRollupCost" name="test_bom_explode_fg_process_cost" time="0.408" /><testcase classname="backend.tests.test_iteration_55.TestBOMRollupCost" name="test_bom_explode_with_parent_routings" time="0.585" /><testcase classname="backend.tests.test_iteration_55.TestBOMExcelExport" name="test_bom_export_headers" time="0.514" /><testcase classname="backend.tests.test_iteration_55.TestBOMExcelExport" name="test_bom_export_routings_format" time="0.408" /><testcase classname="backend.tests.test_iteration_55.TestBOMExcelImport" name="test_bom_import_endpoint_exists" time="0.379" /><testcase classname="backend.tests.test_iteration_55.TestJobOSProcessName" name="test_job_os_sc_has_process_name" time="0.712" /><testcase classname="backend.tests.test_iteration_55.TestJobOSProcessName" name="test_job_os_consolidation_by_process_name" time="0.751" /><testcase classname="backend.tests.test_iteration_55.TestLegacyBOMRoutings" name="test_legacy_bom_loads" time="0.852" /><testcase classname="backend.tests.test_iteration_55.TestLegacyBOMRoutings" name="test_bom_with_string_routings_explodes" time="0.580" /><testcase classname="backend.tests.test_iteration_55.TestWorkOrderOperations" name="test_work_order_operations_have_time_fields" time="0.775" /><testcase classname="backend.tests.test_iteration_55.TestWorkOrderOperations" name="test_work_order_print_data" time="0.815" /><testcase classname="backend.tests.test_iteration_55.TestDeliveryChallanProcess" name="test_dc_has_process_name_in_job_work_parts" time="0.565" /></testsuite></testsuites>