<?xml version="1.0" encoding="utf-8"?><testsuites name="pytest tests"><testsuite name="pytest" errors="0" failures="0" skipped="0" tests="6" time="3.026" timestamp="2026-04-21T12:31:14.844761+00:00" hostname="agent-env-26db9a0f-ba87-4119-a973-2890ced6742c"><testcase classname="backend.tests.test_crm_confirm_dialogs.TestCRMConfirmDialogs" name="test_lead_create_and_delete" time="0.643" /><testcase classname="backend.tests.test_crm_confirm_dialogs.TestCRMConfirmDialogs" name="test_ticket_create_and_delete" time="0.509" /><testcase classname="backend.tests.test_crm_confirm_dialogs.TestCRMConfirmDialogs" name="test_quotation_send_status" time="0.505" /><testcase classname="backend.tests.test_crm_confirm_dialogs.TestCRMConfirmDialogs" name="test_quotation_delete_unlocked" time="0.465" /><testcase classname="backend.tests.test_crm_confirm_dialogs.TestCRMConfirmDialogs" name="test_item_delete_unreferenced" time="0.457" /><testcase classname="backend.tests.test_crm_confirm_dialogs.TestCRMConfirmDialogs" name="test_confirm_dialog_testid_patterns" time="0.377" /></testsuite></testsuites>