<?xml version="1.0" encoding="utf-8"?><testsuites name="pytest tests"><testsuite name="pytest" errors="0" failures="0" skipped="1" tests="9" time="3.012" timestamp="2026-04-18T18:18:39.818049+00:00" hostname="agent-env-26db9a0f-ba87-4119-a973-2890ced6742c"><testcase classname="backend.tests.test_iteration_57.TestFix1_AutoPOStatusApproved" name="test_create_po_from_sc_has_approved_status" time="0.810"><skipped type="pytest.skip" message="Could not create PO from SC: {&quot;detail&quot;:&quot;Not Found&quot;}">/app/backend/tests/test_iteration_57.py:79: Could not create PO from SC: {"detail":"Not Found"}</skipped></testcase><testcase classname="backend.tests.test_iteration_57.TestFix1_AutoPOStatusApproved" name="test_pending_pos_filters_approved_sent_partial" time="0.058" /><testcase classname="backend.tests.test_iteration_57.TestFix2_ComputeBOMCostsStrategy2" name="test_component_item_gets_process_cost_from_parent_bom" time="0.298" /><testcase classname="backend.tests.test_iteration_57.TestFix2_ComputeBOMCostsStrategy2" name="test_mo_sc_without_material_uses_bom_process_cost" time="0.563" /><testcase classname="backend.tests.test_iteration_57.TestFix3_FindRoutingCost" name="test_find_routing_cost_for_component_item" time="0.516" /><testcase classname="backend.tests.test_iteration_57.TestFix3_FindRoutingCost" name="test_find_routing_cost_for_parent_item" time="0.235" /><testcase classname="backend.tests.test_iteration_57.TestGRNPendingPOsIntegration" name="test_grn_pending_pos_endpoint" time="0.060" /><testcase classname="backend.tests.test_iteration_57.TestGRNPendingPOsIntegration" name="test_migrated_draft_pos_now_approved" time="0.066" /><testcase classname="backend.tests.test_iteration_57.TestBOMExplodeCosts" name="test_bom_explode_returns_process_costs" time="0.281" /></testsuite></testsuites>