<?xml version="1.0" encoding="utf-8"?><testsuites name="pytest tests"><testsuite name="pytest" errors="0" failures="0" skipped="0" tests="5" time="3.908" timestamp="2026-05-12T07:34:19.494390+00:00" hostname="agent-env-26db9a0f-ba87-4119-a973-2890ced6742c"><testcase classname="backend.tests.test_iteration_104_variant_sources_breakdown.TestVariantSourcesBreakdown" name="test_variant_sources_has_both_components" time="0.600" /><testcase classname="backend.tests.test_iteration_104_variant_sources_breakdown.TestVariantSourcesBreakdown" name="test_merged_variant_attributes_has_union" time="0.244" /><testcase classname="backend.tests.test_iteration_104_variant_sources_breakdown.TestVariantChildWalkup" name="test_variant_child_walks_up_to_parent" time="0.949" /><testcase classname="backend.tests.test_iteration_104_variant_sources_breakdown.TestSourceOwnEmptyVariantSources" name="test_source_own_has_empty_variant_sources" time="1.503" /><testcase classname="backend.tests.test_iteration_104_variant_sources_breakdown.TestRawMaterialOwnVariants" name="test_rm_source_own_has_empty_variant_sources" time="0.513" /></testsuite></testsuites>