<?xml version="1.0" encoding="utf-8"?><testsuites name="pytest tests"><testsuite name="pytest" errors="0" failures="0" skipped="0" tests="13" time="3.544" timestamp="2026-05-16T15:13:09.030440+00:00" hostname="agent-env-26db9a0f-ba87-4119-a973-2890ced6742c"><testcase classname="backend.tests.test_iteration_127_grn_draft_multi_pi.TestGRNDraftMode" name="test_create_grn_draft_no_stock_update" time="0.985" /><testcase classname="backend.tests.test_iteration_127_grn_draft_multi_pi.TestGRNDraftMode" name="test_create_grn_posted_updates_stock" time="0.241" /><testcase classname="backend.tests.test_iteration_127_grn_draft_multi_pi.TestGRNDraftMode" name="test_edit_draft_grn_success" time="0.180" /><testcase classname="backend.tests.test_iteration_127_grn_draft_multi_pi.TestGRNDraftMode" name="test_edit_posted_grn_fails" time="0.130" /><testcase classname="backend.tests.test_iteration_127_grn_draft_multi_pi.TestGRNDraftMode" name="test_approve_draft_grn_updates_stock" time="0.301" /><testcase classname="backend.tests.test_iteration_127_grn_draft_multi_pi.TestGRNDraftMode" name="test_get_grn_returns_both_draft_and_posted" time="0.182" /><testcase classname="backend.tests.test_iteration_127_grn_draft_multi_pi.TestPendingGRNsForInvoice" name="test_pending_grns_excludes_drafts" time="0.161" /><testcase classname="backend.tests.test_iteration_127_grn_draft_multi_pi.TestPendingGRNsForInvoice" name="test_pending_grns_includes_posted" time="0.272" /><testcase classname="backend.tests.test_iteration_127_grn_draft_multi_pi.TestMultiGRNPurchaseInvoice" name="test_multi_grn_same_supplier_success" time="0.275" /><testcase classname="backend.tests.test_iteration_127_grn_draft_multi_pi.TestMultiGRNPurchaseInvoice" name="test_multi_grn_different_suppliers_fails" time="0.329" /><testcase classname="backend.tests.test_iteration_127_grn_draft_multi_pi.TestMultiGRNPurchaseInvoice" name="test_invoice_with_draft_grn_fails" time="0.127" /><testcase classname="backend.tests.test_iteration_127_grn_draft_multi_pi.TestRegressionFlows" name="test_single_grn_legacy_flow" time="0.196" /><testcase classname="backend.tests.test_iteration_127_grn_draft_multi_pi.TestRegressionFlows" name="test_manual_pi_no_grn" time="0.055" /></testsuite></testsuites>