<?xml version="1.0" encoding="utf-8"?><testsuites name="pytest tests"><testsuite name="pytest" errors="0" failures="0" skipped="0" tests="10" time="2.498" timestamp="2026-04-17T08:14:11.859750+00:00" hostname="agent-env-26db9a0f-ba87-4119-a973-2890ced6742c"><testcase classname="backend.tests.test_bom_component_routings.TestRoutingSimplified" name="test_create_routing_simple" time="1.051" /><testcase classname="backend.tests.test_bom_component_routings.TestRoutingSimplified" name="test_get_routings_list" time="0.068" /><testcase classname="backend.tests.test_bom_component_routings.TestBOMWithComponentRoutings" name="test_create_bom_with_parent_and_component_routings" time="0.045" /><testcase classname="backend.tests.test_bom_component_routings.TestBOMWithComponentRoutings" name="test_get_bom_explosion_shows_routings" time="0.049" /><testcase classname="backend.tests.test_bom_component_routings.TestMOCreationWithBOMRoutings" name="test_create_production_order" time="0.091" /><testcase classname="backend.tests.test_bom_component_routings.TestMOCreationWithBOMRoutings" name="test_create_mo_main_item_uses_parent_routings" time="0.053" /><testcase classname="backend.tests.test_bom_component_routings.TestMOCreationWithBOMRoutings" name="test_child_mos_use_component_routings" time="0.000" /><testcase classname="backend.tests.test_bom_component_routings.TestMOCreationWithBOMRoutings" name="test_rm_has_no_mo" time="0.000" /><testcase classname="backend.tests.test_bom_component_routings.TestLoginAndAuth" name="test_login_admin" time="0.327" /><testcase classname="backend.tests.test_bom_component_routings.TestCleanup" name="test_cleanup" time="0.710" /></testsuite></testsuites>