<?xml version="1.0" encoding="utf-8"?><testsuites name="pytest tests"><testsuite name="pytest" errors="0" failures="0" skipped="0" tests="11" time="4.133" timestamp="2026-04-19T16:09:46.389841+00:00" hostname="agent-env-26db9a0f-ba87-4119-a973-2890ced6742c"><testcase classname="backend.tests.test_iteration_65.TestFeatureA_SCWithoutMaterialPOApproved" name="test_existing_without_material_sc_po_status" time="0.765" /><testcase classname="backend.tests.test_iteration_65.TestFeatureA_SCWithoutMaterialPOApproved" name="test_create_po_from_without_material_sc_returns_approved" time="0.396" /><testcase classname="backend.tests.test_iteration_65.TestFeatureC_ChildMOInhouseStart" name="test_find_pending_inhouse_child_mos" time="0.121" /><testcase classname="backend.tests.test_iteration_65.TestFeatureC_ChildMOInhouseStart" name="test_start_inhouse_child_mo_without_routing" time="0.174" /><testcase classname="backend.tests.test_iteration_65.TestFeatureC_ChildMOInhouseStart" name="test_complete_inhouse_child_mo" time="0.161" /><testcase classname="backend.tests.test_iteration_65.TestFeatureD_Performance" name="test_job_work_orders_performance" time="1.202" /><testcase classname="backend.tests.test_iteration_65.TestFeatureD_Performance" name="test_delivery_challans_performance" time="0.349" /><testcase classname="backend.tests.test_iteration_65.TestFeatureD_Performance" name="test_pending_grn_pos_performance" time="0.238" /><testcase classname="backend.tests.test_iteration_65.TestRegressionChecks" name="test_health_endpoint" time="0.115" /><testcase classname="backend.tests.test_iteration_65.TestRegressionChecks" name="test_work_orders_endpoint" time="0.109" /><testcase classname="backend.tests.test_iteration_65.TestRegressionChecks" name="test_production_orders_endpoint" time="0.417" /></testsuite></testsuites>