<?xml version="1.0" encoding="utf-8"?><testsuites name="pytest tests"><testsuite name="pytest" errors="0" failures="0" skipped="0" tests="12" time="1.464" timestamp="2026-04-13T10:25:11.639626+00:00" hostname="agent-env-26db9a0f-ba87-4119-a973-2890ced6742c"><testcase classname="backend.tests.test_three_fixes_v2.TestMRPSalesOrdersFiltering" name="test_mrp_demand_returns_only_shortage_items" time="0.475" /><testcase classname="backend.tests.test_three_fixes_v2.TestMRPSalesOrdersFiltering" name="test_mrp_demand_orders_are_shortage_contributing" time="0.051" /><testcase classname="backend.tests.test_three_fixes_v2.TestMRPSalesOrdersFiltering" name="test_mrp_demand_only_raw_materials" time="0.055" /><testcase classname="backend.tests.test_three_fixes_v2.TestChildMOShortageQty" name="test_child_mo_uses_shortage_qty_logic" time="0.044" /><testcase classname="backend.tests.test_three_fixes_v2.TestChildMOShortageQty" name="test_work_orders_endpoint_returns_data" time="0.081" /><testcase classname="backend.tests.test_three_fixes_v2.TestWithoutMaterialSCOrders" name="test_without_material_sc_orders_exist" time="0.073" /><testcase classname="backend.tests.test_three_fixes_v2.TestWithoutMaterialSCOrders" name="test_create_po_endpoint_exists" time="0.042" /><testcase classname="backend.tests.test_three_fixes_v2.TestWithoutMaterialSCOrders" name="test_create_po_rejects_duplicate" time="0.084" /><testcase classname="backend.tests.test_three_fixes_v2.TestWithoutMaterialSCOrders" name="test_without_material_orders_have_no_rm_badge" time="0.088" /><testcase classname="backend.tests.test_three_fixes_v2.TestWithoutMaterialSCOrders" name="test_with_material_orders_have_correct_type" time="0.076" /><testcase classname="backend.tests.test_three_fixes_v2.TestReceiveButtonForWithoutMaterial" name="test_without_material_receive_logic" time="0.074" /><testcase classname="backend.tests.test_three_fixes_v2.TestPOCreationFromSCOrder" name="test_po_has_reference_to_sc_order" time="0.199" /></testsuite></testsuites>