<?xml version="1.0" encoding="utf-8"?><testsuites name="pytest tests"><testsuite name="pytest" errors="0" failures="0" skipped="0" tests="13" time="3.277" timestamp="2026-06-13T09:14:50.021106+00:00" hostname="agent-env-26db9a0f-ba87-4119-a973-2890ced6742c"><testcase classname="backend.tests.test_iteration_148_three_fixes.TestFix1RoleGroupViewAllParties" name="test_create_role_group_with_view_all_parties_true" time="0.454" /><testcase classname="backend.tests.test_iteration_148_three_fixes.TestFix1RoleGroupViewAllParties" name="test_get_role_groups_returns_view_all_parties" time="0.044" /><testcase classname="backend.tests.test_iteration_148_three_fixes.TestFix1RoleGroupViewAllParties" name="test_update_role_group_toggle_view_all_parties" time="0.088" /><testcase classname="backend.tests.test_iteration_148_three_fixes.TestFix1RoleGroupViewAllParties" name="test_create_user_in_view_all_parties_group" time="0.264" /><testcase classname="backend.tests.test_iteration_148_three_fixes.TestFix1RoleGroupViewAllParties" name="test_auth_me_includes_view_all_parties" time="0.423" /><testcase classname="backend.tests.test_iteration_148_three_fixes.TestFix1SuppliersCustomersVisibility" name="test_admin_sees_all_suppliers" time="0.374" /><testcase classname="backend.tests.test_iteration_148_three_fixes.TestFix1SuppliersCustomersVisibility" name="test_admin_sees_all_customers" time="0.045" /><testcase classname="backend.tests.test_iteration_148_three_fixes.TestFix3ChildMOWithoutRouting" name="test_setup_items_and_boms" time="0.530" /><testcase classname="backend.tests.test_iteration_148_three_fixes.TestFix3ChildMOWithoutRouting" name="test_create_work_order_creates_child_mo_without_routing" time="0.114" /><testcase classname="backend.tests.test_iteration_148_three_fixes.TestFix3ChildMOWithoutRouting" name="test_start_routing_less_child_mo" time="0.142" /><testcase classname="backend.tests.test_iteration_148_three_fixes.TestFix3ChildMOWithoutRouting" name="test_complete_routing_less_child_mo" time="0.086" /><testcase classname="backend.tests.test_iteration_148_three_fixes.TestFix3ChildMOWithoutRouting" name="test_work_orders_return_schedule_fields" time="0.205" /><testcase classname="backend.tests.test_iteration_148_three_fixes.TestCleanup" name="test_cleanup" time="0.411" /></testsuite></testsuites>