<?xml version="1.0" encoding="utf-8"?><testsuites name="pytest tests"><testsuite name="pytest" errors="0" failures="0" skipped="0" tests="10" time="1.578" timestamp="2026-04-13T11:03:03.973696+00:00" hostname="agent-env-26db9a0f-ba87-4119-a973-2890ced6742c"><testcase classname="backend.tests.test_mrp_improvements.TestMRPStockFilter" name="test_mrp_demand_returns_only_shortage_items" time="0.454" /><testcase classname="backend.tests.test_mrp_improvements.TestMRPStockFilter" name="test_mrp_demand_excludes_sufficient_stock_items" time="0.102" /><testcase classname="backend.tests.test_mrp_improvements.TestMRPPOStatusTracking" name="test_mrp_demand_includes_po_status_fields" time="0.058" /><testcase classname="backend.tests.test_mrp_improvements.TestMRPPOStatusTracking" name="test_po_status_logic" time="0.058" /><testcase classname="backend.tests.test_mrp_improvements.TestMRPWithShortageScenario" name="test_mrp_shows_shortage_items" time="0.257" /><testcase classname="backend.tests.test_mrp_improvements.TestMRPWithShortageScenario" name="test_mrp_po_status_pending_for_new_shortage" time="0.243" /><testcase classname="backend.tests.test_mrp_improvements.TestMRPSummaryCard" name="test_demand_count_matches_list_length" time="0.059" /><testcase classname="backend.tests.test_mrp_improvements.TestGRNStockReplenishment" name="test_grn_removes_item_from_mrp" time="0.056" /><testcase classname="backend.tests.test_mrp_improvements.TestPurchaseOrderIntegration" name="test_existing_po_affects_mrp_status" time="0.127" /><testcase classname="backend.tests.test_mrp_improvements.TestMRPOnlyRawMaterials" name="test_mrp_demand_only_raw_materials" time="0.056" /></testsuite></testsuites>