<?xml version="1.0" encoding="utf-8"?><testsuites name="pytest tests"><testsuite name="pytest" errors="0" failures="0" skipped="0" tests="19" time="2.809" timestamp="2026-04-18T11:48:52.312166+00:00" hostname="agent-env-26db9a0f-ba87-4119-a973-2890ced6742c"><testcase classname="backend.tests.test_iteration_53.TestItemPurchasePrice" name="test_create_item_with_purchase_price" time="0.498" /><testcase classname="backend.tests.test_iteration_53.TestItemPurchasePrice" name="test_create_item_with_explicit_unit_cost" time="0.098" /><testcase classname="backend.tests.test_iteration_53.TestPOAutoUpdateItemPrice" name="test_po_creation_updates_item_price" time="0.296" /><testcase classname="backend.tests.test_iteration_53.TestInventoryWarehouseRequirement" name="test_transaction_without_warehouse_returns_400" time="0.101" /><testcase classname="backend.tests.test_iteration_53.TestInventoryWarehouseRequirement" name="test_transaction_with_warehouse_updates_warehouse_stock" time="0.259" /><testcase classname="backend.tests.test_iteration_53.TestAggregatedStockByItem" name="test_stock_by_item_returns_dict" time="0.043" /><testcase classname="backend.tests.test_iteration_53.TestNumberSeriesCRUD" name="test_get_number_series_returns_all_4" time="0.045" /><testcase classname="backend.tests.test_iteration_53.TestNumberSeriesCRUD" name="test_update_number_series" time="0.132" /><testcase classname="backend.tests.test_iteration_53.TestAutoCodeSupplier" name="test_supplier_blank_code_auto_generates" time="0.135" /><testcase classname="backend.tests.test_iteration_53.TestAutoCodeSupplier" name="test_supplier_provided_code_used" time="0.045" /><testcase classname="backend.tests.test_iteration_53.TestAutoCodeCustomer" name="test_customer_blank_code_auto_generates" time="0.105" /><testcase classname="backend.tests.test_iteration_53.TestAutoNumberPO" name="test_po_uses_series_number" time="0.194" /><testcase classname="backend.tests.test_iteration_53.TestJobOSBOMRollupCost" name="test_job_os_bom_rollup_excludes_process_cost" time="0.254" /><testcase classname="backend.tests.test_iteration_53.TestRegressionExistingFlows" name="test_items_crud_still_works" time="0.217" /><testcase classname="backend.tests.test_iteration_53.TestRegressionExistingFlows" name="test_suppliers_list_works" time="0.051" /><testcase classname="backend.tests.test_iteration_53.TestRegressionExistingFlows" name="test_customers_list_works" time="0.043" /><testcase classname="backend.tests.test_iteration_53.TestRegressionExistingFlows" name="test_purchase_orders_list_works" time="0.053" /><testcase classname="backend.tests.test_iteration_53.TestRegressionExistingFlows" name="test_warehouses_list_works" time="0.048" /><testcase classname="backend.tests.test_iteration_53.TestRegressionExistingFlows" name="test_inventory_list_works" time="0.066" /></testsuite></testsuites>