<?xml version="1.0" encoding="utf-8"?><testsuites name="pytest tests"><testsuite name="pytest" errors="0" failures="2" skipped="0" tests="10" time="9.080" timestamp="2026-05-14T06:23:54.287449+00:00" hostname="agent-env-26db9a0f-ba87-4119-a973-2890ced6742c"><testcase classname="backend.tests.test_iteration_108_jw_process_cost_fixes.TestRoutingCostEndpoint" name="test_routing_cost_returns_specific_op_cost" time="0.813" /><testcase classname="backend.tests.test_iteration_108_jw_process_cost_fixes.TestRoutingCostEndpoint" name="test_routing_cost_returns_zero_for_unknown_op" time="0.614" /><testcase classname="backend.tests.test_iteration_108_jw_process_cost_fixes.TestRoutingCostEndpoint" name="test_routing_cost_requires_auth" time="0.425" /><testcase classname="backend.tests.test_iteration_108_jw_process_cost_fixes.TestJobWorkOrderPreservation" name="test_put_preserves_process_name_and_charges_on_job_card_os" time="1.102"><failure message="assert 300.0 == 100">backend/tests/test_iteration_108_jw_process_cost_fixes.py:279: in test_put_preserves_process_name_and_charges_on_job_card_os
    assert order["job_work_parts"][0]["charges"] == 100
E   assert 300.0 == 100</failure></testcase><testcase classname="backend.tests.test_iteration_108_jw_process_cost_fixes.TestJobWorkOrderPreservation" name="test_put_preserves_item_description" time="1.421" /><testcase classname="backend.tests.test_iteration_108_jw_process_cost_fixes.TestJobWorkOrderPreservation" name="test_put_allows_updating_item_description" time="1.061" /><testcase classname="backend.tests.test_iteration_108_jw_process_cost_fixes.TestJobWorkOrderCreate" name="test_post_accepts_process_name_and_uses_specific_routing_cost" time="0.722" /><testcase classname="backend.tests.test_iteration_108_jw_process_cost_fixes.TestJobWorkOrderCreate" name="test_post_accepts_item_description" time="0.988" /><testcase classname="backend.tests.test_iteration_108_jw_process_cost_fixes.TestJobWorkOrderCreate" name="test_post_without_process_name_uses_combined_cost" time="0.729" /><testcase classname="backend.tests.test_iteration_108_jw_process_cost_fixes.TestMultiLineJobCardOS" name="test_multi_line_same_item_different_ops_preserved" time="1.066"><failure message="AssertionError: Cutting charges changed from 100 to 450.0&#10;assert 450.0 == 100">backend/tests/test_iteration_108_jw_process_cost_fixes.py:767: in test_multi_line_same_item_different_ops_preserved
    assert cutting_updated["charges"] == 100, f"Cutting charges changed from 100 to {cutting_updated['charges']}"
E   AssertionError: Cutting charges changed from 100 to 450.0
E   assert 450.0 == 100</failure></testcase></testsuite></testsuites>