<?xml version="1.0" encoding="utf-8"?><testsuites name="pytest tests"><testsuite name="pytest" errors="0" failures="0" skipped="0" tests="10" time="4.606" timestamp="2026-05-15T09:11:58.162326+00:00" hostname="agent-env-26db9a0f-ba87-4119-a973-2890ced6742c"><testcase classname="backend.tests.test_iteration_122.TestMaterialRequirementsColumns" name="test_material_requirements_has_new_columns" time="0.439" /><testcase classname="backend.tests.test_iteration_122.TestMaterialRequirementsColumns" name="test_material_requirements_no_unit_cost_total_cost" time="0.049" /><testcase classname="backend.tests.test_iteration_122.TestMaterialRequirementsColumns" name="test_material_requirements_shortage_calculation" time="0.048" /><testcase classname="backend.tests.test_iteration_122.TestGSTINLookup" name="test_supplier_gstin_lookup_response_shape" time="1.094" /><testcase classname="backend.tests.test_iteration_122.TestGSTINLookup" name="test_customer_gstin_lookup_response_shape" time="1.044" /><testcase classname="backend.tests.test_iteration_122.TestJWSubcontractOrderRestore" name="test_find_sc_with_wo_reference" time="0.770" /><testcase classname="backend.tests.test_iteration_122.TestJWSubcontractOrderRestore" name="test_sc_update_preserves_grn_lines" time="0.794" /><testcase classname="backend.tests.test_iteration_122.TestWorkOrdersEndpoint" name="test_list_work_orders" time="0.185" /><testcase classname="backend.tests.test_iteration_122.TestAPIHealth" name="test_api_health" time="0.044" /><testcase classname="backend.tests.test_iteration_122.TestAPIHealth" name="test_auth_me" time="0.058" /></testsuite></testsuites>