<?xml version="1.0" encoding="utf-8"?><testsuites name="pytest tests"><testsuite name="pytest" errors="0" failures="0" skipped="1" tests="11" time="6.397" timestamp="2026-05-15T13:37:03.881564+00:00" hostname="agent-env-26db9a0f-ba87-4119-a973-2890ced6742c"><testcase classname="backend.tests.test_iteration_125.TestPartialOutsourceQty" name="test_partial_outsource_creates_sc_with_correct_qty" time="0.930"><skipped type="pytest.skip" message="Could not outsource operation: {&quot;detail&quot;:&quot;Cannot start Job Card operation: the Manufacturing Order is still pending. Please click 'Inhouse Start' on the MO first (this will consume RM from inventory), then re-open the Job Card.&quot;}">/app/backend/tests/test_iteration_125.py:132: Could not outsource operation: {"detail":"Cannot start Job Card operation: the Manufacturing Order is still pending. Please click 'Inhouse Start' on the MO first (this will consume RM from inventory), then re-open the Job Card."}</skipped></testcase><testcase classname="backend.tests.test_iteration_125.TestBlockQtyIncrease" name="test_cannot_increase_sc_line_qty" time="0.697" /><testcase classname="backend.tests.test_iteration_125.TestBlockQtyIncrease" name="test_can_reduce_sc_line_qty" time="0.784" /><testcase classname="backend.tests.test_iteration_125.TestAutoRestoreSourceMO" name="test_auto_restore_when_line_removed" time="0.917" /><testcase classname="backend.tests.test_iteration_125.TestAutoRestoreSourceMO" name="test_grn_safety_no_restore_if_received" time="0.956" /><testcase classname="backend.tests.test_iteration_125.TestSCLevelShortCloseRemoved" name="test_sc_short_close_endpoint_exists" time="0.795" /><testcase classname="backend.tests.test_iteration_125.TestCustomersAndSuppliersAPI" name="test_customers_list" time="0.051" /><testcase classname="backend.tests.test_iteration_125.TestCustomersAndSuppliersAPI" name="test_suppliers_list" time="0.067" /><testcase classname="backend.tests.test_iteration_125.TestRegressionNoConsoleErrors" name="test_job_work_orders_api" time="0.713" /><testcase classname="backend.tests.test_iteration_125.TestRegressionNoConsoleErrors" name="test_job_work_challans_api" time="0.072" /><testcase classname="backend.tests.test_iteration_125.TestRegressionNoConsoleErrors" name="test_work_orders_api" time="0.176" /></testsuite></testsuites>