<?xml version="1.0" encoding="utf-8"?><testsuites name="pytest tests"><testsuite name="pytest" errors="0" failures="0" skipped="0" tests="7" time="1.135" timestamp="2026-05-15T08:23:08.387475+00:00" hostname="agent-env-26db9a0f-ba87-4119-a973-2890ced6742c"><testcase classname="backend.tests.test_iteration_121.TestMaterialRequirements" name="test_mo_material_requirements_single_level" time="0.454" /><testcase classname="backend.tests.test_iteration_121.TestMaterialRequirements" name="test_mo_material_requirements_not_recursive" time="0.056" /><testcase classname="backend.tests.test_iteration_121.TestPurchaseInvoiceSupplierResolution" name="test_pi_list_has_supplier_object" time="0.083" /><testcase classname="backend.tests.test_iteration_121.TestPurchaseInvoiceSupplierResolution" name="test_pi_with_po_grn_has_objects" time="0.083" /><testcase classname="backend.tests.test_iteration_121.TestItemsEndpoint" name="test_items_search_returns_full_names" time="0.056" /><testcase classname="backend.tests.test_iteration_121.TestItemsEndpoint" name="test_items_search_pump" time="0.054" /><testcase classname="backend.tests.test_iteration_121.TestWorkOrdersList" name="test_work_orders_list" time="0.232" /></testsuite></testsuites>