<?xml version="1.0" encoding="utf-8"?><testsuites name="pytest tests"><testsuite name="pytest" errors="0" failures="0" skipped="0" tests="9" time="1.332" timestamp="2026-04-13T08:16:56.552559+00:00" hostname="agent-env-26db9a0f-ba87-4119-a973-2890ced6742c"><testcase classname="backend.tests.test_five_fixes.TestMRPFiltering" name="test_mrp_demand_returns_only_positive_net_requirement" time="0.488" /><testcase classname="backend.tests.test_five_fixes.TestMRPFiltering" name="test_mrp_demand_excludes_zero_net_requirement" time="0.070" /><testcase classname="backend.tests.test_five_fixes.TestMRPDropdown" name="test_production_orders_have_status_field" time="0.057" /><testcase classname="backend.tests.test_five_fixes.TestMRPDropdown" name="test_mrp_demand_with_specific_so" time="0.112" /><testcase classname="backend.tests.test_five_fixes.TestJWOrdersFGColumn" name="test_jw_orders_have_fg_item_name" time="0.108" /><testcase classname="backend.tests.test_five_fixes.TestJWOrdersFGColumn" name="test_jw_order_22_has_fg_item_name" time="0.099" /><testcase classname="backend.tests.test_five_fixes.TestSCDirectFlowFGFields" name="test_sc_order_has_fg_fields" time="0.092" /><testcase classname="backend.tests.test_five_fixes.TestChildMOStockSkip" name="test_create_mo_skips_child_with_sufficient_stock" time="0.156" /><testcase classname="backend.tests.test_five_fixes.TestMRPOnlyRawMaterials" name="test_mrp_demand_only_raw_materials" time="0.053" /></testsuite></testsuites>