<?xml version="1.0" encoding="utf-8"?><testsuites name="pytest tests"><testsuite name="pytest" errors="0" failures="0" skipped="0" tests="10" time="2.306" timestamp="2026-04-22T07:24:26.350366+00:00" hostname="agent-env-26db9a0f-ba87-4119-a973-2890ced6742c"><testcase classname="backend.tests.test_gst_phase2.TestGSTSplitLogic" name="test_intra_state_gst_split_cgst_sgst" time="0.667" /><testcase classname="backend.tests.test_gst_phase2.TestGSTSplitLogic" name="test_inter_state_gst_split_igst" time="0.152" /><testcase classname="backend.tests.test_gst_phase2.TestPOSOverride" name="test_pos_override_on_create_makes_inter_state" time="0.145" /><testcase classname="backend.tests.test_gst_phase2.TestPOSOverride" name="test_pos_update_flips_back_to_inter_state" time="0.153" /><testcase classname="backend.tests.test_gst_phase2.TestHSNSummary" name="test_hsn_summary_has_correct_keys" time="0.098" /><testcase classname="backend.tests.test_gst_phase2.TestUPIQRCode" name="test_qr_code_uses_company_upi" time="0.141" /><testcase classname="backend.tests.test_gst_phase2.TestUPIQRCode" name="test_all_existing_tis_have_proper_qr" time="0.049" /><testcase classname="backend.tests.test_gst_phase2.TestIRNEndpoint" name="test_irn_endpoint_returns_400_when_not_enabled" time="0.191" /><testcase classname="backend.tests.test_gst_phase2.TestEInvoicePayload" name="test_einvoice_payload_has_required_keys" time="0.140" /><testcase classname="backend.tests.test_gst_phase2.TestCompanyGSTSettings" name="test_company_settings_accepts_gst_einvoice_fields" time="0.315" /></testsuite></testsuites>