<?xml version="1.0" encoding="utf-8"?><testsuites name="pytest tests"><testsuite name="pytest" errors="0" failures="0" skipped="0" tests="14" time="6.224" timestamp="2026-04-11T18:42:09.432449+00:00" hostname="agent-env-26db9a0f-ba87-4119-a973-2890ced6742c"><testcase classname="backend.tests.test_settings_branding_currency.TestSettingsCompanyAPI" name="test_get_company_settings_returns_new_fields" time="0.511" /><testcase classname="backend.tests.test_settings_branding_currency.TestSettingsCompanyAPI" name="test_company_settings_has_correct_currency_values" time="0.391" /><testcase classname="backend.tests.test_settings_branding_currency.TestSettingsCompanyAPI" name="test_company_settings_has_tagline" time="0.376" /><testcase classname="backend.tests.test_settings_branding_currency.TestSettingsCompanyAPI" name="test_update_company_settings_with_new_fields" time="0.573" /><testcase classname="backend.tests.test_settings_branding_currency.TestSuppliersStructuredAddress" name="test_get_suppliers_returns_structured_address" time="0.368" /><testcase classname="backend.tests.test_settings_branding_currency.TestSuppliersStructuredAddress" name="test_create_supplier_with_structured_address" time="0.427" /><testcase classname="backend.tests.test_settings_branding_currency.TestSuppliersStructuredAddress" name="test_update_supplier_structured_address" time="0.502" /><testcase classname="backend.tests.test_settings_branding_currency.TestCustomersStructuredAddress" name="test_get_customers_returns_structured_address" time="0.370" /><testcase classname="backend.tests.test_settings_branding_currency.TestCustomersStructuredAddress" name="test_create_customer_with_structured_address" time="0.449" /><testcase classname="backend.tests.test_settings_branding_currency.TestCustomersStructuredAddress" name="test_update_customer_structured_address" time="0.553" /><testcase classname="backend.tests.test_settings_branding_currency.TestAddressMigrationAPI" name="test_migrate_addresses_endpoint_exists" time="0.386" /><testcase classname="backend.tests.test_settings_branding_currency.TestCurrencyInAPIs" name="test_items_api_returns_unit_cost" time="0.390" /><testcase classname="backend.tests.test_settings_branding_currency.TestCurrencyInAPIs" name="test_purchase_orders_api_returns_amounts" time="0.462" /><testcase classname="backend.tests.test_settings_branding_currency.TestCurrencyInAPIs" name="test_inventory_api_returns_values" time="0.397" /></testsuite></testsuites>