<?xml version="1.0" encoding="utf-8"?><testsuites name="pytest tests"><testsuite name="pytest" errors="0" failures="0" skipped="0" tests="18" time="24.884" timestamp="2026-05-05T11:54:09.866837+00:00" hostname="agent-env-26db9a0f-ba87-4119-a973-2890ced6742c"><testcase classname="backend.tests.test_iteration_86_currency_permissions.TestCurrencySupport" name="test_po_create_with_usd_currency_no_gst" time="1.457" /><testcase classname="backend.tests.test_iteration_86_currency_permissions.TestCurrencySupport" name="test_po_create_with_eur_currency_no_gst" time="1.776" /><testcase classname="backend.tests.test_iteration_86_currency_permissions.TestCurrencySupport" name="test_po_create_with_inr_currency_has_gst" time="1.657" /><testcase classname="backend.tests.test_iteration_86_currency_permissions.TestCurrencySupport" name="test_po_update_currency_inr_to_usd_recomputes_gst" time="1.630" /><testcase classname="backend.tests.test_iteration_86_currency_permissions.TestCurrencySupport" name="test_quotation_create_with_eur_no_gst" time="2.350" /><testcase classname="backend.tests.test_iteration_86_currency_permissions.TestCurrencySupport" name="test_quotation_create_with_inr_has_gst" time="2.182" /><testcase classname="backend.tests.test_iteration_86_currency_permissions.TestCurrencySupport" name="test_quotation_update_currency_drops_gst" time="2.412" /><testcase classname="backend.tests.test_iteration_86_currency_permissions.TestCurrencySupport" name="test_convert_quotation_to_proforma_inherits_currency" time="2.845" /><testcase classname="backend.tests.test_iteration_86_currency_permissions.TestCurrencySupport" name="test_tax_invoice_create_with_eur_no_gst" time="3.679" /><testcase classname="backend.tests.test_iteration_86_currency_permissions.TestAssignableUsersEndpoint" name="test_assignable_users_returns_light_list" time="0.502" /><testcase classname="backend.tests.test_iteration_86_currency_permissions.TestAssignableUsersEndpoint" name="test_full_users_endpoint_admin_only" time="0.521" /><testcase classname="backend.tests.test_iteration_86_currency_permissions.TestPermissionModules" name="test_modules_endpoint_includes_new_permissions" time="0.486" /><testcase classname="backend.tests.test_iteration_86_currency_permissions.TestPermissionModules" name="test_new_modules_have_view_only_actions" time="0.406" /><testcase classname="backend.tests.test_iteration_86_currency_permissions.TestAllCurrencies" name="test_po_currency_gst_behavior[INR-True]" time="0.630" /><testcase classname="backend.tests.test_iteration_86_currency_permissions.TestAllCurrencies" name="test_po_currency_gst_behavior[USD-False]" time="0.574" /><testcase classname="backend.tests.test_iteration_86_currency_permissions.TestAllCurrencies" name="test_po_currency_gst_behavior[EUR-False]" time="0.556" /><testcase classname="backend.tests.test_iteration_86_currency_permissions.TestAllCurrencies" name="test_po_currency_gst_behavior[GBP-False]" time="0.503" /><testcase classname="backend.tests.test_iteration_86_currency_permissions.TestAllCurrencies" name="test_po_currency_gst_behavior[AED-False]" time="0.601" /></testsuite></testsuites>