<?xml version="1.0" encoding="utf-8"?><testsuites name="pytest tests"><testsuite name="pytest" errors="0" failures="0" skipped="0" tests="35" time="29.418" timestamp="2026-05-12T09:58:16.806787+00:00" hostname="agent-env-26db9a0f-ba87-4119-a973-2890ced6742c"><testcase classname="backend.tests.test_iteration_105_wo_variant_tax_invoice_stock.TestChildWOVariantInheritance" name="test_child_wo_inherits_variant_selection" time="0.963" /><testcase classname="backend.tests.test_iteration_105_wo_variant_tax_invoice_stock.TestChildWOVariantInheritance" name="test_child_wo_start_consumes_variant_child" time="1.214" /><testcase classname="backend.tests.test_iteration_105_wo_variant_tax_invoice_stock.TestTaxInvoiceStockDecrement" name="test_tax_invoice_issued_decrements_stock" time="0.611" /><testcase classname="backend.tests.test_iteration_105_wo_variant_tax_invoice_stock.TestTaxInvoiceStockDecrement" name="test_tax_invoice_draft_no_stock_decrement" time="0.187" /><testcase classname="backend.tests.test_iteration_105_wo_variant_tax_invoice_stock.TestTaxInvoiceStockDecrement" name="test_tax_invoice_free_text_line_no_decrement" time="0.475" /><testcase classname="backend.tests.test_iteration_105_wo_variant_tax_invoice_stock.TestProformaToTaxInvoiceStockDecrement" name="test_proforma_to_tax_invoice_decrements_stock" time="1.214" /><testcase classname="backend.tests.test_iteration_99_variant_inheritance.TestEffectiveVariantsEndpoint" name="test_effective_variants_component_returns_own" time="0.474" /><testcase classname="backend.tests.test_iteration_99_variant_inheritance.TestEffectiveVariantsEndpoint" name="test_effective_variants_fg_returns_inherited" time="0.218" /><testcase classname="backend.tests.test_iteration_99_variant_inheritance.TestEffectiveVariantsEndpoint" name="test_effective_variants_item_without_variants_returns_none" time="0.191" /><testcase classname="backend.tests.test_iteration_99_variant_inheritance.TestEffectiveVariantsEndpoint" name="test_effective_variants_nonexistent_item_returns_404" time="0.278" /><testcase classname="backend.tests.test_iteration_99_variant_inheritance.TestPreviewVariantsWithInheritance" name="test_preview_variants_fg_with_inherited" time="0.831" /><testcase classname="backend.tests.test_iteration_99_variant_inheritance.TestGenerateVariantsWithInheritance" name="test_generate_variants_fg_with_inherited" time="1.072" /><testcase classname="backend.tests.test_iteration_99_variant_inheritance.TestRecursiveInheritance" name="test_fg_inherits_from_sg_sub_bom" time="0.986" /><testcase classname="backend.tests.test_iteration_99_variant_inheritance.TestMergeDeduplicateVariants" name="test_inherited_variants_merged_and_deduplicated" time="0.813" /><testcase classname="backend.tests.test_iteration_99_variant_inheritance.TestWOCompletionVariantCredit" name="test_wo_completion_credits_variant_child_sku" time="1.810" /><testcase classname="backend.tests.test_iteration_99_variant_inheritance.TestLegacyOwnVariantsRegression" name="test_legacy_fg_effective_variants_returns_own" time="0.459" /><testcase classname="backend.tests.test_iteration_99_variant_inheritance.TestLegacyOwnVariantsRegression" name="test_legacy_fg_preview_uses_own" time="0.048" /><testcase classname="backend.tests.test_iteration_99_variant_inheritance.TestLegacyOwnVariantsRegression" name="test_legacy_fg_generate_uses_own" time="0.267" /><testcase classname="backend.tests.test_iteration_99_variant_inheritance.TestBOMCRUDRegression" name="test_bom_crud_still_works" time="0.730" /><testcase classname="backend.tests.test_iteration_99_variant_inheritance.TestSOCRUDRegression" name="test_so_crud_with_variant_selection" time="0.940" /><testcase classname="backend.tests.test_iteration_99_variant_inheritance.TestItemCRUDRegression" name="test_item_crud_still_works" time="0.520" /><testcase classname="backend.tests.test_iteration_102_variant_consumption.TestVariantAwareConsumption" name="test_wo_start_consumes_from_variant_child" time="1.824" /><testcase classname="backend.tests.test_iteration_102_variant_consumption.TestFallbackToParent" name="test_fallback_to_parent_when_variant_child_missing" time="1.947" /><testcase classname="backend.tests.test_iteration_102_variant_consumption.TestFGVariantCreditRegression" name="test_wo_completion_credits_fg_variant_child" time="1.200" /><testcase classname="backend.tests.test_iteration_102_variant_consumption.TestLegacyBehaviorNoVariantSelection" name="test_no_variant_selection_consumes_from_parent" time="2.262" /><testcase classname="backend.tests.test_iteration_103_mrp_mo_driven.TestMRPMODrivenDemand" name="test_scenario_a_so_without_mo_no_mrp_demand" time="0.817" /><testcase classname="backend.tests.test_iteration_103_mrp_mo_driven.TestMRPMODrivenDemand" name="test_scenario_b_mo_created_generates_mrp_demand" time="0.342" /><testcase classname="backend.tests.test_iteration_103_mrp_mo_driven.TestMRPMODrivenDemand" name="test_scenario_c_reserved_mo_shortfall_captured" time="0.371" /><testcase classname="backend.tests.test_iteration_103_mrp_mo_driven.TestMRPMODrivenDemand" name="test_scenario_d_mts_mo_without_so_in_mrp_demand" time="1.851" /><testcase classname="backend.tests.test_iteration_103_mrp_mo_driven.TestMRPVariantAwareDemand" name="test_variant_aware_mrp_demand" time="1.399" /><testcase classname="backend.tests.test_iteration_104_variant_sources_breakdown.TestVariantSourcesBreakdown" name="test_variant_sources_has_both_components" time="0.632" /><testcase classname="backend.tests.test_iteration_104_variant_sources_breakdown.TestVariantSourcesBreakdown" name="test_merged_variant_attributes_has_union" time="0.317" /><testcase classname="backend.tests.test_iteration_104_variant_sources_breakdown.TestVariantChildWalkup" name="test_variant_child_walks_up_to_parent" time="1.020" /><testcase classname="backend.tests.test_iteration_104_variant_sources_breakdown.TestSourceOwnEmptyVariantSources" name="test_source_own_has_empty_variant_sources" time="0.488" /><testcase classname="backend.tests.test_iteration_104_variant_sources_breakdown.TestRawMaterialOwnVariants" name="test_rm_source_own_has_empty_variant_sources" time="0.515" /></testsuite></testsuites>