<?xml version="1.0" encoding="utf-8"?><testsuites name="pytest tests"><testsuite name="pytest" errors="0" failures="1" skipped="1" tests="15" time="5.036" timestamp="2026-04-19T15:19:45.325849+00:00" hostname="agent-env-26db9a0f-ba87-4119-a973-2890ced6742c"><testcase classname="backend.tests.test_iteration_64.TestFeature1_SalesOrdersDescendingOrder" name="test_production_orders_sorted_descending" time="1.241" /><testcase classname="backend.tests.test_iteration_64.TestFeature3_DCPrintTitleLogic" name="test_get_delivery_challans" time="0.215"><failure message="AttributeError: 'NoneType' object has no attribute 'get'">backend/tests/test_iteration_64.py:87: in test_get_delivery_challans
    sc_type = order.get('subcontract_type')
              ^^^^^^^^^
E   AttributeError: 'NoneType' object has no attribute 'get'</failure></testcase><testcase classname="backend.tests.test_iteration_64.TestFeature4_GRNListColumnHeader" name="test_grn_list_has_jw_and_dc_info" time="0.068" /><testcase classname="backend.tests.test_iteration_64.TestFeature5_GRNConfirmModal" name="test_pending_pos_endpoint" time="0.048" /><testcase classname="backend.tests.test_iteration_64.TestFeature6_SCToPOStatusLogic" name="test_create_po_from_sc_with_material_returns_draft" time="0.600" /><testcase classname="backend.tests.test_iteration_64.TestFeature6_SCToPOStatusLogic" name="test_create_po_from_sc_without_material_returns_approved" time="0.591" /><testcase classname="backend.tests.test_iteration_64.TestFeature6_SCToPOStatusLogic" name="test_create_po_endpoint_returns_status_field" time="0.564" /><testcase classname="backend.tests.test_iteration_64.TestFeature7_ChildMODirectComplete" name="test_get_child_mos" time="0.100" /><testcase classname="backend.tests.test_iteration_64.TestFeature7_ChildMODirectComplete" name="test_complete_child_mo_auto_closes_ops" time="0.100"><skipped type="pytest.skip" message="No in_progress child MO found to test completion">/app/backend/tests/test_iteration_64.py:288: No in_progress child MO found to test completion</skipped></testcase><testcase classname="backend.tests.test_iteration_64.TestFeature7_ChildMODirectComplete" name="test_parent_mo_cannot_complete_with_pending_ops" time="0.164" /><testcase classname="backend.tests.test_iteration_64.TestFeature2_SOSearchInWorkOrderDialog" name="test_production_orders_have_item_info" time="0.392" /><testcase classname="backend.tests.test_iteration_64.TestRegressionChecks" name="test_health_endpoint" time="0.141" /><testcase classname="backend.tests.test_iteration_64.TestRegressionChecks" name="test_work_orders_endpoint" time="0.103" /><testcase classname="backend.tests.test_iteration_64.TestRegressionChecks" name="test_job_work_orders_endpoint" time="0.532" /><testcase classname="backend.tests.test_iteration_64.TestRegressionChecks" name="test_grn_endpoint" time="0.062" /></testsuite></testsuites>