<?xml version="1.0" encoding="utf-8"?><testsuites name="pytest tests"><testsuite name="pytest" errors="0" failures="0" skipped="0" tests="8" time="3.749" timestamp="2026-04-18T20:07:17.489084+00:00" hostname="agent-env-26db9a0f-ba87-4119-a973-2890ced6742c"><testcase classname="backend.tests.test_iteration_60.TestBOMCostStrategyCascade" name="test_item_15de44a1_strategy_cascade" time="0.530" /><testcase classname="backend.tests.test_iteration_60.TestBOMCostStrategyCascade" name="test_item_5830fd71_component_only_with_costs" time="0.412" /><testcase classname="backend.tests.test_iteration_60.TestBOMCostStrategyCascade" name="test_item_3447f544_parent_only_with_costs" time="0.389" /><testcase classname="backend.tests.test_iteration_60.TestJobWorkOrderIntegration" name="test_job_work_order_with_item_15de44a1" time="0.523" /><testcase classname="backend.tests.test_iteration_60.TestWorkOrdersPerformance" name="test_work_orders_list_performance" time="0.452" /><testcase classname="backend.tests.test_iteration_60.TestWorkOrdersPerformance" name="test_work_orders_data_shape" time="0.432" /><testcase classname="backend.tests.test_iteration_60.TestWorkOrdersPerformance" name="test_individual_work_order_still_works" time="0.489" /><testcase classname="backend.tests.test_iteration_60.TestRegressionBOMCosts" name="test_non_bom_item_returns_zeros" time="0.434" /></testsuite></testsuites>