<?xml version="1.0" encoding="utf-8"?><testsuites name="pytest tests"><testsuite name="pytest" errors="0" failures="0" skipped="0" tests="13" time="5.775" timestamp="2026-04-16T03:59:32.862928+00:00" hostname="agent-env-26db9a0f-ba87-4119-a973-2890ced6742c"><testcase classname="backend.tests.test_sc_rules.TestSCRules" name="test_login_works" time="0.485" /><testcase classname="backend.tests.test_sc_rules.TestSCRules" name="test_rule1_get_work_orders_with_children" time="0.395" /><testcase classname="backend.tests.test_sc_rules.TestSCRules" name="test_rule1_child_status_data_available" time="0.440" /><testcase classname="backend.tests.test_sc_rules.TestSCRules" name="test_rule1_outsourced_status_exists" time="0.395" /><testcase classname="backend.tests.test_sc_rules.TestSCRules" name="test_rule1_is_subcontract_field_exists" time="0.385" /><testcase classname="backend.tests.test_sc_rules.TestSCRules" name="test_rule2_get_bom_structure" time="0.389" /><testcase classname="backend.tests.test_sc_rules.TestSCRules" name="test_rule2_items_have_categories" time="0.390" /><testcase classname="backend.tests.test_sc_rules.TestSCRules" name="test_rule2_create_sc_endpoint_exists" time="0.458" /><testcase classname="backend.tests.test_sc_rules.TestSCRules" name="test_rule2_create_sc_with_material_for_sa" time="0.522" /><testcase classname="backend.tests.test_sc_rules.TestSCRules" name="test_rule2_without_material_has_fg_only" time="0.451" /><testcase classname="backend.tests.test_sc_rules.TestSCRules" name="test_rule2_bom_explode_shows_rm" time="0.464" /><testcase classname="backend.tests.test_sc_rules.TestSCRules" name="test_rule2_verify_collect_rm_logic" time="0.512" /><testcase classname="backend.tests.test_sc_rules.TestSCRules" name="test_children_marked_outsourced_after_sc" time="0.411" /></testsuite></testsuites>