<?xml version="1.0" encoding="utf-8"?><testsuites name="pytest tests"><testsuite name="pytest" errors="0" failures="0" skipped="0" tests="11" time="2.085" timestamp="2026-04-22T14:51:49.322018+00:00" hostname="agent-env-26db9a0f-ba87-4119-a973-2890ced6742c"><testcase classname="backend.tests.test_item_groups_iteration73.TestItemGroupsCRUD" name="test_create_item_group" time="0.481" /><testcase classname="backend.tests.test_item_groups_iteration73.TestItemGroupsCRUD" name="test_list_item_groups_with_item_count" time="0.050" /><testcase classname="backend.tests.test_item_groups_iteration73.TestItemGroupsCRUD" name="test_update_item_group" time="0.060" /><testcase classname="backend.tests.test_item_groups_iteration73.TestItemGroupsCRUD" name="test_delete_item_group_no_items" time="0.057" /><testcase classname="backend.tests.test_item_groups_iteration73.TestItemInheritanceOnCreate" name="test_item_inherits_hsn_gst_from_group" time="0.313" /><testcase classname="backend.tests.test_item_groups_iteration73.TestItemInheritanceCascade" name="test_group_update_cascades_to_items" time="0.478" /><testcase classname="backend.tests.test_item_groups_iteration73.TestDeleteGroupWithItems" name="test_delete_group_with_items_returns_400" time="0.250" /><testcase classname="backend.tests.test_item_groups_iteration73.TestItemsFilterByGroup" name="test_filter_items_by_group_id" time="0.102" /><testcase classname="backend.tests.test_item_groups_iteration73.TestItemsFilterByGroup" name="test_filter_items_by_category_and_group" time="0.100" /><testcase classname="backend.tests.test_item_groups_iteration73.TestExistingGroupsIntegrity" name="test_existing_groups_present" time="0.056" /><testcase classname="backend.tests.test_item_groups_iteration73.TestExistingGroupsIntegrity" name="test_motor_test_item_exists" time="0.048" /></testsuite></testsuites>