<?xml version="1.0" encoding="utf-8"?><testsuites name="pytest tests"><testsuite name="pytest" errors="0" failures="0" skipped="0" tests="31" time="4.394" timestamp="2026-04-20T18:07:09.087784+00:00" hostname="agent-env-26db9a0f-ba87-4119-a973-2890ced6742c"><testcase classname="backend.tests.test_crm_module.TestLeadsCRUD" name="test_create_lead_default_stage_enquiry" time="0.450" /><testcase classname="backend.tests.test_crm_module.TestLeadsCRUD" name="test_list_leads" time="0.071" /><testcase classname="backend.tests.test_crm_module.TestLeadsCRUD" name="test_lead_stage_transition_enquiry_to_quotation" time="0.113" /><testcase classname="backend.tests.test_crm_module.TestLeadsCRUD" name="test_lead_stage_transition_to_negotiation" time="0.112" /><testcase classname="backend.tests.test_crm_module.TestLeadsCRUD" name="test_lead_stage_transition_to_won" time="0.108" /><testcase classname="backend.tests.test_crm_module.TestLeadsCRUD" name="test_lead_stage_transition_to_lost" time="0.119" /><testcase classname="backend.tests.test_crm_module.TestLeadsCRUD" name="test_add_lead_activity" time="0.109" /><testcase classname="backend.tests.test_crm_module.TestLeadsCRUD" name="test_convert_lead_to_customer" time="0.109" /><testcase classname="backend.tests.test_crm_module.TestLeadsCRUD" name="test_delete_lead" time="0.176" /><testcase classname="backend.tests.test_crm_module.TestTicketsCRUD" name="test_create_ticket_default_stage_complaint" time="0.122" /><testcase classname="backend.tests.test_crm_module.TestTicketsCRUD" name="test_list_tickets" time="0.071" /><testcase classname="backend.tests.test_crm_module.TestTicketsCRUD" name="test_ticket_stage_transition_complaint_to_open" time="0.108" /><testcase classname="backend.tests.test_crm_module.TestTicketsCRUD" name="test_ticket_stage_transition_to_in_progress" time="0.114" /><testcase classname="backend.tests.test_crm_module.TestTicketsCRUD" name="test_ticket_stage_transition_to_pending" time="0.108" /><testcase classname="backend.tests.test_crm_module.TestTicketsCRUD" name="test_ticket_stage_transition_to_closed" time="0.119" /><testcase classname="backend.tests.test_crm_module.TestTicketsCRUD" name="test_ticket_sla_computation_urgent" time="0.053" /><testcase classname="backend.tests.test_crm_module.TestTicketsCRUD" name="test_ticket_sla_computation_high" time="0.056" /><testcase classname="backend.tests.test_crm_module.TestTicketsCRUD" name="test_ticket_sla_computation_medium" time="0.052" /><testcase classname="backend.tests.test_crm_module.TestTicketsCRUD" name="test_ticket_sla_computation_low" time="0.059" /><testcase classname="backend.tests.test_crm_module.TestTicketsCRUD" name="test_delete_ticket" time="0.105" /><testcase classname="backend.tests.test_crm_module.TestQuotationsCRUD" name="test_create_quotation_with_lines" time="0.059" /><testcase classname="backend.tests.test_crm_module.TestQuotationsCRUD" name="test_list_quotations" time="0.056" /><testcase classname="backend.tests.test_crm_module.TestQuotationsCRUD" name="test_update_quotation_recomputes_totals" time="0.114" /><testcase classname="backend.tests.test_crm_module.TestQuotationsCRUD" name="test_quotation_status_change" time="0.202" /><testcase classname="backend.tests.test_crm_module.TestQuotationsCRUD" name="test_create_quotation_with_lead_auto_updates_lead_stage" time="0.171" /><testcase classname="backend.tests.test_crm_module.TestQuotationsCRUD" name="test_delete_quotation" time="0.147" /><testcase classname="backend.tests.test_crm_module.TestQuotationsCRUD" name="test_convert_quotation_to_so_requires_bom" time="0.112" /><testcase classname="backend.tests.test_crm_module.TestQuotationsCRUD" name="test_convert_quotation_to_so_success" time="0.455" /><testcase classname="backend.tests.test_crm_module.TestQuotationsCRUD" name="test_converted_quotation_cannot_be_edited" time="0.204" /><testcase classname="backend.tests.test_crm_module.TestQuotationsCRUD" name="test_converted_quotation_cannot_be_deleted" time="0.185" /><testcase classname="backend.tests.test_crm_module.TestQuotationsCRUD" name="test_convert_quotation_updates_linked_lead_to_won" time="0.222" /></testsuite></testsuites>