<?xml version="1.0" encoding="utf-8"?><testsuites name="pytest tests"><testsuite name="pytest" errors="0" failures="1" skipped="0" tests="13" time="6.423" timestamp="2026-05-16T09:58:00.569896+00:00" hostname="agent-env-26db9a0f-ba87-4119-a973-2890ced6742c"><testcase classname="backend.tests.test_iteration_126.TestPartialOSStart" name="test_partial_outsource_stores_correct_fields" time="1.043" /><testcase classname="backend.tests.test_iteration_126.TestJWSOVendorChange" name="test_vendor_change_allowed_before_dc" time="0.819" /><testcase classname="backend.tests.test_iteration_126.TestJWSOVendorChange" name="test_vendor_change_blocked_after_dc" time="0.647" /><testcase classname="backend.tests.test_iteration_126.TestJWSOPartialQtyReduction" name="test_partial_qty_reduction_updates_mo_op" time="0.800"><failure message="AssertionError: op.outsourced_quantity should be 2, got 0&#10;assert 0 == 2&#10; +  where 0 = &lt;built-in method get of dict object at 0xf864d6c10180&gt;('outsourced_quantity')&#10; +    where &lt;built-in method get of dict object at 0xf864d6c10180&gt; = {'actual_start': '2026-04-19T17:26:53.498000', 'is_job_work': True, 'job_work_supplier_id': '2702912e-8f67-4a8d-87a8-e815f32227f8', 'operation_name': 'TEST_CONSOL_SC_ROUTING_1776505206', ...}.get">backend/tests/test_iteration_126.py:429: in test_partial_qty_reduction_updates_mo_op
    assert target_op.get("outsourced_quantity") == new_qty, \
E   AssertionError: op.outsourced_quantity should be 2, got 0
E   assert 0 == 2
E    +  where 0 = &lt;built-in method get of dict object at 0xf864d6c10180&gt;('outsourced_quantity')
E    +    where &lt;built-in method get of dict object at 0xf864d6c10180&gt; = {'actual_start': '2026-04-19T17:26:53.498000', 'is_job_work': True, 'job_work_supplier_id': '2702912e-8f67-4a8d-87a8-e815f32227f8', 'operation_name': 'TEST_CONSOL_SC_ROUTING_1776505206', ...}.get</failure></testcase><testcase classname="backend.tests.test_iteration_126.TestJWSOPartialQtyReduction" name="test_qty_reduction_to_zero_restores_op" time="0.720" /><testcase classname="backend.tests.test_iteration_126.TestQtyIncreaseBlock" name="test_cannot_increase_sc_line_qty" time="0.705" /><testcase classname="backend.tests.test_iteration_126.TestRegressionJWFlows" name="test_job_work_orders_api" time="0.703" /><testcase classname="backend.tests.test_iteration_126.TestRegressionJWFlows" name="test_job_work_challans_api" time="0.065" /><testcase classname="backend.tests.test_iteration_126.TestRegressionJWFlows" name="test_work_orders_api" time="0.190" /><testcase classname="backend.tests.test_iteration_126.TestRegressionMOInhouseFlows" name="test_mo_operation_start_inhouse" time="0.319" /><testcase classname="backend.tests.test_iteration_126.TestRegressionMOInhouseFlows" name="test_mo_operation_stop" time="0.121" /><testcase classname="backend.tests.test_iteration_126.TestRegressionAdminShortClose" name="test_op_level_short_close_endpoint_exists" time="0.062" /><testcase classname="backend.tests.test_iteration_126.TestRegressionAdminShortClose" name="test_sc_level_short_close_endpoint_exists" time="0.060" /></testsuite></testsuites>