<?xml version="1.0" encoding="utf-8"?><testsuites name="pytest tests"><testsuite name="pytest" errors="0" failures="0" skipped="1" tests="15" time="10.008" timestamp="2026-05-11T19:21:26.486325+00:00" hostname="agent-env-26db9a0f-ba87-4119-a973-2890ced6742c"><testcase classname="backend.tests.test_iteration_99_variant_inheritance.TestEffectiveVariantsEndpoint" name="test_effective_variants_component_returns_own" time="0.556" /><testcase classname="backend.tests.test_iteration_99_variant_inheritance.TestEffectiveVariantsEndpoint" name="test_effective_variants_fg_returns_inherited" time="0.186" /><testcase classname="backend.tests.test_iteration_99_variant_inheritance.TestEffectiveVariantsEndpoint" name="test_effective_variants_item_without_variants_returns_none" time="0.208" /><testcase classname="backend.tests.test_iteration_99_variant_inheritance.TestEffectiveVariantsEndpoint" name="test_effective_variants_nonexistent_item_returns_404" time="0.236" /><testcase classname="backend.tests.test_iteration_99_variant_inheritance.TestPreviewVariantsWithInheritance" name="test_preview_variants_fg_with_inherited" time="0.751" /><testcase classname="backend.tests.test_iteration_99_variant_inheritance.TestGenerateVariantsWithInheritance" name="test_generate_variants_fg_with_inherited" time="1.029" /><testcase classname="backend.tests.test_iteration_99_variant_inheritance.TestRecursiveInheritance" name="test_fg_inherits_from_sg_sub_bom" time="1.052" /><testcase classname="backend.tests.test_iteration_99_variant_inheritance.TestMergeDeduplicateVariants" name="test_inherited_variants_merged_and_deduplicated" time="0.988" /><testcase classname="backend.tests.test_iteration_99_variant_inheritance.TestWOCompletionVariantCredit" name="test_wo_completion_credits_variant_child_sku" time="1.570"><skipped type="pytest.skip" message="MO /start endpoint needs fix to handle BOM-based routings (routing_id=None)">/app/backend/tests/test_iteration_99_variant_inheritance.py:758: MO /start endpoint needs fix to handle BOM-based routings (routing_id=None)</skipped></testcase><testcase classname="backend.tests.test_iteration_99_variant_inheritance.TestLegacyOwnVariantsRegression" name="test_legacy_fg_effective_variants_returns_own" time="0.520" /><testcase classname="backend.tests.test_iteration_99_variant_inheritance.TestLegacyOwnVariantsRegression" name="test_legacy_fg_preview_uses_own" time="0.079" /><testcase classname="backend.tests.test_iteration_99_variant_inheritance.TestLegacyOwnVariantsRegression" name="test_legacy_fg_generate_uses_own" time="0.412" /><testcase classname="backend.tests.test_iteration_99_variant_inheritance.TestBOMCRUDRegression" name="test_bom_crud_still_works" time="0.755" /><testcase classname="backend.tests.test_iteration_99_variant_inheritance.TestSOCRUDRegression" name="test_so_crud_with_variant_selection" time="0.943" /><testcase classname="backend.tests.test_iteration_99_variant_inheritance.TestItemCRUDRegression" name="test_item_crud_still_works" time="0.590" /></testsuite></testsuites>