<?xml version="1.0" encoding="utf-8"?><testsuites name="pytest tests"><testsuite name="pytest" errors="0" failures="0" skipped="0" tests="12" time="12.224" timestamp="2026-05-11T07:33:25.757365+00:00" hostname="agent-env-26db9a0f-ba87-4119-a973-2890ced6742c"><testcase classname="backend.tests.test_iteration_97_quotation_so_prefill.TestQuotationSOPrefill" name="test_quotation_balance_endpoint_returns_per_line_balance" time="0.956" /><testcase classname="backend.tests.test_iteration_97_quotation_so_prefill.TestQuotationSOPrefill" name="test_create_so_from_quotation_increments_consumed_qty" time="1.021" /><testcase classname="backend.tests.test_iteration_97_quotation_so_prefill.TestQuotationSOPrefill" name="test_partial_conversion_keeps_quotation_status" time="1.051" /><testcase classname="backend.tests.test_iteration_97_quotation_so_prefill.TestQuotationSOPrefill" name="test_full_conversion_flips_quotation_to_converted" time="1.170" /><testcase classname="backend.tests.test_iteration_97_quotation_so_prefill.TestQuotationSOPrefill" name="test_cancel_so_restores_quotation_balance" time="1.146" /><testcase classname="backend.tests.test_iteration_97_quotation_so_prefill.TestMTSMTOConfirmFlow" name="test_mts_confirm_ignores_fg_stock" time="0.776" /><testcase classname="backend.tests.test_iteration_97_quotation_so_prefill.TestMTSMTOConfirmFlow" name="test_mto_confirm_uses_fg_stock_first" time="0.842" /><testcase classname="backend.tests.test_iteration_97_quotation_so_prefill.TestMTSMTOConfirmFlow" name="test_legacy_auto_order_type_normalizes_to_mts" time="0.709" /><testcase classname="backend.tests.test_iteration_97_quotation_so_prefill.TestMTSMTOConfirmFlow" name="test_invalid_order_type_returns_400" time="0.649" /><testcase classname="backend.tests.test_iteration_97_quotation_so_prefill.TestChildReservations" name="test_child_reserved_stock_on_mo_creation" time="1.074" /><testcase classname="backend.tests.test_iteration_97_quotation_so_prefill.TestChildReservations" name="test_mo_cancel_releases_child_reserved_stock" time="1.208" /><testcase classname="backend.tests.test_iteration_97_quotation_so_prefill.TestSOSourceQuotationDisplay" name="test_so_list_returns_source_quotation_no" time="1.509" /></testsuite></testsuites>