<?xml version="1.0" encoding="utf-8"?><testsuites name="pytest tests"><testsuite name="pytest" errors="0" failures="0" skipped="0" tests="8" time="1.643" timestamp="2026-04-18T19:01:35.567527+00:00" hostname="agent-env-26db9a0f-ba87-4119-a973-2890ced6742c"><testcase classname="backend.tests.test_iteration_58.TestFix1_ManualSCCreatePullsBOMCosts" name="test_manual_sc_create_pulls_bom_process_cost" time="0.623" /><testcase classname="backend.tests.test_iteration_58.TestFix1_Regression_UserChargesPreserved" name="test_user_provided_charges_preserved" time="0.052" /><testcase classname="backend.tests.test_iteration_58.TestFix1_ManualSCUpdatePullsBOMCosts" name="test_manual_sc_update_pulls_bom_charges" time="0.105" /><testcase classname="backend.tests.test_iteration_58.TestFix2_WithMaterialSCBehavior" name="test_with_material_sc_pulls_bom_costs" time="0.121" /><testcase classname="backend.tests.test_iteration_58.TestFix4_ProcessNamesStored" name="test_process_names_from_component_routings" time="0.049" /><testcase classname="backend.tests.test_iteration_58.TestFix4_ProcessNamesStored" name="test_process_names_from_parent_bom" time="0.097" /><testcase classname="backend.tests.test_iteration_58.TestBackfilledSCsHaveProcessNames" name="test_existing_scs_have_process_names" time="0.328" /><testcase classname="backend.tests.test_iteration_58.TestDCPrintProcessColumn" name="test_dc_has_process_info" time="0.181" /></testsuite></testsuites>