<?xml version="1.0" encoding="utf-8"?><testsuites name="pytest tests"><testsuite name="pytest" errors="0" failures="0" skipped="0" tests="7" time="7.515" timestamp="2026-04-17T13:54:23.953664+00:00" hostname="agent-env-26db9a0f-ba87-4119-a973-2890ced6742c"><testcase classname="backend.tests.test_four_fixes_iteration43.TestFix1BOMExplosionCosts" name="test_01_login_works" time="0.568" /><testcase classname="backend.tests.test_four_fixes_iteration43.TestFix1BOMExplosionCosts" name="test_02_bom_explosion_returns_process_cost_fields" time="0.648" /><testcase classname="backend.tests.test_four_fixes_iteration43.TestFix2And3OperationOutsourcingSC" name="test_03_outsource_op1_creates_sc_with_job_work_parts" time="1.283" /><testcase classname="backend.tests.test_four_fixes_iteration43.TestFix2And3OperationOutsourcingSC" name="test_04_outsource_op2_same_supplier_consolidates" time="1.485" /><testcase classname="backend.tests.test_four_fixes_iteration43.TestFix2And3OperationOutsourcingSC" name="test_05_outsource_op3_different_supplier_creates_separate_sc" time="1.441" /><testcase classname="backend.tests.test_four_fixes_iteration43.TestRegressions" name="test_06_inhouse_operation_with_process_cost_still_works" time="0.914" /><testcase classname="backend.tests.test_four_fixes_iteration43.TestFix4ConfirmationDialog" name="test_07_backend_handles_outsource_request" time="1.024" /></testsuite></testsuites>