<?xml version="1.0" encoding="utf-8"?><testsuites name="pytest tests"><testsuite name="pytest" errors="0" failures="1" skipped="1" tests="11" time="5.305" timestamp="2026-04-12T08:01:18.375994+00:00" hostname="agent-env-26db9a0f-ba87-4119-a973-2890ced6742c"><testcase classname="backend.tests.test_mo_enhancements.TestMOEnhancements" name="test_get_production_orders_with_quantity" time="0.499" /><testcase classname="backend.tests.test_mo_enhancements.TestMOEnhancements" name="test_operation_start_with_operator_and_quantity" time="0.451" /><testcase classname="backend.tests.test_mo_enhancements.TestMOEnhancements" name="test_operation_stop_with_quality_result" time="0.448" /><testcase classname="backend.tests.test_mo_enhancements.TestMOEnhancements" name="test_operation_stop_with_reject_quality" time="0.477"><failure message="AssertionError: Reject qty not recorded&#10;assert 0 &gt;= 1&#10; +  where 0 = &lt;built-in method get of dict object at 0xf9e1cc8e0ec0&gt;('quantity_rejected', 0)&#10; +    where &lt;built-in method get of dict object at 0xf9e1cc8e0ec0&gt; = {'actual_start': '2026-04-10T22:20:00.204000', 'notes': 'TEST: 1 piece rejected due to defect', 'operation_name': 'Cut Steel Sheets', 'quantity_accepted': 0, ...}.get">backend/tests/test_mo_enhancements.py:207: in test_operation_stop_with_reject_quality
    assert updated_op.get("quantity_rejected", 0) &gt;= 1, "Reject qty not recorded"
E   AssertionError: Reject qty not recorded
E   assert 0 &gt;= 1
E    +  where 0 = &lt;built-in method get of dict object at 0xf9e1cc8e0ec0&gt;('quantity_rejected', 0)
E    +    where &lt;built-in method get of dict object at 0xf9e1cc8e0ec0&gt; = {'actual_start': '2026-04-10T22:20:00.204000', 'notes': 'TEST: 1 piece rejected due to defect', 'operation_name': 'Cut Steel Sheets', 'quantity_accepted': 0, ...}.get</failure></testcase><testcase classname="backend.tests.test_mo_enhancements.TestMOEnhancements" name="test_partial_production_resume_with_new_operator" time="0.436" /><testcase classname="backend.tests.test_mo_enhancements.TestMOEnhancements" name="test_operation_complete_with_quality_data" time="0.463" /><testcase classname="backend.tests.test_mo_enhancements.TestMOEnhancements" name="test_print_data_includes_child_mos" time="0.538" /><testcase classname="backend.tests.test_mo_enhancements.TestMOEnhancements" name="test_print_data_includes_company_logo_and_tagline" time="0.459" /><testcase classname="backend.tests.test_mo_enhancements.TestMOEnhancements" name="test_cannot_update_pending_wo_operations" time="0.409"><skipped type="pytest.skip" message="No pending WO with operations found">/app/backend/tests/test_mo_enhancements.py:400: No pending WO with operations found</skipped></testcase><testcase classname="backend.tests.test_mo_enhancements.TestMOEnhancements" name="test_cannot_start_operation_before_previous_completed" time="0.432" /><testcase classname="backend.tests.test_mo_enhancements.TestWorkOrderOperationModel" name="test_operation_update_model_accepts_all_fields" time="0.476" /></testsuite></testsuites>