<?xml version="1.0" encoding="utf-8"?><testsuites name="pytest tests"><testsuite name="pytest" errors="0" failures="0" skipped="0" tests="13" time="6.090" timestamp="2026-04-12T18:38:27.578426+00:00" hostname="agent-env-26db9a0f-ba87-4119-a973-2890ced6742c"><testcase classname="backend.tests.test_sc_direct_flow.TestSCDirectFlow" name="test_01_sales_order_search_exists" time="0.435" /><testcase classname="backend.tests.test_sc_direct_flow.TestSCDirectFlow" name="test_02_get_confirmed_sales_order" time="0.467" /><testcase classname="backend.tests.test_sc_direct_flow.TestSCDirectFlow" name="test_03_get_suppliers" time="0.376" /><testcase classname="backend.tests.test_sc_direct_flow.TestSCDirectFlow" name="test_04_get_routings" time="0.390" /><testcase classname="backend.tests.test_sc_direct_flow.TestSCDirectFlow" name="test_05_get_boms" time="0.382" /><testcase classname="backend.tests.test_sc_direct_flow.TestSCDirectFlow" name="test_06_sc_direct_creates_sc_order_not_mo" time="0.552" /><testcase classname="backend.tests.test_sc_direct_flow.TestSCDirectFlow" name="test_07_sc_order_has_required_fields" time="0.441" /><testcase classname="backend.tests.test_sc_direct_flow.TestSCDirectFlow" name="test_08_sc_order_lines_contain_bom_components" time="0.483" /><testcase classname="backend.tests.test_sc_direct_flow.TestSCDirectFlow" name="test_09_with_material_creates_dc" time="0.487" /><testcase classname="backend.tests.test_sc_direct_flow.TestSCDirectFlow" name="test_10_without_material_no_dc" time="0.418" /><testcase classname="backend.tests.test_sc_direct_flow.TestSCDirectFlow" name="test_11_consolidation_same_supplier_same_so" time="0.649" /><testcase classname="backend.tests.test_sc_direct_flow.TestSCDirectFlow" name="test_12_normal_mo_creation_still_works" time="0.526" /><testcase classname="backend.tests.test_sc_direct_flow.TestSalesOrderSearch" name="test_sales_order_list_has_searchable_fields" time="0.387" /></testsuite></testsuites>