<?xml version="1.0" encoding="utf-8"?><testsuites name="pytest tests"><testsuite name="pytest" errors="0" failures="0" skipped="0" tests="2" time="3.887" timestamp="2026-04-16T08:48:16.626292+00:00" hostname="agent-env-26db9a0f-ba87-4119-a973-2890ced6742c"><testcase classname="backend.tests.test_sc_rm_resolution_bug.TestSCRMResolutionBug" name="test_sc_rm_resolution_e2e" time="2.762" /><testcase classname="backend.tests.test_sc_rm_resolution_bug.TestSCRMResolutionBug" name="test_sc_recalculation_on_second_create_sc_call" time="1.029" /></testsuite></testsuites>