<?xml version="1.0" encoding="utf-8"?><testsuites name="pytest tests"><testsuite name="pytest" errors="0" failures="0" skipped="0" tests="14" time="1.724" timestamp="2026-04-11T08:14:16.897772+00:00" hostname="agent-env-26db9a0f-ba87-4119-a973-2890ced6742c"><testcase classname="backend.tests.test_four_fixes.TestMRPDemandRawMaterialsOnly" name="test_mrp_demand_returns_only_raw_materials" time="0.513" /><testcase classname="backend.tests.test_four_fixes.TestMRPDemandRawMaterialsOnly" name="test_mrp_demand_excludes_sub_assemblies" time="0.048" /><testcase classname="backend.tests.test_four_fixes.TestMRPDemandRawMaterialsOnly" name="test_mrp_demand_excludes_components" time="0.055" /><testcase classname="backend.tests.test_four_fixes.TestMRPDemandRawMaterialsOnly" name="test_mrp_demand_excludes_finished_goods" time="0.043" /><testcase classname="backend.tests.test_four_fixes.TestInsufficientMaterialsShowsNameAndCode" name="test_start_wo_insufficient_materials_includes_name" time="0.199" /><testcase classname="backend.tests.test_four_fixes.TestParentWOBlockedByIncompleteChildren" name="test_get_work_orders_with_parent_child_relationships" time="0.051" /><testcase classname="backend.tests.test_four_fixes.TestParentWOBlockedByIncompleteChildren" name="test_start_parent_wo_blocked_by_incomplete_children" time="0.128" /><testcase classname="backend.tests.test_four_fixes.TestParentWOBlockedByIncompleteChildren" name="test_wo_000004_has_child_wo_000005" time="0.127" /><testcase classname="backend.tests.test_four_fixes.TestBOMExplosionRollupCosting" name="test_bom_explode_includes_unit_cost" time="0.079" /><testcase classname="backend.tests.test_four_fixes.TestBOMExplosionRollupCosting" name="test_bom_explode_includes_extended_cost" time="0.081" /><testcase classname="backend.tests.test_four_fixes.TestBOMExplosionRollupCosting" name="test_bom_explode_includes_total_rollup_cost" time="0.097" /><testcase classname="backend.tests.test_four_fixes.TestBOMExplosionRollupCosting" name="test_bom_explode_extended_cost_calculation" time="0.080" /><testcase classname="backend.tests.test_four_fixes.TestBOMExplosionRollupCosting" name="test_bom_explode_total_cost_is_sum_of_extended" time="0.081" /><testcase classname="backend.tests.test_four_fixes.TestExistingWorkOrderFlows" name="test_start_wo_without_children_works" time="0.047" /></testsuite></testsuites>