<?xml version="1.0" encoding="utf-8"?><testsuites name="pytest tests"><testsuite name="pytest" errors="0" failures="0" skipped="0" tests="10" time="1.346" timestamp="2026-04-14T05:52:35.548078+00:00" hostname="agent-env-26db9a0f-ba87-4119-a973-2890ced6742c"><testcase classname="backend.tests.test_five_fixes_v2.TestMOConsumesAllBOMComponents" name="test_get_fg_item_with_mixed_bom" time="0.574" /><testcase classname="backend.tests.test_five_fixes_v2.TestMOConsumesAllBOMComponents" name="test_mo_start_consumes_all_categories" time="0.054" /><testcase classname="backend.tests.test_five_fixes_v2.TestSCOrderJobWorkParts" name="test_sc_orders_have_job_work_parts" time="0.073" /><testcase classname="backend.tests.test_five_fixes_v2.TestSCOrderJobWorkParts" name="test_auto_created_sc_order_has_parent_item_in_jwp" time="0.057" /><testcase classname="backend.tests.test_five_fixes_v2.TestDCChallansItemsColumn" name="test_dc_challans_lines_structure" time="0.066" /><testcase classname="backend.tests.test_five_fixes_v2.TestDCChallansItemsColumn" name="test_dc_has_job_work_parts_enriched" time="0.054" /><testcase classname="backend.tests.test_five_fixes_v2.TestDCPrintJobWorkPartDetails" name="test_dc_has_data_for_print" time="0.049" /><testcase classname="backend.tests.test_five_fixes_v2.TestBOMPageOnlyFGTopLevel" name="test_bom_list_has_parent_item_category" time="0.058" /><testcase classname="backend.tests.test_five_fixes_v2.TestBOMPageOnlyFGTopLevel" name="test_fg_bom_explosion_includes_sa_children" time="0.098" /><testcase classname="backend.tests.test_five_fixes_v2.TestEndToEndSCFlow" name="test_get_existing_sc_mo_data" time="0.057" /></testsuite></testsuites>