<?xml version="1.0" encoding="utf-8"?><testsuites name="pytest tests"><testsuite name="pytest" errors="0" failures="0" skipped="0" tests="16" time="5.818" timestamp="2026-04-21T11:16:46.945674+00:00" hostname="agent-env-26db9a0f-ba87-4119-a973-2890ced6742c"><testcase classname="backend.tests.test_crm_batch_fixes.TestAuth" name="test_login" time="0.476" /><testcase classname="backend.tests.test_crm_batch_fixes.TestPartDeleteReferentialIntegrity" name="test_delete_unreferenced_item_succeeds" time="0.444" /><testcase classname="backend.tests.test_crm_batch_fixes.TestPartDeleteReferentialIntegrity" name="test_delete_item_referenced_in_quotation_blocked" time="0.266" /><testcase classname="backend.tests.test_crm_batch_fixes.TestPartDeleteReferentialIntegrity" name="test_delete_item_referenced_in_ticket_blocked" time="0.300" /><testcase classname="backend.tests.test_crm_batch_fixes.TestQuotationDiscountAndTotals" name="test_quotation_discount_calculation" time="0.423" /><testcase classname="backend.tests.test_crm_batch_fixes.TestQuotationDiscountAndTotals" name="test_quotation_multiple_lines_with_discount" time="0.092" /><testcase classname="backend.tests.test_crm_batch_fixes.TestQuotationAcceptAutoConvert" name="test_accept_quotation_auto_converts_to_so" time="0.784" /><testcase classname="backend.tests.test_crm_batch_fixes.TestQuotationLockingBehavior" name="test_draft_quotation_not_locked" time="0.428" /><testcase classname="backend.tests.test_crm_batch_fixes.TestQuotationLockingBehavior" name="test_converted_quotation_locked_when_so_active" time="0.411" /><testcase classname="backend.tests.test_crm_batch_fixes.TestQuotationLockingBehavior" name="test_quotation_unlocked_when_so_cancelled" time="0.360" /><testcase classname="backend.tests.test_crm_batch_fixes.TestLeadAndCustomerImport" name="test_import_leads_with_auto_customer_creation" time="0.424" /><testcase classname="backend.tests.test_crm_batch_fixes.TestLeadAndCustomerImport" name="test_import_leads_missing_name_skipped" time="0.043" /><testcase classname="backend.tests.test_crm_batch_fixes.TestLeadAndCustomerImport" name="test_import_customers_with_duplicate_skip" time="0.092" /><testcase classname="backend.tests.test_crm_batch_fixes.TestLeadAndTicketDelete" name="test_delete_lead" time="0.508" /><testcase classname="backend.tests.test_crm_batch_fixes.TestLeadAndTicketDelete" name="test_delete_ticket" time="0.174" /><testcase classname="backend.tests.test_crm_batch_fixes.TestQuotationDraftDelete" name="test_delete_draft_quotation" time="0.472" /></testsuite></testsuites>