<?xml version="1.0" encoding="utf-8"?><testsuites name="pytest tests"><testsuite name="pytest" errors="0" failures="0" skipped="0" tests="25" time="6.263" timestamp="2026-04-18T08:11:15.213310+00:00" hostname="agent-env-26db9a0f-ba87-4119-a973-2890ced6742c"><testcase classname="backend.tests.test_job_os_new_features.TestDCCreatedExcludesConsolidation" name="test_01_login" time="0.505" /><testcase classname="backend.tests.test_job_os_new_features.TestDCCreatedExcludesConsolidation" name="test_02_create_test_items" time="0.260" /><testcase classname="backend.tests.test_job_os_new_features.TestDCCreatedExcludesConsolidation" name="test_03_create_supplier" time="0.067" /><testcase classname="backend.tests.test_job_os_new_features.TestDCCreatedExcludesConsolidation" name="test_04_create_routing" time="0.068" /><testcase classname="backend.tests.test_job_os_new_features.TestDCCreatedExcludesConsolidation" name="test_05_create_boms" time="0.158" /><testcase classname="backend.tests.test_job_os_new_features.TestDCCreatedExcludesConsolidation" name="test_06_create_production_orders" time="0.163" /><testcase classname="backend.tests.test_job_os_new_features.TestDCCreatedExcludesConsolidation" name="test_07_create_work_orders" time="0.182" /><testcase classname="backend.tests.test_job_os_new_features.TestDCCreatedExcludesConsolidation" name="test_08_start_work_orders" time="0.294" /><testcase classname="backend.tests.test_job_os_new_features.TestDCCreatedExcludesConsolidation" name="test_09_outsource_op_a_to_supplier" time="0.367" /><testcase classname="backend.tests.test_job_os_new_features.TestDCCreatedExcludesConsolidation" name="test_10_outsource_op_b_consolidates_into_sc1" time="0.355" /><testcase classname="backend.tests.test_job_os_new_features.TestDCCreatedExcludesConsolidation" name="test_11_send_dc_for_sc1" time="0.062" /><testcase classname="backend.tests.test_job_os_new_features.TestDCCreatedExcludesConsolidation" name="test_12_verify_sc1_has_dc_created_true" time="0.332" /><testcase classname="backend.tests.test_job_os_new_features.TestDCCreatedExcludesConsolidation" name="test_13_outsource_op_c_creates_new_sc" time="0.383" /><testcase classname="backend.tests.test_job_os_new_features.TestJWGRNForJobOS" name="test_01_login" time="0.369" /><testcase classname="backend.tests.test_job_os_new_features.TestJWGRNForJobOS" name="test_02_create_test_items" time="0.106" /><testcase classname="backend.tests.test_job_os_new_features.TestJWGRNForJobOS" name="test_03_create_supplier" time="0.046" /><testcase classname="backend.tests.test_job_os_new_features.TestJWGRNForJobOS" name="test_04_create_routing_bom_po_wo" time="0.293" /><testcase classname="backend.tests.test_job_os_new_features.TestJWGRNForJobOS" name="test_05_outsource_operation" time="0.411" /><testcase classname="backend.tests.test_job_os_new_features.TestJWGRNForJobOS" name="test_06_send_dc" time="0.048" /><testcase classname="backend.tests.test_job_os_new_features.TestJWGRNForJobOS" name="test_07_verify_sc_is_pending_for_grn" time="0.351" /><testcase classname="backend.tests.test_job_os_new_features.TestJWGRNForJobOS" name="test_08_receive_grn_for_job_os" time="0.124" /><testcase classname="backend.tests.test_job_os_new_features.TestJWGRNForJobOS" name="test_09_verify_stock_added" time="0.045" /><testcase classname="backend.tests.test_job_os_new_features.TestJWGRNForJobOS" name="test_10_verify_sc_completed" time="0.313" /><testcase classname="backend.tests.test_job_os_new_features.TestNoPOForJobOS" name="test_01_login" time="0.383" /><testcase classname="backend.tests.test_job_os_new_features.TestNoPOForJobOS" name="test_02_verify_job_os_sc_has_job_work_parts" time="0.346" /></testsuite></testsuites>