<?xml version="1.0" encoding="utf-8"?><testsuites name="pytest tests"><testsuite name="pytest" errors="0" failures="5" skipped="0" tests="25" time="2.848" timestamp="2026-04-17T18:41:46.062635+00:00" hostname="agent-env-26db9a0f-ba87-4119-a973-2890ced6742c"><testcase classname="backend.tests.test_jw_grn_bom_rollup.TestJWGRNInvoiceAndEditablePrice" name="test_01_login" time="0.455" /><testcase classname="backend.tests.test_jw_grn_bom_rollup.TestJWGRNInvoiceAndEditablePrice" name="test_02_create_test_items" time="0.129" /><testcase classname="backend.tests.test_jw_grn_bom_rollup.TestJWGRNInvoiceAndEditablePrice" name="test_03_create_supplier" time="0.061" /><testcase classname="backend.tests.test_jw_grn_bom_rollup.TestJWGRNInvoiceAndEditablePrice" name="test_04_create_sc_order" time="0.061" /><testcase classname="backend.tests.test_jw_grn_bom_rollup.TestJWGRNInvoiceAndEditablePrice" name="test_05_confirm_sc_order" time="0.059" /><testcase classname="backend.tests.test_jw_grn_bom_rollup.TestJWGRNInvoiceAndEditablePrice" name="test_06_send_dc" time="0.086" /><testcase classname="backend.tests.test_jw_grn_bom_rollup.TestJWGRNInvoiceAndEditablePrice" name="test_07_jw_grn_without_invoice_no_behavior" time="0.062" /><testcase classname="backend.tests.test_jw_grn_bom_rollup.TestJWGRNInvoiceAndEditablePrice" name="test_08_jw_grn_with_custom_process_charges" time="0.066" /><testcase classname="backend.tests.test_jw_grn_bom_rollup.TestJWGRNInvoiceAndEditablePrice" name="test_09_verify_grn_stores_custom_price" time="0.127" /><testcase classname="backend.tests.test_jw_grn_bom_rollup.TestBOMRollupCostOnSC" name="test_01_login" time="0.336" /><testcase classname="backend.tests.test_jw_grn_bom_rollup.TestBOMRollupCostOnSC" name="test_02_create_items_with_known_cost" time="0.097" /><testcase classname="backend.tests.test_jw_grn_bom_rollup.TestBOMRollupCostOnSC" name="test_03_create_supplier" time="0.057" /><testcase classname="backend.tests.test_jw_grn_bom_rollup.TestBOMRollupCostOnSC" name="test_04_create_routing" time="0.062" /><testcase classname="backend.tests.test_jw_grn_bom_rollup.TestBOMRollupCostOnSC" name="test_05_create_bom" time="0.048"><failure message="AssertionError: Failed to create BOM: {&quot;detail&quot;:[{&quot;type&quot;:&quot;missing&quot;,&quot;loc&quot;:[&quot;body&quot;,&quot;parent_item_id&quot;],&quot;msg&quot;:&quot;Field required&quot;,&quot;input&quot;:{&quot;name&quot;:&quot;BOM for TEST_FG_BRC_7d3905e0&quot;,&quot;item_id&quot;:&quot;2e130d43-bfed-4c6f-9d08-c7ea7fb9992d&quot;,&quot;components&quot;:[{&quot;item_id&quot;:&quot;ed082984-9037-482e-b061-7cda08d9e014&quot;,&quot;quantity&quot;:2}],&quot;status&quot;:&quot;active&quot;},&quot;url&quot;:&quot;https://errors.pydantic.dev/2.12/v/missing&quot;}]}&#10;assert 422 == 201&#10; +  where 422 = &lt;Response [422]&gt;.status_code">backend/tests/test_jw_grn_bom_rollup.py:331: in test_05_create_bom
    assert response.status_code == 201, f"Failed to create BOM: {response.text}"
E   AssertionError: Failed to create BOM: {"detail":[{"type":"missing","loc":["body","parent_item_id"],"msg":"Field required","input":{"name":"BOM for TEST_FG_BRC_7d3905e0","item_id":"2e130d43-bfed-4c6f-9d08-c7ea7fb9992d","components":[{"item_id":"ed082984-9037-482e-b061-7cda08d9e014","quantity":2}],"status":"active"},"url":"https://errors.pydantic.dev/2.12/v/missing"}]}
E   assert 422 == 201
E    +  where 422 = &lt;Response [422]&gt;.status_code</failure></testcase><testcase classname="backend.tests.test_jw_grn_bom_rollup.TestBOMRollupCostOnSC" name="test_06_create_production_order" time="0.000"><failure message="KeyError: 'bom'">backend/tests/test_jw_grn_bom_rollup.py:338: in test_06_create_production_order
    "bom_id": TestBOMRollupCostOnSC.test_data["bom"]["id"],
              ^^^^^^^^^^^^^^^^^^^^^^^^^^^^^^^^^^^^^^
E   KeyError: 'bom'</failure></testcase><testcase classname="backend.tests.test_jw_grn_bom_rollup.TestBOMRollupCostOnSC" name="test_07_create_work_order" time="0.000"><failure message="KeyError: 'po'">backend/tests/test_jw_grn_bom_rollup.py:352: in test_07_create_work_order
    "production_order_id": TestBOMRollupCostOnSC.test_data["po"]["id"],
                           ^^^^^^^^^^^^^^^^^^^^^^^^^^^^^^^^^^^^^
E   KeyError: 'po'</failure></testcase><testcase classname="backend.tests.test_jw_grn_bom_rollup.TestBOMRollupCostOnSC" name="test_08_create_sc_via_create_sc_endpoint" time="0.000"><failure message="KeyError: 'wo'">backend/tests/test_jw_grn_bom_rollup.py:365: in test_08_create_sc_via_create_sc_endpoint
    wo_id = TestBOMRollupCostOnSC.test_data["wo"]["id"]
            ^^^^^^^^^^^^^^^^^^^^^^^^^^^^^^^^^^^^^
E   KeyError: 'wo'</failure></testcase><testcase classname="backend.tests.test_jw_grn_bom_rollup.TestRegressionDCAndGRN" name="test_01_login" time="0.346" /><testcase classname="backend.tests.test_jw_grn_bom_rollup.TestRegressionDCAndGRN" name="test_02_create_test_items" time="0.116" /><testcase classname="backend.tests.test_jw_grn_bom_rollup.TestRegressionDCAndGRN" name="test_03_create_supplier" time="0.049" /><testcase classname="backend.tests.test_jw_grn_bom_rollup.TestRegressionDCAndGRN" name="test_04_create_sc_order" time="0.056" /><testcase classname="backend.tests.test_jw_grn_bom_rollup.TestRegressionDCAndGRN" name="test_05_confirm_sc_order" time="0.052" /><testcase classname="backend.tests.test_jw_grn_bom_rollup.TestRegressionDCAndGRN" name="test_06_dc_deducts_rm_stock" time="0.162" /><testcase classname="backend.tests.test_jw_grn_bom_rollup.TestRegressionDCAndGRN" name="test_07_jw_grn_adds_sa_stock" time="0.163" /><testcase classname="backend.tests.test_jw_grn_bom_rollup.TestRegressionDCAndGRN" name="test_08_jw_grn_completes_sc" time="0.050"><failure message="assert 404 == 200&#10; +  where 404 = &lt;Response [404]&gt;.status_code">backend/tests/test_jw_grn_bom_rollup.py:582: in test_08_jw_grn_completes_sc
    assert sc_resp.status_code == 200
E   assert 404 == 200
E    +  where 404 = &lt;Response [404]&gt;.status_code</failure></testcase></testsuite></testsuites>