<?xml version="1.0" encoding="utf-8"?><testsuites name="pytest tests"><testsuite name="pytest" errors="0" failures="0" skipped="0" tests="12" time="3.784" timestamp="2026-05-17T08:19:52.924006+00:00" hostname="agent-env-26db9a0f-ba87-4119-a973-2890ced6742c"><testcase classname="backend.tests.test_iteration_130_tax_invoice_stock_tally.TestTaxInvoiceStockConsumption" name="test_issued_invoice_consumes_stock" time="0.958" /><testcase classname="backend.tests.test_iteration_130_tax_invoice_stock_tally.TestTaxInvoiceStockConsumption" name="test_draft_invoice_does_not_consume_stock" time="0.168" /><testcase classname="backend.tests.test_iteration_130_tax_invoice_stock_tally.TestTaxInvoiceStockConsumption" name="test_draft_to_issued_consumes_stock_once" time="0.230" /><testcase classname="backend.tests.test_iteration_130_tax_invoice_stock_tally.TestTaxInvoiceStockConsumption" name="test_issued_to_cancelled_restores_stock" time="0.290" /><testcase classname="backend.tests.test_iteration_130_tax_invoice_stock_tally.TestPackingListDuplicateGuardSelfHeal" name="test_packing_list_duplicate_blocked_and_self_heals" time="0.343" /><testcase classname="backend.tests.test_iteration_130_tax_invoice_stock_tally.TestTallyXMLSellerDetails" name="test_tally_xml_contains_seller_details" time="0.226" /><testcase classname="backend.tests.test_iteration_130_tax_invoice_stock_tally.TestTallyXMLSellerDetails" name="test_tally_xml_bulk_contains_svcurrentcompany" time="0.245" /><testcase classname="backend.tests.test_iteration_130_tax_invoice_stock_tally.TestRegressionPITallyGRNJW" name="test_pi_tally_xml_single" time="0.127" /><testcase classname="backend.tests.test_iteration_130_tax_invoice_stock_tally.TestRegressionPITallyGRNJW" name="test_pi_tally_xml_bulk" time="0.135" /><testcase classname="backend.tests.test_iteration_130_tax_invoice_stock_tally.TestRegressionPITallyGRNJW" name="test_grn_list_endpoint" time="0.054" /><testcase classname="backend.tests.test_iteration_130_tax_invoice_stock_tally.TestRegressionPITallyGRNJW" name="test_pending_grns_endpoint" time="0.058" /><testcase classname="backend.tests.test_iteration_130_tax_invoice_stock_tally.TestRegressionPITallyGRNJW" name="test_subcontract_orders_list" time="0.852" /></testsuite></testsuites>