<?xml version="1.0" encoding="utf-8"?><testsuites name="pytest tests"><testsuite name="pytest" errors="0" failures="0" skipped="0" tests="31" time="4.692" timestamp="2026-04-17T17:23:26.651531+00:00" hostname="agent-env-26db9a0f-ba87-4119-a973-2890ced6742c"><testcase classname="backend.tests.test_phase1_sc_po_grn_flow.TestPhase1SCPOGRNFlow" name="test_01_login" time="0.436" /><testcase classname="backend.tests.test_phase1_sc_po_grn_flow.TestPhase1SCPOGRNFlow" name="test_02_create_test_items" time="0.166" /><testcase classname="backend.tests.test_phase1_sc_po_grn_flow.TestPhase1SCPOGRNFlow" name="test_03_create_supplier" time="0.053" /><testcase classname="backend.tests.test_phase1_sc_po_grn_flow.TestPhase1SCPOGRNFlow" name="test_04_create_routing" time="0.051" /><testcase classname="backend.tests.test_phase1_sc_po_grn_flow.TestPhase1SCPOGRNFlow" name="test_05_create_bom_with_routings" time="0.058" /><testcase classname="backend.tests.test_phase1_sc_po_grn_flow.TestPhase1SCPOGRNFlow" name="test_06_bom_explosion_shows_cost_columns" time="0.059" /><testcase classname="backend.tests.test_phase1_sc_po_grn_flow.TestPhase1SCPOGRNFlow" name="test_07_create_production_order" time="0.052" /><testcase classname="backend.tests.test_phase1_sc_po_grn_flow.TestPhase1SCPOGRNFlow" name="test_08_confirm_production_order" time="0.053" /><testcase classname="backend.tests.test_phase1_sc_po_grn_flow.TestPhase1SCPOGRNFlow" name="test_09_create_work_order_with_subcontract" time="0.054" /><testcase classname="backend.tests.test_phase1_sc_po_grn_flow.TestPhase1SCPOGRNFlow" name="test_10_create_sc_order_with_rm" time="0.060" /><testcase classname="backend.tests.test_phase1_sc_po_grn_flow.TestPhase1SCPOGRNFlow" name="test_11_confirm_sc_order" time="0.057" /><testcase classname="backend.tests.test_phase1_sc_po_grn_flow.TestPhase1SCPOGRNFlow" name="test_12_send_dc_for_sc_with_rm_deducts_stock" time="0.168" /><testcase classname="backend.tests.test_phase1_sc_po_grn_flow.TestPhase1SCPOGRNFlow" name="test_13_create_po_from_sc" time="0.052" /><testcase classname="backend.tests.test_phase1_sc_po_grn_flow.TestPhase1SCPOGRNFlow" name="test_14_verify_sc_marked_po_created" time="0.237" /><testcase classname="backend.tests.test_phase1_sc_po_grn_flow.TestPhase1SCPOGRNFlow" name="test_15_verify_po_has_job_work_parts_as_lines" time="0.055" /><testcase classname="backend.tests.test_phase1_sc_po_grn_flow.TestPhase1SCPOGRNFlow" name="test_16_approve_po" time="0.050" /><testcase classname="backend.tests.test_phase1_sc_po_grn_flow.TestPhase1SCPOGRNFlow" name="test_17_create_grn_against_sc_linked_po" time="0.169" /><testcase classname="backend.tests.test_phase1_sc_po_grn_flow.TestPhase1SCPOGRNFlow" name="test_18_verify_sc_completed_after_grn" time="0.258" /><testcase classname="backend.tests.test_phase1_sc_po_grn_flow.TestJobCardOutsourceDC" name="test_01_create_test_items_for_outsource" time="0.465" /><testcase classname="backend.tests.test_phase1_sc_po_grn_flow.TestJobCardOutsourceDC" name="test_02_create_supplier_for_outsource" time="0.050" /><testcase classname="backend.tests.test_phase1_sc_po_grn_flow.TestJobCardOutsourceDC" name="test_03_create_sc_order_without_material" time="0.055" /><testcase classname="backend.tests.test_phase1_sc_po_grn_flow.TestJobCardOutsourceDC" name="test_04_confirm_outsource_sc_order" time="0.052" /><testcase classname="backend.tests.test_phase1_sc_po_grn_flow.TestJobCardOutsourceDC" name="test_05_send_dc_with_skip_stock_deduct_true" time="0.155" /><testcase classname="backend.tests.test_phase1_sc_po_grn_flow.TestJobCardOutsourceDC" name="test_06_verify_no_inventory_transaction_created" time="0.102" /><testcase classname="backend.tests.test_phase1_sc_po_grn_flow.TestJobCardOutsourceDC" name="test_07_create_po_from_outsource_sc" time="0.056" /><testcase classname="backend.tests.test_phase1_sc_po_grn_flow.TestJobCardOutsourceDC" name="test_08_approve_and_grn_outsource_po" time="0.206" /><testcase classname="backend.tests.test_phase1_sc_po_grn_flow.TestSCConsolidation" name="test_01_verify_sc_consolidation_endpoint_exists" time="0.644" /><testcase classname="backend.tests.test_phase1_sc_po_grn_flow.TestRegressionSCWithRMDCDeductsStock" name="test_01_create_rm_item_with_stock" time="0.382" /><testcase classname="backend.tests.test_phase1_sc_po_grn_flow.TestRegressionSCWithRMDCDeductsStock" name="test_02_create_supplier" time="0.047" /><testcase classname="backend.tests.test_phase1_sc_po_grn_flow.TestRegressionSCWithRMDCDeductsStock" name="test_03_create_and_confirm_sc_order" time="0.163" /><testcase classname="backend.tests.test_phase1_sc_po_grn_flow.TestRegressionSCWithRMDCDeductsStock" name="test_04_dc_without_skip_deducts_stock" time="0.151" /></testsuite></testsuites>