<?xml version="1.0" encoding="utf-8"?><testsuites name="pytest tests"><testsuite name="pytest" errors="0" failures="0" skipped="0" tests="4" time="6.324" timestamp="2026-05-12T06:59:15.225770+00:00" hostname="agent-env-26db9a0f-ba87-4119-a973-2890ced6742c"><testcase classname="backend.tests.test_iteration_102_variant_consumption.TestVariantAwareConsumption" name="test_wo_start_consumes_from_variant_child" time="1.780" /><testcase classname="backend.tests.test_iteration_102_variant_consumption.TestFallbackToParent" name="test_fallback_to_parent_when_variant_child_missing" time="1.527" /><testcase classname="backend.tests.test_iteration_102_variant_consumption.TestFGVariantCreditRegression" name="test_wo_completion_credits_fg_variant_child" time="1.140" /><testcase classname="backend.tests.test_iteration_102_variant_consumption.TestLegacyBehaviorNoVariantSelection" name="test_no_variant_selection_consumes_from_parent" time="1.771" /></testsuite></testsuites>