<?xml version="1.0" encoding="utf-8"?><testsuites name="pytest tests"><testsuite name="pytest" errors="0" failures="0" skipped="0" tests="18" time="3.524" timestamp="2026-04-21T15:46:13.953537+00:00" hostname="agent-env-26db9a0f-ba87-4119-a973-2890ced6742c"><testcase classname="backend.tests.test_quote_to_cash.TestNumberSeries" name="test_get_number_series_returns_5_doc_types" time="0.631" /><testcase classname="backend.tests.test_quote_to_cash.TestNumberSeries" name="test_update_number_series_quotation" time="0.153" /><testcase classname="backend.tests.test_quote_to_cash.TestNumberSeries" name="test_number_series_admin_only" time="0.047" /><testcase classname="backend.tests.test_quote_to_cash.TestProformaInvoice" name="test_create_proforma_intra_state_gst" time="0.218" /><testcase classname="backend.tests.test_quote_to_cash.TestProformaInvoice" name="test_create_proforma_inter_state_gst" time="0.150" /><testcase classname="backend.tests.test_quote_to_cash.TestProformaInvoice" name="test_list_proformas" time="0.047" /><testcase classname="backend.tests.test_quote_to_cash.TestProformaInvoice" name="test_update_proforma_allowed_when_not_converted" time="0.156" /><testcase classname="backend.tests.test_quote_to_cash.TestProformaInvoice" name="test_delete_proforma_blocked_when_converted" time="0.244" /><testcase classname="backend.tests.test_quote_to_cash.TestTaxInvoice" name="test_list_tax_invoices" time="0.044" /><testcase classname="backend.tests.test_quote_to_cash.TestTaxInvoice" name="test_create_tax_invoice_direct" time="0.094" /><testcase classname="backend.tests.test_quote_to_cash.TestTaxInvoice" name="test_tax_invoice_status_update" time="0.295" /><testcase classname="backend.tests.test_quote_to_cash.TestTaxInvoice" name="test_delete_blocked_when_issued" time="0.189" /><testcase classname="backend.tests.test_quote_to_cash.TestQuotationToProformaConversion" name="test_convert_quotation_to_proforma" time="0.240" /><testcase classname="backend.tests.test_quote_to_cash.TestProformaToTaxInvoiceConversion" name="test_convert_proforma_to_tax_invoice" time="0.266" /><testcase classname="backend.tests.test_quote_to_cash.TestProformaToTaxInvoiceConversion" name="test_convert_already_converted_proforma_fails" time="0.232" /><testcase classname="backend.tests.test_quote_to_cash.TestTaxInvoiceFYReset" name="test_tax_invoice_fy_format" time="0.148" /><testcase classname="backend.tests.test_quote_to_cash.TestHSNSummary" name="test_hsn_summary_in_proforma" time="0.094" /><testcase classname="backend.tests.test_quote_to_cash.TestCleanup" name="test_cleanup_test_customers" time="0.156" /></testsuite></testsuites>