<?xml version="1.0" encoding="utf-8"?><testsuites name="pytest tests"><testsuite name="pytest" errors="0" failures="0" skipped="0" tests="6" time="3.650" timestamp="2026-04-18T19:35:03.593617+00:00" hostname="agent-env-26db9a0f-ba87-4119-a973-2890ced6742c"><testcase classname="backend.tests.test_iteration_59.TestBOMCostsEndpoint" name="test_bom_costs_for_bom_parent_item" time="0.668" /><testcase classname="backend.tests.test_iteration_59.TestBOMCostsEndpoint" name="test_bom_costs_for_component_item" time="0.564" /><testcase classname="backend.tests.test_iteration_59.TestBOMCostsEndpoint" name="test_bom_costs_for_non_bom_item" time="0.706" /><testcase classname="backend.tests.test_iteration_59.TestSCOrderChargesPreservation" name="test_user_charges_preserved_on_create" time="0.641" /><testcase classname="backend.tests.test_iteration_59.TestBOMCostsEndpointWithTestData" name="test_bom_costs_endpoint_returns_200" time="0.499" /><testcase classname="backend.tests.test_iteration_59.TestBOMCostsEndpointWithTestData" name="test_bom_costs_for_fake_item_id" time="0.491" /></testsuite></testsuites>