<?xml version="1.0" encoding="utf-8"?><testsuites name="pytest tests"><testsuite name="pytest" errors="0" failures="0" skipped="0" tests="25" time="3.304" timestamp="2026-04-18T09:44:47.529895+00:00" hostname="agent-env-26db9a0f-ba87-4119-a973-2890ced6742c"><testcase classname="backend.tests.test_outsource_sc_order_number.TestOutsourceSCOrderNumber" name="test_01_login" time="0.368" /><testcase classname="backend.tests.test_outsource_sc_order_number.TestOutsourceSCOrderNumber" name="test_02_create_test_items" time="0.049" /><testcase classname="backend.tests.test_outsource_sc_order_number.TestOutsourceSCOrderNumber" name="test_03_create_supplier" time="0.048" /><testcase classname="backend.tests.test_outsource_sc_order_number.TestOutsourceSCOrderNumber" name="test_04_create_routing" time="0.051" /><testcase classname="backend.tests.test_outsource_sc_order_number.TestOutsourceSCOrderNumber" name="test_05_create_bom" time="0.047" /><testcase classname="backend.tests.test_outsource_sc_order_number.TestOutsourceSCOrderNumber" name="test_06_create_production_order" time="0.095" /><testcase classname="backend.tests.test_outsource_sc_order_number.TestOutsourceSCOrderNumber" name="test_07_create_work_order" time="0.049" /><testcase classname="backend.tests.test_outsource_sc_order_number.TestOutsourceSCOrderNumber" name="test_08_start_work_order" time="0.094" /><testcase classname="backend.tests.test_outsource_sc_order_number.TestOutsourceSCOrderNumber" name="test_09_outsource_operation_creates_sc_with_order_number" time="0.061" /><testcase classname="backend.tests.test_outsource_sc_order_number.TestOutsourceSCOrderNumber" name="test_10_verify_sc_order_number_persisted_in_db" time="0.050" /><testcase classname="backend.tests.test_outsource_sc_order_number.TestOutsourceSCOrderNumber" name="test_11_verify_sc_order_exists_in_subcontract_orders" time="0.316" /><testcase classname="backend.tests.test_outsource_sc_order_number.TestConsolidationSetsExistingSCOrderNumber" name="test_01_login" time="0.329" /><testcase classname="backend.tests.test_outsource_sc_order_number.TestConsolidationSetsExistingSCOrderNumber" name="test_02_create_test_data" time="0.195" /><testcase classname="backend.tests.test_outsource_sc_order_number.TestConsolidationSetsExistingSCOrderNumber" name="test_03_create_two_production_orders" time="0.188" /><testcase classname="backend.tests.test_outsource_sc_order_number.TestConsolidationSetsExistingSCOrderNumber" name="test_04_create_two_work_orders" time="0.099" /><testcase classname="backend.tests.test_outsource_sc_order_number.TestConsolidationSetsExistingSCOrderNumber" name="test_05_start_both_work_orders" time="0.191" /><testcase classname="backend.tests.test_outsource_sc_order_number.TestConsolidationSetsExistingSCOrderNumber" name="test_06_first_outsource_creates_new_sc" time="0.058" /><testcase classname="backend.tests.test_outsource_sc_order_number.TestConsolidationSetsExistingSCOrderNumber" name="test_07_second_outsource_consolidates_with_same_sc_number" time="0.053" /><testcase classname="backend.tests.test_outsource_sc_order_number.TestNonOutsourcedOperationFlow" name="test_01_login" time="0.330" /><testcase classname="backend.tests.test_outsource_sc_order_number.TestNonOutsourcedOperationFlow" name="test_02_create_test_data" time="0.143" /><testcase classname="backend.tests.test_outsource_sc_order_number.TestNonOutsourcedOperationFlow" name="test_03_create_production_and_work_order" time="0.148" /><testcase classname="backend.tests.test_outsource_sc_order_number.TestNonOutsourcedOperationFlow" name="test_04_start_work_order" time="0.097" /><testcase classname="backend.tests.test_outsource_sc_order_number.TestNonOutsourcedOperationFlow" name="test_05_start_operation_normally" time="0.049" /><testcase classname="backend.tests.test_outsource_sc_order_number.TestNonOutsourcedOperationFlow" name="test_06_stop_operation" time="0.048" /><testcase classname="backend.tests.test_outsource_sc_order_number.TestNonOutsourcedOperationFlow" name="test_07_complete_operation" time="0.048" /></testsuite></testsuites>