<?xml version="1.0" encoding="utf-8"?><testsuites name="pytest tests"><testsuite name="pytest" errors="0" failures="0" skipped="0" tests="12" time="5.441" timestamp="2026-04-13T07:13:57.116314+00:00" hostname="agent-env-26db9a0f-ba87-4119-a973-2890ced6742c"><testcase classname="backend.tests.test_sc_pending_mo.TestSCPendingMO" name="test_01_get_pending_mos" time="0.535" /><testcase classname="backend.tests.test_sc_pending_mo.TestSCPendingMO" name="test_02_create_normal_mo_for_testing" time="0.495" /><testcase classname="backend.tests.test_sc_pending_mo.TestSCPendingMO" name="test_03_verify_pending_mo_is_not_sc" time="0.454" /><testcase classname="backend.tests.test_sc_pending_mo.TestSCPendingMO" name="test_04_mark_pending_mo_as_sc_without_material" time="0.471" /><testcase classname="backend.tests.test_sc_pending_mo.TestSCPendingMO" name="test_05_start_without_material_sc_mo" time="0.452" /><testcase classname="backend.tests.test_sc_pending_mo.TestSCPendingMO" name="test_06_create_another_mo_for_with_material_test" time="0.471" /><testcase classname="backend.tests.test_sc_pending_mo.TestSCPendingMO" name="test_07_mark_pending_mo_as_sc_with_material" time="0.408" /><testcase classname="backend.tests.test_sc_pending_mo.TestSCPendingMO" name="test_08_start_with_material_sc_mo" time="0.376" /><testcase classname="backend.tests.test_sc_pending_mo.TestSCPendingMO" name="test_09_verify_sc_badge_shows_correct_label" time="0.393" /><testcase classname="backend.tests.test_sc_pending_mo.TestSCPendingMO" name="test_10_verify_normal_mo_has_regular_start_button" time="0.395" /><testcase classname="backend.tests.test_sc_pending_mo.TestSCPendingMO" name="test_11_verify_sc_pending_mo_has_start_sc_button" time="0.409" /><testcase classname="backend.tests.test_sc_pending_mo.TestSCPendingMO" name="test_12_sc_button_visible_on_pending_and_in_progress_non_sc_mos" time="0.399" /></testsuite></testsuites>