<?xml version="1.0" encoding="utf-8"?><testsuites name="pytest tests"><testsuite name="pytest" errors="0" failures="0" skipped="0" tests="6" time="3.344" timestamp="2026-04-28T11:11:51.612308+00:00" hostname="agent-env-26db9a0f-ba87-4119-a973-2890ced6742c"><testcase classname="backend.tests.test_iteration_85_customer_assignment.TestCustomerAssignment" name="test_01_get_all_customers_as_admin" time="0.423" /><testcase classname="backend.tests.test_iteration_85_customer_assignment.TestCustomerAssignment" name="test_02_get_own_customers_as_admin" time="0.445" /><testcase classname="backend.tests.test_iteration_85_customer_assignment.TestCustomerAssignment" name="test_03_update_customer_with_assigned_user_ids" time="0.518" /><testcase classname="backend.tests.test_iteration_85_customer_assignment.TestCustomerAssignment" name="test_04_non_admin_sees_only_assigned_customers" time="0.738" /><testcase classname="backend.tests.test_iteration_85_customer_assignment.TestCustomerAssignmentEdgeCases" name="test_create_customer_with_assigned_user_ids" time="0.510" /><testcase classname="backend.tests.test_iteration_85_customer_assignment.TestCustomerAssignmentEdgeCases" name="test_clear_assigned_user_ids" time="0.541" /></testsuite></testsuites>