<?xml version="1.0" encoding="utf-8"?><testsuites name="pytest tests"><testsuite name="pytest" errors="0" failures="0" skipped="0" tests="15" time="5.729" timestamp="2026-04-19T06:02:53.827560+00:00" hostname="agent-env-26db9a0f-ba87-4119-a973-2890ced6742c"><testcase classname="backend.tests.test_iteration_62.TestAuth" name="test_login_success" time="0.432" /><testcase classname="backend.tests.test_iteration_62.TestSOCancelButton" name="test_get_production_orders" time="0.789" /><testcase classname="backend.tests.test_iteration_62.TestSOCancelButton" name="test_cancel_endpoint_exists" time="0.046" /><testcase classname="backend.tests.test_iteration_62.TestSOCancelButton" name="test_cancel_draft_so" time="0.505" /><testcase classname="backend.tests.test_iteration_62.TestSOCancelButton" name="test_cancel_confirmed_so" time="0.532" /><testcase classname="backend.tests.test_iteration_62.TestSOCancelButton" name="test_cancel_already_cancelled_so_fails" time="0.486" /><testcase classname="backend.tests.test_iteration_62.TestGRNSupplierForJW" name="test_get_grn_list" time="0.465" /><testcase classname="backend.tests.test_iteration_62.TestGRNSupplierForJW" name="test_grn_has_supplier_for_po_based" time="0.062" /><testcase classname="backend.tests.test_iteration_62.TestGRNSupplierForJW" name="test_grn_has_supplier_for_jw_based" time="0.060" /><testcase classname="backend.tests.test_iteration_62.TestGRNSupplierForJW" name="test_all_grns_have_supplier_or_reason" time="0.060" /><testcase classname="backend.tests.test_iteration_62.TestJobCardLoading" name="test_get_work_orders" time="0.485" /><testcase classname="backend.tests.test_iteration_62.TestJobCardLoading" name="test_get_in_progress_mo" time="0.340" /><testcase classname="backend.tests.test_iteration_62.TestJobCardLoading" name="test_job_card_has_operations" time="0.157" /><testcase classname="backend.tests.test_iteration_62.TestRMTotalColumn" name="test_get_jw_orders" time="0.776" /><testcase classname="backend.tests.test_iteration_62.TestRMTotalColumn" name="test_jw_order_has_lines_with_rate" time="0.391" /></testsuite></testsuites>