<?xml version="1.0" encoding="utf-8"?><testsuites name="pytest tests"><testsuite name="pytest" errors="0" failures="0" skipped="0" tests="12" time="2.079" timestamp="2026-05-20T07:39:35.161658+00:00" hostname="agent-env-26db9a0f-ba87-4119-a973-2890ced6742c"><testcase classname="backend.tests.test_iteration_138_round10.TestBOMPreviewEndpoint" name="test_bom_preview_endpoint_exists" time="0.651" /><testcase classname="backend.tests.test_iteration_138_round10.TestBOMPreviewEndpoint" name="test_bom_preview_with_active_bom" time="0.126" /><testcase classname="backend.tests.test_iteration_138_round10.TestBOMPreviewEndpoint" name="test_bom_preview_without_bom" time="0.245" /><testcase classname="backend.tests.test_iteration_138_round10.TestManualDCDateField" name="test_manual_dc_with_custom_date" time="0.230" /><testcase classname="backend.tests.test_iteration_138_round10.TestOpenManualDCEndpoint" name="test_open_manual_dc_endpoint_exists" time="0.048" /><testcase classname="backend.tests.test_iteration_138_round10.TestOpenManualDCEndpoint" name="test_open_manual_dc_structure" time="0.047" /><testcase classname="backend.tests.test_iteration_138_round10.TestManualGRNWithDCLink" name="test_manual_grn_accepts_dc_id" time="0.164" /><testcase classname="backend.tests.test_iteration_138_round10.TestDCSentFlagOnWorkOrders" name="test_work_orders_have_dc_sent_field" time="0.174" /><testcase classname="backend.tests.test_iteration_138_round10.TestQuotationEndpoints" name="test_quotation_list" time="0.096" /><testcase classname="backend.tests.test_iteration_138_round10.TestHealthCheck" name="test_api_health" time="0.046" /><testcase classname="backend.tests.test_iteration_138_round10.TestHealthCheck" name="test_items_endpoint" time="0.109" /><testcase classname="backend.tests.test_iteration_138_round10.TestHealthCheck" name="test_suppliers_endpoint" time="0.051" /></testsuite></testsuites>