<?xml version="1.0" encoding="utf-8"?><testsuites name="pytest tests"><testsuite name="pytest" errors="0" failures="0" skipped="0" tests="9" time="3.191" timestamp="2026-04-18T15:53:05.074608+00:00" hostname="agent-env-26db9a0f-ba87-4119-a973-2890ced6742c"><testcase classname="backend.tests.test_iteration_54.TestBOMRoutingCosts" name="test_bom_create_with_routing_costs" time="0.758" /><testcase classname="backend.tests.test_iteration_54.TestBOMRoutingCosts" name="test_bom_legacy_string_routings_normalized" time="0.303" /><testcase classname="backend.tests.test_iteration_54.TestBOMRoutingCosts" name="test_bom_explode_process_cost_from_routings" time="0.339" /><testcase classname="backend.tests.test_iteration_54.TestBOMRoutingCosts" name="test_bom_explode_routings_priority_over_sc_wo" time="0.338" /><testcase classname="backend.tests.test_iteration_54.TestSubcontractOrderWithoutMaterial" name="test_sc_without_material_has_fg_in_lines" time="0.223" /><testcase classname="backend.tests.test_iteration_54.TestSubcontractOrderWithoutMaterial" name="test_get_sc_orders_returns_subcontract_type" time="0.322" /><testcase classname="backend.tests.test_iteration_54.TestBOMUpdateRoutings" name="test_bom_update_routing_costs" time="0.374" /><testcase classname="backend.tests.test_iteration_54.TestRegressionExistingBOMs" name="test_get_existing_boms" time="0.186" /><testcase classname="backend.tests.test_iteration_54.TestRegressionExistingBOMs" name="test_explode_existing_bom" time="0.213" /></testsuite></testsuites>