<?xml version="1.0" encoding="utf-8"?><testsuites name="pytest tests"><testsuite name="pytest" errors="0" failures="0" skipped="0" tests="11" time="3.939" timestamp="2026-04-28T05:59:28.442352+00:00" hostname="agent-env-26db9a0f-ba87-4119-a973-2890ced6742c"><testcase classname="backend.tests.test_iteration_83_fixes.TestUserAssignedCustomerIds" name="test_admin_can_update_user_assigned_customer_ids" time="0.612" /><testcase classname="backend.tests.test_iteration_83_fixes.TestCustomersAdminScopeFilter" name="test_admin_sees_all_customers_by_default" time="0.395" /><testcase classname="backend.tests.test_iteration_83_fixes.TestCustomersAdminScopeFilter" name="test_admin_mine_filter_returns_own_contacts" time="0.201" /><testcase classname="backend.tests.test_iteration_83_fixes.TestNonAdminCustomerVisibility" name="test_non_admin_sees_assigned_customers" time="0.846" /><testcase classname="backend.tests.test_iteration_83_fixes.TestNonAdminCustomerVisibility" name="test_non_admin_does_not_see_mine_filter" time="0.090" /><testcase classname="backend.tests.test_iteration_83_fixes.TestCustomerCRUDPermissions" name="test_admin_can_create_customer" time="0.424" /><testcase classname="backend.tests.test_iteration_83_fixes.TestCustomerCRUDPermissions" name="test_admin_can_edit_customer" time="0.185" /><testcase classname="backend.tests.test_iteration_83_fixes.TestCustomerCRUDPermissions" name="test_admin_can_delete_customer" time="0.137" /><testcase classname="backend.tests.test_iteration_83_fixes.TestSearchableItemSelectDescription" name="test_items_have_description_field" time="0.425" /><testcase classname="backend.tests.test_iteration_83_fixes.TestCustomerEndpointBasics" name="test_get_customers_returns_list" time="0.382" /><testcase classname="backend.tests.test_iteration_83_fixes.TestCustomerEndpointBasics" name="test_get_customers_with_status_filter" time="0.053" /></testsuite></testsuites>