<?xml version="1.0" encoding="utf-8"?><testsuites name="pytest tests"><testsuite name="pytest" errors="0" failures="0" skipped="0" tests="8" time="12.652" timestamp="2026-05-14T08:57:54.490483+00:00" hostname="agent-env-26db9a0f-ba87-4119-a973-2890ced6742c"><testcase classname="backend.tests.test_iteration_111_jw_process_self_heal.TestJWProcessSelfHeal" name="test_self_heal_overrides_stale_charges_with_specific_routing_cost" time="2.449" /><testcase classname="backend.tests.test_iteration_111_jw_process_self_heal.TestJWProcessSelfHeal" name="test_self_heal_preserves_stored_when_routing_not_found" time="1.386" /><testcase classname="backend.tests.test_iteration_111_jw_process_self_heal.TestJWProcessSelfHeal" name="test_full_mo_sc_uses_combined_fg_process_cost" time="1.551" /><testcase classname="backend.tests.test_iteration_111_jw_process_self_heal.TestJWProcessSelfHeal" name="test_bom_rollup_cost_refreshes_independently" time="1.719" /><testcase classname="backend.tests.test_iteration_111_jw_process_self_heal.TestJWProcessSelfHeal" name="test_sent_completed_sc_not_modified" time="1.602" /><testcase classname="backend.tests.test_iteration_111_jw_process_self_heal.TestJWProcessSelfHeal" name="test_find_routing_cost_from_component_line_routings" time="1.636" /><testcase classname="backend.tests.test_iteration_111_jw_process_self_heal.TestRegressionIteration108Tests" name="test_routing_cost_endpoint_returns_specific_op_cost" time="0.680" /><testcase classname="backend.tests.test_iteration_111_jw_process_self_heal.TestRegressionIteration108Tests" name="test_put_preserves_process_name_and_charges" time="1.532" /></testsuite></testsuites>