<?xml version="1.0" encoding="utf-8"?><testsuites name="pytest tests"><testsuite name="pytest" errors="0" failures="0" skipped="0" tests="21" time="2.291" timestamp="2026-05-17T07:20:10.637719+00:00" hostname="agent-env-26db9a0f-ba87-4119-a973-2890ced6742c"><testcase classname="backend.tests.test_iteration_129_tax_invoice_fixes.TestPackingListDuplicateGuard" name="test_create_tax_invoice_for_packing_list_test" time="0.740" /><testcase classname="backend.tests.test_iteration_129_tax_invoice_fixes.TestPackingListDuplicateGuard" name="test_first_packing_list_succeeds" time="0.051" /><testcase classname="backend.tests.test_iteration_129_tax_invoice_fixes.TestPackingListDuplicateGuard" name="test_second_packing_list_blocked_400" time="0.045" /><testcase classname="backend.tests.test_iteration_129_tax_invoice_fixes.TestPackingListDuplicateGuard" name="test_delete_packing_list_clears_backlink" time="0.139" /><testcase classname="backend.tests.test_iteration_129_tax_invoice_fixes.TestPackingListDuplicateGuard" name="test_recreate_packing_list_after_delete" time="0.095" /><testcase classname="backend.tests.test_iteration_129_tax_invoice_fixes.TestTallyXMLEnrichment" name="test_create_tax_invoice_with_discount_and_description" time="0.050" /><testcase classname="backend.tests.test_iteration_129_tax_invoice_fixes.TestTallyXMLEnrichment" name="test_tally_xml_contains_buyeraddress_list" time="0.052" /><testcase classname="backend.tests.test_iteration_129_tax_invoice_fixes.TestTallyXMLEnrichment" name="test_tally_xml_contains_partygstin" time="0.047" /><testcase classname="backend.tests.test_iteration_129_tax_invoice_fixes.TestTallyXMLEnrichment" name="test_tally_xml_contains_placeofsupply" time="0.047" /><testcase classname="backend.tests.test_iteration_129_tax_invoice_fixes.TestTallyXMLEnrichment" name="test_tally_xml_contains_per_line_description" time="0.048" /><testcase classname="backend.tests.test_iteration_129_tax_invoice_fixes.TestTallyXMLEnrichment" name="test_tally_xml_contains_per_line_discount" time="0.067" /><testcase classname="backend.tests.test_iteration_129_tax_invoice_fixes.TestTallyXMLEnrichment" name="test_tally_xml_contains_discount_allowed_ledger" time="0.048" /><testcase classname="backend.tests.test_iteration_129_tax_invoice_fixes.TestTallyXMLEnrichment" name="test_tally_xml_bulk_endpoint_works" time="0.046" /><testcase classname="backend.tests.test_iteration_129_tax_invoice_fixes.TestTallyXMLEnrichment" name="test_tally_xml_bulk_empty_ids_returns_400" time="0.045" /><testcase classname="backend.tests.test_iteration_129_tax_invoice_fixes.TestRegressionPITallyXML" name="test_pi_tally_xml_single_endpoint_exists" time="0.118" /><testcase classname="backend.tests.test_iteration_129_tax_invoice_fixes.TestRegressionPITallyXML" name="test_pi_tally_xml_bulk_endpoint_exists" time="0.122" /><testcase classname="backend.tests.test_iteration_129_tax_invoice_fixes.TestRegressionTaxInvoiceCRUD" name="test_list_tax_invoices" time="0.086" /><testcase classname="backend.tests.test_iteration_129_tax_invoice_fixes.TestRegressionTaxInvoiceCRUD" name="test_tax_invoice_status_change" time="0.182" /><testcase classname="backend.tests.test_iteration_129_tax_invoice_fixes.TestRegressionPackingListCRUD" name="test_list_packing_lists" time="0.048" /><testcase classname="backend.tests.test_iteration_129_tax_invoice_fixes.TestRegressionGRNAndPI" name="test_grn_list_endpoint" time="0.052" /><testcase classname="backend.tests.test_iteration_129_tax_invoice_fixes.TestRegressionGRNAndPI" name="test_pending_grns_endpoint" time="0.061" /></testsuite></testsuites>