<?xml version="1.0" encoding="utf-8"?><testsuites name="pytest tests"><testsuite name="pytest" errors="0" failures="0" skipped="0" tests="24" time="3.365" timestamp="2026-04-17T17:57:11.962091+00:00" hostname="agent-env-26db9a0f-ba87-4119-a973-2890ced6742c"><testcase classname="backend.tests.test_jw_receive_grn.TestJWReceiveGRN" name="test_01_login" time="0.408" /><testcase classname="backend.tests.test_jw_receive_grn.TestJWReceiveGRN" name="test_02_create_test_items" time="0.107" /><testcase classname="backend.tests.test_jw_receive_grn.TestJWReceiveGRN" name="test_03_create_supplier" time="0.056" /><testcase classname="backend.tests.test_jw_receive_grn.TestJWReceiveGRN" name="test_04_create_sc_order_with_rm" time="0.050" /><testcase classname="backend.tests.test_jw_receive_grn.TestJWReceiveGRN" name="test_05_confirm_sc_order" time="0.055" /><testcase classname="backend.tests.test_jw_receive_grn.TestJWReceiveGRN" name="test_06_get_rm_stock_before_dc" time="0.049" /><testcase classname="backend.tests.test_jw_receive_grn.TestJWReceiveGRN" name="test_07_send_dc_for_sc_with_rm" time="0.066" /><testcase classname="backend.tests.test_jw_receive_grn.TestJWReceiveGRN" name="test_08_verify_dc_deducted_rm_stock" time="0.052" /><testcase classname="backend.tests.test_jw_receive_grn.TestJWReceiveGRN" name="test_09_get_sa_stock_before_grn" time="0.061" /><testcase classname="backend.tests.test_jw_receive_grn.TestJWReceiveGRN" name="test_10_receive_grn_partial" time="0.056" /><testcase classname="backend.tests.test_jw_receive_grn.TestJWReceiveGRN" name="test_11_verify_partial_grn_added_stock" time="0.060" /><testcase classname="backend.tests.test_jw_receive_grn.TestJWReceiveGRN" name="test_12_verify_sc_not_completed_after_partial" time="0.272" /><testcase classname="backend.tests.test_jw_receive_grn.TestJWReceiveGRN" name="test_13_receive_grn_remaining" time="0.055" /><testcase classname="backend.tests.test_jw_receive_grn.TestJWReceiveGRN" name="test_14_verify_final_grn_added_stock" time="0.050" /><testcase classname="backend.tests.test_jw_receive_grn.TestJWReceiveGRN" name="test_15_verify_sc_completed" time="0.237" /><testcase classname="backend.tests.test_jw_receive_grn.TestJWReceiveGRN" name="test_16_verify_grn_in_collection" time="0.071" /><testcase classname="backend.tests.test_jw_receive_grn.TestJWReceiveGRNValidation" name="test_01_receive_grn_invalid_sc_order" time="0.394" /><testcase classname="backend.tests.test_jw_receive_grn.TestJWReceiveGRNValidation" name="test_02_receive_grn_empty_lines" time="0.333" /><testcase classname="backend.tests.test_jw_receive_grn.TestDCPrintHSNColumn" name="test_01_create_items_with_hsn" time="0.457" /><testcase classname="backend.tests.test_jw_receive_grn.TestDCPrintHSNColumn" name="test_02_create_supplier" time="0.050" /><testcase classname="backend.tests.test_jw_receive_grn.TestDCPrintHSNColumn" name="test_03_create_sc_order" time="0.054" /><testcase classname="backend.tests.test_jw_receive_grn.TestDCPrintHSNColumn" name="test_04_confirm_sc_order" time="0.051" /><testcase classname="backend.tests.test_jw_receive_grn.TestDCPrintHSNColumn" name="test_05_create_dc" time="0.054" /><testcase classname="backend.tests.test_jw_receive_grn.TestDCPrintHSNColumn" name="test_06_verify_dc_has_hsn_in_lines" time="0.165" /></testsuite></testsuites>