<?xml version="1.0" encoding="utf-8"?><testsuites name="pytest tests"><testsuite name="pytest" errors="0" failures="0" skipped="0" tests="4" time="4.635" timestamp="2026-04-16T18:39:27.196424+00:00" hostname="agent-env-26db9a0f-ba87-4119-a973-2890ced6742c"><testcase classname="backend.tests.test_sc_double_stock_fix.TestSCDoubleStockFix" name="test_login_works" time="0.572" /><testcase classname="backend.tests.test_sc_double_stock_fix.TestSCDoubleStockFix" name="test_sc_receipt_no_double_stock_e2e" time="1.562" /><testcase classname="backend.tests.test_sc_double_stock_fix.TestSCDoubleStockFix" name="test_sc_receipt_partial_receive" time="1.182" /><testcase classname="backend.tests.test_sc_double_stock_fix.TestSCDialogFrontendFix" name="test_create_sc_returns_order_details" time="1.228" /></testsuite></testsuites>