<?xml version="1.0" encoding="utf-8"?><testsuites name="pytest tests"><testsuite name="pytest" errors="0" failures="0" skipped="0" tests="9" time="9.756" timestamp="2026-04-17T11:00:31.210233+00:00" hostname="agent-env-26db9a0f-ba87-4119-a973-2890ced6742c"><testcase classname="backend.tests.test_process_cost_and_sc_consolidation.TestProcessCostAndSCConsolidation" name="test_01_login_works" time="0.870" /><testcase classname="backend.tests.test_process_cost_and_sc_consolidation.TestProcessCostAndSCConsolidation" name="test_02_inhouse_start_without_process_cost_regression" time="0.871" /><testcase classname="backend.tests.test_process_cost_and_sc_consolidation.TestProcessCostAndSCConsolidation" name="test_03_inhouse_operation_with_process_cost" time="0.818" /><testcase classname="backend.tests.test_process_cost_and_sc_consolidation.TestProcessCostAndSCConsolidation" name="test_04_process_cost_persists_on_complete" time="0.882" /><testcase classname="backend.tests.test_process_cost_and_sc_consolidation.TestBOMExplosionCosting" name="test_05_bom_explosion_shows_process_cost_fields" time="0.620" /><testcase classname="backend.tests.test_process_cost_and_sc_consolidation.TestSCConsolidation" name="test_06_outsource_first_operation_creates_sc" time="1.419" /><testcase classname="backend.tests.test_process_cost_and_sc_consolidation.TestSCConsolidation" name="test_07_second_outsource_same_supplier_consolidates" time="1.470" /><testcase classname="backend.tests.test_process_cost_and_sc_consolidation.TestSCConsolidation" name="test_08_dc_updated_with_merged_lines" time="1.207" /><testcase classname="backend.tests.test_process_cost_and_sc_consolidation.TestSCConsolidation" name="test_09_different_supplier_creates_separate_sc" time="1.502" /></testsuite></testsuites>