<?xml version="1.0" encoding="utf-8"?><testsuites name="pytest tests"><testsuite name="pytest" errors="0" failures="0" skipped="1" tests="10" time="3.291" timestamp="2026-05-17T10:44:57.491497+00:00" hostname="agent-env-26db9a0f-ba87-4119-a973-2890ced6742c"><testcase classname="backend.tests.test_iteration_132_short_close_no_grn.TestShortCloseNoGRN" name="test_short_close_no_grn_success" time="0.983" /><testcase classname="backend.tests.test_iteration_132_short_close_no_grn.TestShortCloseNoGRN" name="test_short_close_no_grn_without_admin_returns_403" time="0.051"><skipped type="pytest.skip" message="Could not fetch role groups">/app/backend/tests/test_iteration_132_short_close_no_grn.py:243: Could not fetch role groups</skipped></testcase><testcase classname="backend.tests.test_iteration_132_short_close_no_grn.TestShortCloseNoGRN" name="test_short_close_no_grn_on_non_os_op_returns_400" time="0.161" /><testcase classname="backend.tests.test_iteration_132_short_close_no_grn.TestShortCloseNoGRN" name="test_short_close_no_grn_on_completed_op_returns_400" time="0.398" /><testcase classname="backend.tests.test_iteration_132_short_close_no_grn.TestRegressionShortClose" name="test_existing_short_close_reverts_to_pending" time="0.370" /><testcase classname="backend.tests.test_iteration_132_short_close_no_grn.TestRegressionOtherFlows" name="test_grn_list_works" time="0.066" /><testcase classname="backend.tests.test_iteration_132_short_close_no_grn.TestRegressionOtherFlows" name="test_subcontract_orders_list_works" time="0.751" /><testcase classname="backend.tests.test_iteration_132_short_close_no_grn.TestRegressionOtherFlows" name="test_tax_invoices_list_works" time="0.136" /><testcase classname="backend.tests.test_iteration_132_short_close_no_grn.TestRegressionOtherFlows" name="test_work_orders_list_works" time="0.175" /><testcase classname="backend.tests.test_iteration_132_short_close_no_grn.TestRegressionOtherFlows" name="test_items_list_works" time="0.113" /></testsuite></testsuites>