<?xml version="1.0" encoding="utf-8"?><testsuites name="pytest tests"><testsuite name="pytest" errors="0" failures="0" skipped="0" tests="18" time="7.334" timestamp="2026-04-11T10:43:29.909191+00:00" hostname="agent-env-26db9a0f-ba87-4119-a973-2890ced6742c"><testcase classname="backend.tests.test_gst_phase1.TestGSTPhase1" name="test_get_company_settings" time="0.403" /><testcase classname="backend.tests.test_gst_phase1.TestGSTPhase1" name="test_update_company_settings" time="0.425" /><testcase classname="backend.tests.test_gst_phase1.TestGSTPhase1" name="test_get_indian_states" time="0.361" /><testcase classname="backend.tests.test_gst_phase1.TestGSTPhase1" name="test_get_gst_slabs" time="0.367" /><testcase classname="backend.tests.test_gst_phase1.TestGSTPhase1" name="test_get_customers" time="0.364" /><testcase classname="backend.tests.test_gst_phase1.TestGSTPhase1" name="test_create_customer_with_gstin" time="0.427" /><testcase classname="backend.tests.test_gst_phase1.TestGSTPhase1" name="test_update_customer_gstin" time="0.419" /><testcase classname="backend.tests.test_gst_phase1.TestGSTPhase1" name="test_get_customer_by_id" time="0.431" /><testcase classname="backend.tests.test_gst_phase1.TestGSTPhase1" name="test_items_have_hsn_and_gst_rate" time="0.364" /><testcase classname="backend.tests.test_gst_phase1.TestGSTPhase1" name="test_create_item_with_hsn_gst" time="0.406" /><testcase classname="backend.tests.test_gst_phase1.TestGSTPhase1" name="test_update_item_hsn_gst" time="0.423" /><testcase classname="backend.tests.test_gst_phase1.TestGSTPhase1" name="test_suppliers_have_gstin_state" time="0.363" /><testcase classname="backend.tests.test_gst_phase1.TestGSTPhase1" name="test_get_supplier_by_code" time="0.384" /><testcase classname="backend.tests.test_gst_phase1.TestGSTPhase1" name="test_po_intra_state_cgst_sgst" time="0.488" /><testcase classname="backend.tests.test_gst_phase1.TestGSTPhase1" name="test_po_inter_state_igst" time="0.488" /><testcase classname="backend.tests.test_gst_phase1.TestGSTPhase1" name="test_po_gst_calculation_accuracy" time="0.380" /><testcase classname="backend.tests.test_gst_phase1.TestGSTPhase1" name="test_po_table_has_gst_columns" time="0.365" /><testcase classname="backend.tests.test_gst_phase1.TestGSTPhase1" name="test_po_lines_have_gst_fields" time="0.373" /></testsuite></testsuites>