<?xml version="1.0" encoding="utf-8"?><testsuites name="pytest tests"><testsuite name="pytest" errors="0" failures="0" skipped="0" tests="11" time="5.650" timestamp="2026-05-22T11:14:41.995814+00:00" hostname="agent-env-26db9a0f-ba87-4119-a973-2890ced6742c"><testcase classname="backend.tests.test_additional_charges_round21.TestAdditionalChargesRound21" name="test_backend1_create_additional_charge" time="0.466" /><testcase classname="backend.tests.test_additional_charges_round21.TestAdditionalChargesRound21" name="test_backend1_list_additional_charges" time="0.517" /><testcase classname="backend.tests.test_additional_charges_round21.TestAdditionalChargesRound21" name="test_backend1_update_additional_charge" time="0.476" /><testcase classname="backend.tests.test_additional_charges_round21.TestAdditionalChargesRound21" name="test_backend1_delete_additional_charge" time="0.453" /><testcase classname="backend.tests.test_additional_charges_round21.TestAdditionalChargesRound21" name="test_backend2_quotation_with_additional_charges" time="0.484" /><testcase classname="backend.tests.test_additional_charges_round21.TestAdditionalChargesRound21" name="test_backend3_quotation_update_recomputes_charges" time="0.597" /><testcase classname="backend.tests.test_additional_charges_round21.TestAdditionalChargesRound21" name="test_backend4_convert_quotation_to_proforma" time="0.534" /><testcase classname="backend.tests.test_additional_charges_round21.TestAdditionalChargesRound21" name="test_backend5_convert_proforma_to_tax_invoice" time="0.585" /><testcase classname="backend.tests.test_additional_charges_round21.TestAdditionalChargesRound21" name="test_backend6_tax_invoice_direct_create_with_charges" time="0.430" /><testcase classname="backend.tests.test_additional_charges_round21.TestAdditionalChargesRound21" name="test_backend6_tax_invoice_update_with_charges" time="0.489" /><testcase classname="backend.tests.test_additional_charges_round21.TestAdditionalChargesRound21" name="test_backend7_export_currency_zeros_charges_gst" time="0.516" /></testsuite></testsuites>