<?xml version="1.0" encoding="utf-8"?><testsuites name="pytest tests"><testsuite name="pytest" errors="0" failures="0" skipped="0" tests="3" time="2.434" timestamp="2026-04-16T16:58:22.084207+00:00" hostname="agent-env-26db9a0f-ba87-4119-a973-2890ced6742c"><testcase classname="tests.test_dc_shortage_and_sc_processed_child.TestDCShortageAllItems" name="test_dc_creation_returns_all_insufficient_items" time="0.857" /><testcase classname="tests.test_dc_shortage_and_sc_processed_child.TestDCShortageAllItems" name="test_dc_creation_partial_shortage" time="0.777" /><testcase classname="tests.test_dc_shortage_and_sc_processed_child.TestDCShortageAllItems" name="test_dc_creation_success_when_stock_sufficient" time="0.713" /></testsuite></testsuites>