<?xml version="1.0" encoding="utf-8"?><testsuites name="pytest tests"><testsuite name="pytest" errors="0" failures="0" skipped="0" tests="18" time="8.346" timestamp="2026-04-27T19:14:48.916181+00:00" hostname="agent-env-26db9a0f-ba87-4119-a973-2890ced6742c"><testcase classname="backend.tests.test_p4_refactor_auth.TestAuthEndpoints" name="test_login_success" time="0.401" /><testcase classname="backend.tests.test_p4_refactor_auth.TestAuthEndpoints" name="test_login_invalid_credentials" time="0.355" /><testcase classname="backend.tests.test_p4_refactor_auth.TestAuthEndpoints" name="test_auth_me_returns_admin_user" time="0.432" /><testcase classname="backend.tests.test_p4_refactor_auth.TestAuthEndpoints" name="test_auth_refresh_works" time="0.409" /><testcase classname="backend.tests.test_p4_refactor_auth.TestAuthEndpoints" name="test_auth_logout_clears_cookies" time="0.410" /><testcase classname="backend.tests.test_p4_refactor_auth.TestCoreAPIEndpoints" name="test_get_items_returns_list" time="0.454" /><testcase classname="backend.tests.test_p4_refactor_auth.TestCoreAPIEndpoints" name="test_get_purchase_orders_returns_list" time="0.456" /><testcase classname="backend.tests.test_p4_refactor_auth.TestCoreAPIEndpoints" name="test_get_dashboard_stats" time="0.446" /><testcase classname="backend.tests.test_p4_refactor_auth.TestCoreAPIEndpoints" name="test_get_customers_returns_list" time="0.436" /><testcase classname="backend.tests.test_p4_refactor_auth.TestCoreAPIEndpoints" name="test_get_suppliers_returns_list" time="0.394" /><testcase classname="backend.tests.test_p4_refactor_auth.TestCoreAPIEndpoints" name="test_get_warehouses_returns_list" time="0.441" /><testcase classname="backend.tests.test_p4_refactor_auth.TestCRMEndpoints" name="test_get_crm_quotations" time="0.403" /><testcase classname="backend.tests.test_p4_refactor_auth.TestCRMEndpoints" name="test_get_crm_proformas" time="0.411" /><testcase classname="backend.tests.test_p4_refactor_auth.TestPermissionEnforcement" name="test_unauthenticated_request_returns_401" time="0.115" /><testcase classname="backend.tests.test_p4_refactor_auth.TestPermissionEnforcement" name="test_admin_can_access_all_endpoints" time="1.055" /><testcase classname="backend.tests.test_p4_refactor_auth.TestBOMAndMRPEndpoints" name="test_get_boms_returns_list" time="0.522" /><testcase classname="backend.tests.test_p4_refactor_auth.TestBOMAndMRPEndpoints" name="test_get_mrp_demand" time="0.483" /><testcase classname="backend.tests.test_p4_refactor_auth.TestBOMAndMRPEndpoints" name="test_get_mrp_suggestions" time="0.510" /></testsuite></testsuites>