<?xml version="1.0" encoding="utf-8"?><testsuites name="pytest tests"><testsuite name="pytest" errors="0" failures="0" skipped="1" tests="15" time="6.893" timestamp="2026-04-11T11:49:22.615801+00:00" hostname="agent-env-26db9a0f-ba87-4119-a973-2890ced6742c"><testcase classname="backend.tests.test_phase2_features.TestPhase2Features" name="test_mrp_suggestions_endpoint" time="0.462" /><testcase classname="backend.tests.test_phase2_features.TestPhase2Features" name="test_get_suppliers_for_po" time="0.395" /><testcase classname="backend.tests.test_phase2_features.TestPhase2Features" name="test_create_po_from_mrp" time="0.473" /><testcase classname="backend.tests.test_phase2_features.TestPhase2Features" name="test_create_po_from_mrp_invalid_supplier" time="0.372" /><testcase classname="backend.tests.test_phase2_features.TestPhase2Features" name="test_items_export_excel" time="0.584" /><testcase classname="backend.tests.test_phase2_features.TestPhase2Features" name="test_bom_export_excel" time="0.382" /><testcase classname="backend.tests.test_phase2_features.TestPhase2Features" name="test_routings_export_excel" time="0.404" /><testcase classname="backend.tests.test_phase2_features.TestPhase2Features" name="test_items_import_excel" time="0.618" /><testcase classname="backend.tests.test_phase2_features.TestPhase2Features" name="test_bom_import_excel" time="0.422" /><testcase classname="backend.tests.test_phase2_features.TestPhase2Features" name="test_get_work_orders_with_operations" time="0.396" /><testcase classname="backend.tests.test_phase2_features.TestPhase2Features" name="test_update_operation_status_start" time="0.388"><skipped type="pytest.skip" message="No work order with pending first operation found">/app/backend/tests/test_phase2_features.py:309: No work order with pending first operation found</skipped></testcase><testcase classname="backend.tests.test_phase2_features.TestPhase2Features" name="test_update_operation_status_complete" time="0.431" /><testcase classname="backend.tests.test_phase2_features.TestPhase2Features" name="test_operation_sequence_validation" time="0.480" /><testcase classname="backend.tests.test_phase2_features.TestPhase2Features" name="test_operation_not_found" time="0.434" /><testcase classname="backend.tests.test_phase2_features.TestPhase2Cleanup" name="test_cleanup_test_items" time="0.551" /></testsuite></testsuites>