<?xml version="1.0" encoding="utf-8"?><testsuites name="pytest tests"><testsuite name="pytest" errors="0" failures="0" skipped="0" tests="10" time="9.342" timestamp="2026-05-14T06:28:13.765324+00:00" hostname="agent-env-26db9a0f-ba87-4119-a973-2890ced6742c"><testcase classname="backend.tests.test_iteration_108_jw_process_cost_fixes.TestRoutingCostEndpoint" name="test_routing_cost_returns_specific_op_cost" time="0.750" /><testcase classname="backend.tests.test_iteration_108_jw_process_cost_fixes.TestRoutingCostEndpoint" name="test_routing_cost_returns_zero_for_unknown_op" time="0.579" /><testcase classname="backend.tests.test_iteration_108_jw_process_cost_fixes.TestRoutingCostEndpoint" name="test_routing_cost_requires_auth" time="0.466" /><testcase classname="backend.tests.test_iteration_108_jw_process_cost_fixes.TestJobWorkOrderPreservation" name="test_put_preserves_process_name_and_charges_on_job_card_os" time="1.543" /><testcase classname="backend.tests.test_iteration_108_jw_process_cost_fixes.TestJobWorkOrderPreservation" name="test_put_preserves_item_description" time="1.327" /><testcase classname="backend.tests.test_iteration_108_jw_process_cost_fixes.TestJobWorkOrderPreservation" name="test_put_allows_updating_item_description" time="1.017" /><testcase classname="backend.tests.test_iteration_108_jw_process_cost_fixes.TestJobWorkOrderCreate" name="test_post_accepts_process_name_and_uses_specific_routing_cost" time="0.704" /><testcase classname="backend.tests.test_iteration_108_jw_process_cost_fixes.TestJobWorkOrderCreate" name="test_post_accepts_item_description" time="1.050" /><testcase classname="backend.tests.test_iteration_108_jw_process_cost_fixes.TestJobWorkOrderCreate" name="test_post_without_process_name_uses_combined_cost" time="0.715" /><testcase classname="backend.tests.test_iteration_108_jw_process_cost_fixes.TestMultiLineJobCardOS" name="test_multi_line_same_item_different_ops_preserved" time="1.120" /></testsuite></testsuites>