<?xml version="1.0" encoding="utf-8"?><testsuites name="pytest tests"><testsuite name="pytest" errors="0" failures="0" skipped="0" tests="5" time="3.720" timestamp="2026-04-16T20:06:50.310264+00:00" hostname="agent-env-26db9a0f-ba87-4119-a973-2890ced6742c"><testcase classname="backend.tests.test_dc_stock_corruption_fix.TestDCStockCorruptionFix" name="test_login_works" time="0.437" /><testcase classname="backend.tests.test_dc_stock_corruption_fix.TestDCStockCorruptionFix" name="test_dc_creation_stock_deduction_per_item" time="0.789" /><testcase classname="backend.tests.test_dc_stock_corruption_fix.TestDCStockCorruptionFix" name="test_inventory_transactions_show_correct_previous_stock" time="0.844" /><testcase classname="backend.tests.test_dc_stock_corruption_fix.TestDCStockCorruptionFix" name="test_insufficient_stock_check_still_works" time="0.672" /><testcase classname="backend.tests.test_dc_stock_corruption_fix.TestDCStockCorruptionFix" name="test_multiple_items_mixed_stock_levels" time="0.894" /></testsuite></testsuites>