<?xml version="1.0" encoding="utf-8"?><testsuites name="pytest tests"><testsuite name="pytest" errors="0" failures="0" skipped="0" tests="24" time="5.062" timestamp="2026-04-17T21:24:57.903313+00:00" hostname="agent-env-26db9a0f-ba87-4119-a973-2890ced6742c"><testcase classname="backend.tests.test_job_os_fixes.TestJobOSConsolidation" name="test_01_login" time="0.363" /><testcase classname="backend.tests.test_job_os_fixes.TestJobOSConsolidation" name="test_02_create_test_items" time="0.158" /><testcase classname="backend.tests.test_job_os_fixes.TestJobOSConsolidation" name="test_03_create_suppliers" time="0.111" /><testcase classname="backend.tests.test_job_os_fixes.TestJobOSConsolidation" name="test_04_create_routing" time="0.051" /><testcase classname="backend.tests.test_job_os_fixes.TestJobOSConsolidation" name="test_05_create_boms" time="0.108" /><testcase classname="backend.tests.test_job_os_fixes.TestJobOSConsolidation" name="test_06_create_production_orders" time="0.104" /><testcase classname="backend.tests.test_job_os_fixes.TestJobOSConsolidation" name="test_07_create_work_orders" time="0.116" /><testcase classname="backend.tests.test_job_os_fixes.TestJobOSConsolidation" name="test_08_start_work_orders" time="0.242" /><testcase classname="backend.tests.test_job_os_fixes.TestJobOSConsolidation" name="test_09_outsource_op_on_mo_a_to_supplier_x" time="0.371" /><testcase classname="backend.tests.test_job_os_fixes.TestJobOSConsolidation" name="test_10_verify_sc_order_has_item_a" time="0.290" /><testcase classname="backend.tests.test_job_os_fixes.TestJobOSConsolidation" name="test_11_outsource_op_on_mo_b_to_same_supplier_x" time="0.056" /><testcase classname="backend.tests.test_job_os_fixes.TestJobOSConsolidation" name="test_12_verify_consolidated_sc_has_both_items" time="0.307" /><testcase classname="backend.tests.test_job_os_fixes.TestJobOSConsolidation" name="test_13_outsource_to_different_supplier_creates_separate_sc" time="0.661" /><testcase classname="backend.tests.test_job_os_fixes.TestJobOSConsolidation" name="test_14_confirm_sc_order" time="0.069" /><testcase classname="backend.tests.test_job_os_fixes.TestJobOSConsolidation" name="test_15_send_dc_for_job_os_with_skip_stock_deduct" time="0.067" /><testcase classname="backend.tests.test_job_os_fixes.TestJobOSConsolidation" name="test_16_verify_dc_updates_job_work_parts_sent_quantity" time="0.296" /><testcase classname="backend.tests.test_job_os_fixes.TestJobOSConsolidation" name="test_17_verify_dc_sets_dc_created_true" time="0.302" /><testcase classname="backend.tests.test_job_os_fixes.TestJobOSConsolidation" name="test_18_verify_stock_not_deducted_for_job_os" time="0.107" /><testcase classname="backend.tests.test_job_os_fixes.TestRegressionSCWithRM" name="test_01_login" time="0.388" /><testcase classname="backend.tests.test_job_os_fixes.TestRegressionSCWithRM" name="test_02_create_items" time="0.108" /><testcase classname="backend.tests.test_job_os_fixes.TestRegressionSCWithRM" name="test_03_create_supplier" time="0.060" /><testcase classname="backend.tests.test_job_os_fixes.TestRegressionSCWithRM" name="test_04_create_sc_with_material" time="0.072" /><testcase classname="backend.tests.test_job_os_fixes.TestRegressionSCWithRM" name="test_05_verify_sc_with_material_has_rm_lines" time="0.371" /><testcase classname="backend.tests.test_job_os_fixes.TestRegressionSCWithRM" name="test_06_confirm_and_send_dc_for_sc_with_rm" time="0.209" /></testsuite></testsuites>