<?xml version="1.0" encoding="utf-8"?><testsuites name="pytest tests"><testsuite name="pytest" errors="0" failures="0" skipped="0" tests="7" time="1.161" timestamp="2026-05-14T19:17:38.299859+00:00" hostname="agent-env-26db9a0f-ba87-4119-a973-2890ced6742c"><testcase classname="tests.test_accounts_module.TestAccountsModuleInModulesList" name="test_modules_endpoint_returns_accounts" time="0.481" /><testcase classname="tests.test_accounts_module.TestAccountsModuleInModulesList" name="test_modules_endpoint_does_not_return_purchase_invoices" time="0.059" /><testcase classname="tests.test_accounts_module.TestPurchaseInvoiceEndpoints" name="test_get_purchase_invoices" time="0.098" /><testcase classname="tests.test_accounts_module.TestPurchaseInvoiceEndpoints" name="test_get_pending_grns" time="0.080" /><testcase classname="tests.test_accounts_module.TestTaxInvoiceEndpoints" name="test_get_tax_invoices" time="0.147" /><testcase classname="tests.test_accounts_module.TestRoleGroupMigration" name="test_role_groups_have_accounts_permission" time="0.075" /><testcase classname="tests.test_accounts_module.TestDefaultPermissions" name="test_default_permissions_include_accounts" time="0.060" /></testsuite></testsuites>