<?xml version="1.0" encoding="utf-8"?><testsuites name="pytest tests"><testsuite name="pytest" errors="0" failures="0" skipped="0" tests="6" time="1.887" timestamp="2026-05-15T07:31:59.868406+00:00" hostname="agent-env-26db9a0f-ba87-4119-a973-2890ced6742c"><testcase classname="backend.tests.test_iteration_120.TestMaterialRequirements" name="test_material_requirements_endpoint_exists" time="0.615" /><testcase classname="backend.tests.test_iteration_120.TestMaterialRequirements" name="test_material_requirements_mo_000003" time="0.048" /><testcase classname="backend.tests.test_iteration_120.TestMaterialRequirements" name="test_material_requirements_404_for_invalid_wo" time="0.049" /><testcase classname="backend.tests.test_iteration_120.TestItemsExcelImport" name="test_items_import_endpoint_exists" time="0.285" /><testcase classname="backend.tests.test_iteration_120.TestItemsExcelImport" name="test_items_import_bulk_insert_and_update" time="0.448" /><testcase classname="backend.tests.test_iteration_120.TestWorkOrderOperationsStatus" name="test_work_orders_have_operations_status" time="0.180" /></testsuite></testsuites>