<?xml version="1.0" encoding="utf-8"?><testsuites name="pytest tests"><testsuite name="pytest" errors="0" failures="0" skipped="0" tests="20" time="4.050" timestamp="2026-04-19T05:22:06.603504+00:00" hostname="agent-env-26db9a0f-ba87-4119-a973-2890ced6742c"><testcase classname="backend.tests.test_iteration_61.TestAuth" name="test_login_success" time="0.494" /><testcase classname="backend.tests.test_iteration_61.TestSalesOrderConfirmCancel" name="test_get_production_orders" time="0.521" /><testcase classname="backend.tests.test_iteration_61.TestSalesOrderConfirmCancel" name="test_confirm_sales_order_endpoint_exists" time="0.521" /><testcase classname="backend.tests.test_iteration_61.TestSalesOrderConfirmCancel" name="test_cancel_sales_order_endpoint_exists" time="0.533" /><testcase classname="backend.tests.test_iteration_61.TestGRNConfirm" name="test_get_pending_pos_for_grn" time="0.053" /><testcase classname="backend.tests.test_iteration_61.TestGRNConfirm" name="test_get_grn_list" time="0.081" /><testcase classname="backend.tests.test_iteration_61.TestGRNConfirm" name="test_grn_endpoint_validation" time="0.050" /><testcase classname="backend.tests.test_iteration_61.TestJobWorkGRN" name="test_get_job_work_orders" time="0.385" /><testcase classname="backend.tests.test_iteration_61.TestJobWorkGRN" name="test_jw_grn_endpoint_exists" time="0.051" /><testcase classname="backend.tests.test_iteration_61.TestJobCardLoading" name="test_get_work_orders" time="0.102" /><testcase classname="backend.tests.test_iteration_61.TestJobCardLoading" name="test_get_single_work_order" time="0.147" /><testcase classname="backend.tests.test_iteration_61.TestJobCardLoading" name="test_work_order_print_data" time="0.150" /><testcase classname="backend.tests.test_iteration_61.TestJobCardLoading" name="test_work_order_tree" time="0.146" /><testcase classname="backend.tests.test_iteration_61.TestBOMSearchableDropdown" name="test_get_items_for_dropdown" time="0.072" /><testcase classname="backend.tests.test_iteration_61.TestBOMSearchableDropdown" name="test_items_have_search_fields" time="0.068" /><testcase classname="backend.tests.test_iteration_61.TestBOMSearchableDropdown" name="test_search_items_by_part_number" time="0.067" /><testcase classname="backend.tests.test_iteration_61.TestBOMSearchableDropdown" name="test_get_bom_list" time="0.219" /><testcase classname="backend.tests.test_iteration_61.TestBOMSearchableDropdown" name="test_get_active_boms" time="0.184" /><testcase classname="backend.tests.test_iteration_61.TestRoutingsForBOM" name="test_get_routings" time="0.051" /><testcase classname="backend.tests.test_iteration_61.TestRoutingsForBOM" name="test_get_active_routings" time="0.050" /></testsuite></testsuites>