<?xml version="1.0" encoding="utf-8"?><testsuites name="pytest tests"><testsuite name="pytest" errors="0" failures="0" skipped="0" tests="9" time="2.928" timestamp="2026-04-25T06:58:03.734466+00:00" hostname="agent-env-26db9a0f-ba87-4119-a973-2890ced6742c"><testcase classname="backend.tests.test_iteration_74.TestSOtoMOCreation" name="test_get_eligible_production_orders" time="0.786" /><testcase classname="backend.tests.test_iteration_74.TestSOtoMOCreation" name="test_create_work_order_from_so" time="0.050" /><testcase classname="backend.tests.test_iteration_74.TestPurchaseOrderFromMRP" name="test_get_mrp_suggestions" time="0.468" /><testcase classname="backend.tests.test_iteration_74.TestPurchaseOrderFromMRP" name="test_get_active_suppliers" time="0.054" /><testcase classname="backend.tests.test_iteration_74.TestPurchaseOrderFromMRP" name="test_create_po_from_mrp" time="0.051" /><testcase classname="backend.tests.test_iteration_74.TestPurchaseOrderFromMRP" name="test_po_from_mrp_validates_supplier" time="0.045" /><testcase classname="backend.tests.test_iteration_74.TestMRPDemandEndpoint" name="test_get_mrp_demand" time="0.464" /><testcase classname="backend.tests.test_iteration_74.TestMRPDemandEndpoint" name="test_mrp_demand_with_production_order_filter" time="0.437" /><testcase classname="backend.tests.test_iteration_74.TestWorkOrdersEndpoint" name="test_get_work_orders" time="0.451" /></testsuite></testsuites>