<?xml version="1.0" encoding="utf-8"?><testsuites name="pytest tests"><testsuite name="pytest" errors="0" failures="0" skipped="0" tests="9" time="7.008" timestamp="2026-04-16T08:06:31.772005+00:00" hostname="agent-env-26db9a0f-ba87-4119-a973-2890ced6742c"><testcase classname="backend.tests.test_smart_resolution.TestSmartResolution" name="test_login_works" time="0.440" /><testcase classname="backend.tests.test_smart_resolution.TestSmartResolution" name="test_rule1_work_orders_have_required_fields" time="0.474" /><testcase classname="backend.tests.test_smart_resolution.TestSmartResolution" name="test_rule1_child_status_check_logic" time="0.506" /><testcase classname="backend.tests.test_smart_resolution.TestSmartResolution" name="test_rule2_create_sc_endpoint_exists" time="0.656" /><testcase classname="backend.tests.test_smart_resolution.TestSmartResolution" name="test_rule2_without_material_has_fg_only" time="0.511" /><testcase classname="backend.tests.test_smart_resolution.TestSmartResolution" name="test_rule2_with_material_resolves_to_rm" time="0.585" /><testcase classname="backend.tests.test_smart_resolution.TestSmartResolution" name="test_rule2_smart_resolution_with_completed_child" time="0.639" /><testcase classname="backend.tests.test_smart_resolution.TestSmartResolution" name="test_rule2_bulk_subcontract_smart_resolution" time="1.272" /><testcase classname="backend.tests.test_smart_resolution.TestSmartResolution" name="test_rule2_rm_deduplication" time="1.840" /></testsuite></testsuites>