<?xml version="1.0" encoding="utf-8"?><testsuites name="pytest tests"><testsuite name="pytest" errors="0" failures="0" skipped="0" tests="11" time="3.276" timestamp="2026-04-16T17:44:42.693981+00:00" hostname="agent-env-26db9a0f-ba87-4119-a973-2890ced6742c"><testcase classname="tests.test_four_bugs_iteration34.TestBug3AutoCompleteMO" name="test_create_mo_with_operations" time="1.217" /><testcase classname="tests.test_four_bugs_iteration34.TestBug3AutoCompleteMO" name="test_start_mo_inhouse" time="0.243" /><testcase classname="tests.test_four_bugs_iteration34.TestBug3AutoCompleteMO" name="test_complete_first_operation" time="0.156" /><testcase classname="tests.test_four_bugs_iteration34.TestBug3AutoCompleteMO" name="test_complete_last_operation_auto_completes_mo" time="0.292" /><testcase classname="tests.test_four_bugs_iteration34.TestBug4SCDialogAutoCreatesSCOrder" name="test_create_mo_for_sc" time="0.121" /><testcase classname="tests.test_four_bugs_iteration34.TestBug4SCDialogAutoCreatesSCOrder" name="test_mark_mo_as_subcontract" time="0.081" /><testcase classname="tests.test_four_bugs_iteration34.TestBug4SCDialogAutoCreatesSCOrder" name="test_create_sc_endpoint_works" time="0.063" /><testcase classname="tests.test_four_bugs_iteration34.TestBug2ButtonVisibility" name="test_verify_in_progress_mo_hides_sc_button" time="0.173" /><testcase classname="tests.test_four_bugs_iteration34.TestBug2ButtonVisibility" name="test_verify_pending_mo_shows_sc_button" time="0.151" /><testcase classname="tests.test_four_bugs_iteration34.TestBug1DCShortageShowsItemName" name="test_dc_shortage_response_format" time="0.158" /><testcase classname="tests.test_four_bugs_iteration34.TestRegressionInhouseStart" name="test_inhouse_start_works" time="0.524" /></testsuite></testsuites>