<?xml version="1.0" encoding="utf-8"?><testsuites name="pytest tests"><testsuite name="pytest" errors="0" failures="0" skipped="0" tests="11" time="2.583" timestamp="2026-05-17T19:17:25.096248+00:00" hostname="agent-env-26db9a0f-ba87-4119-a973-2890ced6742c"><testcase classname="backend.tests.test_iteration_134_round4_fixes.TestIssueA_OutsourcedQtyBackfill" name="test_get_work_orders_returns_outsourced_quantity" time="0.637" /><testcase classname="backend.tests.test_iteration_134_round4_fixes.TestIssueB_TaxInvoicePDFHeader" name="test_tax_invoices_list" time="0.131" /><testcase classname="backend.tests.test_iteration_134_round4_fixes.TestIssueB_TaxInvoicePDFHeader" name="test_company_settings_has_logo_and_address" time="0.051" /><testcase classname="backend.tests.test_iteration_134_round4_fixes.TestIssueC_RevokeDeletesSC" name="test_revoke_endpoint_exists" time="0.056" /><testcase classname="backend.tests.test_iteration_134_round4_fixes.TestIssueC_RevokeDeletesSC" name="test_revoke_returns_sc_deleted_flag" time="0.235" /><testcase classname="backend.tests.test_iteration_134_round4_fixes.TestIssueD_ShortCloseZerosCharges" name="test_short_close_no_grn_endpoint_exists" time="0.048" /><testcase classname="backend.tests.test_iteration_134_round4_fixes.TestIssueD_ShortCloseZerosCharges" name="test_short_close_no_grn_behavior" time="0.230" /><testcase classname="backend.tests.test_iteration_134_round4_fixes.TestRegressions" name="test_work_orders_list" time="0.180" /><testcase classname="backend.tests.test_iteration_134_round4_fixes.TestRegressions" name="test_subcontract_orders_list" time="0.751" /><testcase classname="backend.tests.test_iteration_134_round4_fixes.TestRegressions" name="test_items_list" time="0.124" /><testcase classname="backend.tests.test_iteration_134_round4_fixes.TestRegressions" name="test_suppliers_list" time="0.056" /></testsuite></testsuites>