<?xml version="1.0" encoding="utf-8"?><testsuites name="pytest tests"><testsuite name="pytest" errors="0" failures="0" skipped="0" tests="23" time="8.354" timestamp="2026-05-11T17:54:58.886299+00:00" hostname="agent-env-26db9a0f-ba87-4119-a973-2890ced6742c"><testcase classname="backend.tests.test_iteration_98_variant_generation.TestVariantPreviewAndGeneration" name="test_preview_variants_returns_combinations" time="0.504" /><testcase classname="backend.tests.test_iteration_98_variant_generation.TestVariantPreviewAndGeneration" name="test_generate_variants_creates_children" time="0.058" /><testcase classname="backend.tests.test_iteration_98_variant_generation.TestVariantPreviewAndGeneration" name="test_generate_variants_idempotent" time="0.056" /><testcase classname="backend.tests.test_iteration_98_variant_generation.TestVariantPreviewAndGeneration" name="test_preview_shows_existing_variants" time="0.053" /><testcase classname="backend.tests.test_iteration_98_variant_generation.TestVariantPreviewAndGeneration" name="test_list_variants_endpoint" time="0.382" /><testcase classname="backend.tests.test_iteration_98_variant_generation.TestVariantRetireReactivate" name="test_remove_attribute_value_retires_variant" time="0.548" /><testcase classname="backend.tests.test_iteration_98_variant_generation.TestVariantRetireReactivate" name="test_readd_attribute_value_reactivates_variant" time="0.389" /><testcase classname="backend.tests.test_iteration_98_variant_generation.TestItemCRUDRegression" name="test_create_item_with_variant_attributes_object_schema" time="0.484" /><testcase classname="backend.tests.test_iteration_98_variant_generation.TestItemCRUDRegression" name="test_update_item_variant_attributes" time="0.159" /><testcase classname="backend.tests.test_iteration_98_variant_generation.TestItemCRUDRegression" name="test_lite_items_includes_variant_attributes" time="0.237" /><testcase classname="backend.tests.test_iteration_98_variant_generation.TestBOMCRUDRegression" name="test_bom_create" time="0.488" /><testcase classname="backend.tests.test_iteration_98_variant_generation.TestBOMCRUDRegression" name="test_bom_get_list" time="0.204" /><testcase classname="backend.tests.test_iteration_98_variant_generation.TestBOMCRUDRegression" name="test_bom_get_by_id" time="0.054" /><testcase classname="backend.tests.test_iteration_98_variant_generation.TestBOMCRUDRegression" name="test_bom_update" time="0.050" /><testcase classname="backend.tests.test_iteration_98_variant_generation.TestBOMCRUDRegression" name="test_bom_delete" time="0.223" /><testcase classname="backend.tests.test_iteration_98_variant_generation.TestBOMExplosionRegression" name="test_bom_explosion_sa001" time="0.733" /><testcase classname="backend.tests.test_iteration_98_variant_generation.TestSalesOrderRegression" name="test_create_so_with_variant_selection" time="0.540" /><testcase classname="backend.tests.test_iteration_98_variant_generation.TestSalesOrderRegression" name="test_get_so_list" time="0.444" /><testcase classname="backend.tests.test_iteration_98_variant_generation.TestSalesOrderRegression" name="test_get_so_by_id" time="0.733" /><testcase classname="backend.tests.test_iteration_98_variant_generation.TestManufacturingOrderRegression" name="test_confirm_so_creates_mo" time="0.834" /><testcase classname="backend.tests.test_iteration_98_variant_generation.TestPreviewVariantsEdgeCases" name="test_preview_no_variant_attributes" time="0.715" /><testcase classname="backend.tests.test_iteration_98_variant_generation.TestPreviewVariantsEdgeCases" name="test_generate_no_variant_attributes_returns_400" time="0.281" /><testcase classname="backend.tests.test_iteration_98_variant_generation.TestPreviewVariantsEdgeCases" name="test_preview_nonexistent_item_returns_404" time="0.068" /></testsuite></testsuites>