<?xml version="1.0" encoding="utf-8"?><testsuites name="pytest tests"><testsuite name="pytest" errors="0" failures="0" skipped="0" tests="8" time="3.359" timestamp="2026-04-18T10:39:47.289849+00:00" hostname="agent-env-26db9a0f-ba87-4119-a973-2890ced6742c"><testcase classname="backend.tests.test_iteration_52.TestWorkOrdersProductionOrderPopulation" name="test_work_orders_endpoint_returns_production_order" time="0.890" /><testcase classname="backend.tests.test_iteration_52.TestWorkOrdersProductionOrderPopulation" name="test_work_orders_production_order_has_order_number_format" time="0.468" /><testcase classname="backend.tests.test_iteration_52.TestJobWorkDCPrintFormat" name="test_job_work_orders_endpoint" time="0.373" /><testcase classname="backend.tests.test_iteration_52.TestJobWorkDCPrintFormat" name="test_job_work_challans_endpoint" time="0.215" /><testcase classname="backend.tests.test_iteration_52.TestJobWorkDCPrintFormat" name="test_job_os_dc_has_order_with_subcontract_type" time="0.218" /><testcase classname="backend.tests.test_iteration_52.TestJobWorkDCPrintFormat" name="test_dc_order_has_job_work_parts" time="0.212" /><testcase classname="backend.tests.test_iteration_52.TestSORefOnWorkOrders" name="test_work_order_has_production_order_id" time="0.467" /><testcase classname="backend.tests.test_iteration_52.TestSORefOnWorkOrders" name="test_production_order_fields" time="0.442" /></testsuite></testsuites>