<?xml version="1.0" encoding="utf-8"?><testsuites name="pytest tests"><testsuite name="pytest" errors="0" failures="0" skipped="1" tests="5" time="1.976" timestamp="2026-04-26T08:27:01.058893+00:00" hostname="agent-env-26db9a0f-ba87-4119-a973-2890ced6742c"><testcase classname="backend.tests.test_iteration_79_master_fields.TestMasterFieldsForRawMaterial" name="test_raw_material_master_fields_update" time="0.567" /><testcase classname="backend.tests.test_iteration_79_master_fields.TestMasterFieldsForNonRawMaterial" name="test_non_rm_purchase_price_does_not_sync_unit_cost" time="0.523" /><testcase classname="backend.tests.test_iteration_79_master_fields.TestPermissionGating" name="test_code_review_permission_logic" time="0.000" /><testcase classname="backend.tests.test_iteration_79_master_fields.TestRegressionInventoryLimit" name="test_inventory_returns_558_items" time="0.397" /><testcase classname="backend.tests.test_iteration_79_master_fields.TestMRPDecimalPrecision" name="test_mrp_endpoint_returns_numeric_values" time="0.384"><skipped type="pytest.skip" message="No sales orders available for MRP test">/app/backend/tests/test_iteration_79_master_fields.py:256: No sales orders available for MRP test</skipped></testcase></testsuite></testsuites>