<?xml version="1.0" encoding="utf-8"?><testsuites name="pytest tests"><testsuite name="pytest" errors="0" failures="3" skipped="0" tests="7" time="5.316" timestamp="2026-05-22T13:50:33.029188+00:00" hostname="agent-env-26db9a0f-ba87-4119-a973-2890ced6742c"><testcase classname="backend.tests.test_additional_charges_round21_3.TestAdditionalChargesValueType" name="test_quotation_with_amount_and_percent_charges" time="0.970" /><testcase classname="backend.tests.test_additional_charges_round21_3.TestAdditionalChargesValueType" name="test_quotation_get_preserves_value_type" time="0.646"><failure message="AssertionError: GET quotation failed: {&quot;detail&quot;:&quot;Method Not Allowed&quot;}&#10;assert 405 == 200&#10; +  where 405 = &lt;Response [405]&gt;.status_code">backend/tests/test_additional_charges_round21_3.py:163: in test_quotation_get_preserves_value_type
    assert resp.status_code == 200, f"GET quotation failed: {resp.text}"
E   AssertionError: GET quotation failed: {"detail":"Method Not Allowed"}
E   assert 405 == 200
E    +  where 405 = &lt;Response [405]&gt;.status_code</failure></testcase><testcase classname="backend.tests.test_additional_charges_round21_3.TestAdditionalChargesValueType" name="test_quotation_update_preserves_value_type" time="0.864" /><testcase classname="backend.tests.test_additional_charges_round21_3.TestAdditionalChargesValueType" name="test_tax_invoice_with_value_type_charges" time="0.643" /><testcase classname="backend.tests.test_additional_charges_round21_3.TestCurrencyFormatting" name="test_quotation_totals_precision" time="0.550" /><testcase classname="backend.tests.test_additional_charges_round21_3.TestRegressionFloatingButtons" name="test_quotation_crud_still_works" time="0.486"><failure message="AssertionError: GET single quotation failed&#10;assert 405 == 200&#10; +  where 405 = &lt;Response [405]&gt;.status_code">backend/tests/test_additional_charges_round21_3.py:373: in test_quotation_crud_still_works
    assert resp.status_code == 200, "GET single quotation failed"
E   AssertionError: GET single quotation failed
E   assert 405 == 200
E    +  where 405 = &lt;Response [405]&gt;.status_code</failure></testcase><testcase classname="backend.tests.test_additional_charges_round21_3.TestRegressionFloatingButtons" name="test_tax_invoice_crud_still_works" time="1.030"><failure message="AssertionError: GET single tax invoice failed&#10;assert 405 == 200&#10; +  where 405 = &lt;Response [405]&gt;.status_code">backend/tests/test_additional_charges_round21_3.py:390: in test_tax_invoice_crud_still_works
    assert resp.status_code == 200, "GET single tax invoice failed"
E   AssertionError: GET single tax invoice failed
E   assert 405 == 200
E    +  where 405 = &lt;Response [405]&gt;.status_code</failure></testcase></testsuite></testsuites>