<?xml version="1.0" encoding="utf-8"?><testsuites name="pytest tests"><testsuite name="pytest" errors="0" failures="0" skipped="0" tests="11" time="2.194" timestamp="2026-05-06T08:33:36.511567+00:00" hostname="agent-env-26db9a0f-ba87-4119-a973-2890ced6742c"><testcase classname="backend.tests.test_iteration_88_features.TestUOMDeletionBlocked" name="test_delete_uom_in_use_returns_400" time="0.612" /><testcase classname="backend.tests.test_iteration_88_features.TestUOMDeletionBlocked" name="test_delete_unused_uom_succeeds" time="0.106" /><testcase classname="backend.tests.test_iteration_88_features.TestItemUOMValidation" name="test_create_item_without_uom_returns_400" time="0.052" /><testcase classname="backend.tests.test_iteration_88_features.TestItemUOMValidation" name="test_create_item_with_invalid_uom_returns_400" time="0.050" /><testcase classname="backend.tests.test_iteration_88_features.TestItemUOMValidation" name="test_create_item_with_valid_uom_succeeds" time="0.131" /><testcase classname="backend.tests.test_iteration_88_features.TestItemsLiteEndpoint" name="test_lite_returns_fewer_fields" time="0.160" /><testcase classname="backend.tests.test_iteration_88_features.TestItemsLiteEndpoint" name="test_lite_payload_smaller" time="0.134" /><testcase classname="backend.tests.test_iteration_88_features.TestItemExportByGroup" name="test_export_by_valid_group_returns_200" time="0.500" /><testcase classname="backend.tests.test_iteration_88_features.TestItemExportByGroup" name="test_export_by_invalid_group_returns_404" time="0.047" /><testcase classname="backend.tests.test_iteration_88_features.TestItemExportByGroup" name="test_export_by_group_and_category" time="0.116" /><testcase classname="backend.tests.test_iteration_88_features.TestRegressionIteration87" name="test_uom_decimal_places_still_works" time="0.097" /></testsuite></testsuites>