<?xml version="1.0" encoding="utf-8"?><testsuites name="pytest tests"><testsuite name="pytest" errors="0" failures="0" skipped="0" tests="7" time="5.944" timestamp="2026-05-14T06:50:22.970701+00:00" hostname="agent-env-26db9a0f-ba87-4119-a973-2890ced6742c"><testcase classname="backend.tests.test_iteration_110_jw_dc_fixes.TestDCLinesChargesOverride" name="test_dc_lines_overrides_stale_charges_with_specific_routing_cost" time="0.918" /><testcase classname="backend.tests.test_iteration_110_jw_dc_fixes.TestDCLinesChargesOverride" name="test_dc_lines_keeps_stored_charges_when_routing_not_found" time="0.763" /><testcase classname="backend.tests.test_iteration_110_jw_dc_fixes.TestChallansListSelfHeal" name="test_challans_list_self_heals_draft_job_os_dc_charges" time="0.851" /><testcase classname="backend.tests.test_iteration_110_jw_dc_fixes.TestChallansListSelfHeal" name="test_challans_list_does_not_modify_sent_dc" time="0.893" /><testcase classname="backend.tests.test_iteration_110_jw_dc_fixes.TestDCCreatePersistsNewFields" name="test_dc_create_persists_item_description_and_process_name" time="0.752" /><testcase classname="backend.tests.test_iteration_110_jw_dc_fixes.TestRegressionFullMOSC" name="test_full_mo_sc_dc_lines_uses_stored_charges" time="0.742" /><testcase classname="backend.tests.test_iteration_110_jw_dc_fixes.TestRegressionFullMOSC" name="test_full_mo_sc_challans_not_self_healed" time="0.925" /></testsuite></testsuites>