<?xml version="1.0" encoding="utf-8"?><testsuites name="pytest tests"><testsuite name="pytest" errors="0" failures="0" skipped="0" tests="16" time="7.067" timestamp="2026-04-14T11:41:21.883386+00:00" hostname="agent-env-26db9a0f-ba87-4119-a973-2890ced6742c"><testcase classname="backend.tests.test_six_fixes.TestSixFixes" name="test_mrp_demand_returns_all_categories" time="0.537" /><testcase classname="backend.tests.test_six_fixes.TestSixFixes" name="test_mrp_demand_includes_sub_assembly_items" time="0.438" /><testcase classname="backend.tests.test_six_fixes.TestSixFixes" name="test_sc_order_has_fg_item_name" time="0.411" /><testcase classname="backend.tests.test_six_fixes.TestSixFixes" name="test_sc_order_has_job_work_parts" time="0.412" /><testcase classname="backend.tests.test_six_fixes.TestSixFixes" name="test_sc_consolidation_per_supplier" time="0.482" /><testcase classname="backend.tests.test_six_fixes.TestSixFixes" name="test_dc_created_as_draft" time="0.418" /><testcase classname="backend.tests.test_six_fixes.TestSixFixes" name="test_dc_has_fg_item_name" time="0.387" /><testcase classname="backend.tests.test_six_fixes.TestSixFixes" name="test_send_draft_dc_endpoint_exists" time="0.414" /><testcase classname="backend.tests.test_six_fixes.TestSixFixes" name="test_send_dc_requires_draft_status" time="0.453" /><testcase classname="backend.tests.test_six_fixes.TestSixFixes" name="test_create_po_from_sc_endpoint_exists" time="0.382" /><testcase classname="backend.tests.test_six_fixes.TestSixFixes" name="test_po_from_sc_uses_job_work_parts" time="0.372" /><testcase classname="backend.tests.test_six_fixes.TestSixFixes" name="test_po_has_lines_not_items" time="0.389" /><testcase classname="backend.tests.test_six_fixes.TestEndToEndSCFlow" name="test_full_sc_flow_with_material" time="0.494" /><testcase classname="backend.tests.test_six_fixes.TestEndToEndSCFlow" name="test_full_sc_flow_without_material" time="0.455" /><testcase classname="backend.tests.test_six_fixes.TestMRPDemandCategories" name="test_mrp_demand_structure" time="0.372" /><testcase classname="backend.tests.test_six_fixes.TestMRPDemandCategories" name="test_mrp_demand_for_specific_so" time="0.395" /></testsuite></testsuites>