<?xml version="1.0" encoding="utf-8"?><testsuites name="pytest tests"><testsuite name="pytest" errors="0" failures="0" skipped="0" tests="9" time="10.115" timestamp="2026-05-14T10:40:56.953636+00:00" hostname="agent-env-26db9a0f-ba87-4119-a973-2890ced6742c"><testcase classname="backend.tests.test_iteration_114_find_routing_cost_permissions.TestFindRoutingCostMultiBOMSearch" name="test_find_routing_cost_from_parent_fg_bom_component_line" time="0.803" /><testcase classname="backend.tests.test_iteration_114_find_routing_cost_permissions.TestFindRoutingCostMultiBOMSearch" name="test_find_routing_cost_prefers_items_own_bom_over_parent" time="0.868" /><testcase classname="backend.tests.test_iteration_114_find_routing_cost_permissions.TestFindRoutingCostMultiBOMSearch" name="test_find_routing_cost_scans_multiple_parent_boms" time="0.869" /><testcase classname="backend.tests.test_iteration_114_find_routing_cost_permissions.TestPUTJobWorkOrderPermissions" name="test_put_accepts_user_with_job_work_create_permission" time="1.453" /><testcase classname="backend.tests.test_iteration_114_find_routing_cost_permissions.TestPUTJobWorkOrderPermissions" name="test_put_accepts_inventory_manager_role" time="1.563" /><testcase classname="backend.tests.test_iteration_114_find_routing_cost_permissions.TestPUTJobWorkOrderPermissions" name="test_put_rejects_unauthenticated_user" time="0.716" /><testcase classname="backend.tests.test_iteration_114_find_routing_cost_permissions.TestRegressionIteration113" name="test_routing_cost_endpoint_still_works" time="0.563" /><testcase classname="backend.tests.test_iteration_114_find_routing_cost_permissions.TestRegressionIteration113" name="test_job_card_os_self_heal_still_works" time="1.486" /><testcase classname="backend.tests.test_iteration_114_find_routing_cost_permissions.TestRegressionIteration113" name="test_put_preserves_process_name_and_charges" time="1.698" /></testsuite></testsuites>