<?xml version="1.0" encoding="utf-8"?><testsuites name="pytest tests"><testsuite name="pytest" errors="0" failures="0" skipped="0" tests="5" time="4.230" timestamp="2026-05-12T07:14:14.804461+00:00" hostname="agent-env-26db9a0f-ba87-4119-a973-2890ced6742c"><testcase classname="backend.tests.test_iteration_103_mrp_mo_driven.TestMRPMODrivenDemand" name="test_scenario_a_so_without_mo_no_mrp_demand" time="0.786" /><testcase classname="backend.tests.test_iteration_103_mrp_mo_driven.TestMRPMODrivenDemand" name="test_scenario_b_mo_created_generates_mrp_demand" time="0.248" /><testcase classname="backend.tests.test_iteration_103_mrp_mo_driven.TestMRPMODrivenDemand" name="test_scenario_c_reserved_mo_shortfall_captured" time="0.329" /><testcase classname="backend.tests.test_iteration_103_mrp_mo_driven.TestMRPMODrivenDemand" name="test_scenario_d_mts_mo_without_so_in_mrp_demand" time="1.498" /><testcase classname="backend.tests.test_iteration_103_mrp_mo_driven.TestMRPVariantAwareDemand" name="test_variant_aware_mrp_demand" time="1.277" /></testsuite></testsuites>