<?xml version="1.0" encoding="utf-8"?><testsuites name="pytest tests"><testsuite name="pytest" errors="0" failures="0" skipped="0" tests="19" time="1.779" timestamp="2026-05-16T16:00:30.567075+00:00" hostname="agent-env-26db9a0f-ba87-4119-a973-2890ced6742c"><testcase classname="backend.tests.test_iteration_128_tally_tax_invoice.TestTaxInvoiceTallyXMLSingle" name="test_tally_xml_single_returns_200_with_xml" time="0.544" /><testcase classname="backend.tests.test_iteration_128_tally_tax_invoice.TestTaxInvoiceTallyXMLSingle" name="test_tally_xml_single_has_content_disposition" time="0.052" /><testcase classname="backend.tests.test_iteration_128_tally_tax_invoice.TestTaxInvoiceTallyXMLSingle" name="test_tally_xml_single_contains_sales_voucher" time="0.056" /><testcase classname="backend.tests.test_iteration_128_tally_tax_invoice.TestTaxInvoiceTallyXMLSingle" name="test_tally_xml_single_contains_invoice_no" time="0.052" /><testcase classname="backend.tests.test_iteration_128_tally_tax_invoice.TestTaxInvoiceTallyXMLSingle" name="test_tally_xml_single_contains_customer_as_partyledger" time="0.049" /><testcase classname="backend.tests.test_iteration_128_tally_tax_invoice.TestTaxInvoiceTallyXMLSingle" name="test_tally_xml_single_contains_sales_account_ledger" time="0.047" /><testcase classname="backend.tests.test_iteration_128_tally_tax_invoice.TestTaxInvoiceTallyXMLSingle" name="test_tally_xml_single_has_gst_output_ledgers" time="0.050" /><testcase classname="backend.tests.test_iteration_128_tally_tax_invoice.TestTaxInvoiceTallyXML404" name="test_tally_xml_invalid_id_returns_404" time="0.047" /><testcase classname="backend.tests.test_iteration_128_tally_tax_invoice.TestTaxInvoiceTallyXMLBulk" name="test_tally_xml_bulk_returns_200_with_xml" time="0.050" /><testcase classname="backend.tests.test_iteration_128_tally_tax_invoice.TestTaxInvoiceTallyXMLBulk" name="test_tally_xml_bulk_contains_both_vouchers" time="0.054" /><testcase classname="backend.tests.test_iteration_128_tally_tax_invoice.TestTaxInvoiceTallyXMLBulk" name="test_tally_xml_bulk_contains_both_invoice_numbers" time="0.050" /><testcase classname="backend.tests.test_iteration_128_tally_tax_invoice.TestTaxInvoiceTallyXMLBulk" name="test_tally_xml_bulk_empty_ids_returns_400" time="0.048" /><testcase classname="backend.tests.test_iteration_128_tally_tax_invoice.TestPurchaseInvoiceTallyXMLRegression" name="test_pi_tally_xml_single_still_works" time="0.141" /><testcase classname="backend.tests.test_iteration_128_tally_tax_invoice.TestPurchaseInvoiceTallyXMLRegression" name="test_pi_tally_xml_bulk_still_works" time="0.048" /><testcase classname="backend.tests.test_iteration_128_tally_tax_invoice.TestTaxInvoiceCRUDRegression" name="test_get_tax_invoices_list" time="0.098" /><testcase classname="backend.tests.test_iteration_128_tally_tax_invoice.TestTaxInvoiceCRUDRegression" name="test_tax_invoice_status_change" time="0.109" /><testcase classname="backend.tests.test_iteration_128_tally_tax_invoice.TestPackingListRegression" name="test_packing_lists_endpoint_accessible" time="0.048" /><testcase classname="backend.tests.test_iteration_128_tally_tax_invoice.TestGRNDraftMultiPIRegression" name="test_grn_list_accessible" time="0.058" /><testcase classname="backend.tests.test_iteration_128_tally_tax_invoice.TestGRNDraftMultiPIRegression" name="test_pending_grns_endpoint_accessible" time="0.079" /></testsuite></testsuites>