<?xml version="1.0" encoding="utf-8"?><testsuites name="pytest tests"><testsuite name="pytest" errors="0" failures="0" skipped="1" tests="8" time="4.912" timestamp="2026-05-06T11:55:43.229574+00:00" hostname="agent-env-26db9a0f-ba87-4119-a973-2890ced6742c"><testcase classname="backend.tests.test_iteration_89_pi_charges_items_pagination.TestPurchaseInvoiceAdditionalCharges" name="test_pi_with_charges_intra_state" time="1.246" /><testcase classname="backend.tests.test_iteration_89_pi_charges_items_pagination.TestPurchaseInvoiceAdditionalCharges" name="test_pi_with_charges_inter_state" time="0.529" /><testcase classname="backend.tests.test_iteration_89_pi_charges_items_pagination.TestPurchaseInvoiceAdditionalCharges" name="test_pi_charges_with_zero_gst" time="0.452" /><testcase classname="backend.tests.test_iteration_89_pi_charges_items_pagination.TestPurchaseInvoiceAdditionalCharges" name="test_pi_no_charges" time="0.398" /><testcase classname="backend.tests.test_iteration_89_pi_charges_items_pagination.TestPurchaseInvoiceAdditionalCharges" name="test_pi_list_returns_charges" time="0.480" /><testcase classname="backend.tests.test_iteration_89_pi_charges_items_pagination.TestItemsPagePagination" name="test_items_lite_endpoint" time="0.209" /><testcase classname="backend.tests.test_iteration_89_pi_charges_items_pagination.TestItemsPagePagination" name="test_items_update_returns_updated_item" time="0.386" /><testcase classname="backend.tests.test_iteration_89_pi_charges_items_pagination.TestRegressionQuotationGlobalDiscount" name="test_quotation_global_discount_percent" time="1.118"><skipped type="pytest.skip" message="Quotation creation failed: {&quot;detail&quot;:[{&quot;type&quot;:&quot;missing&quot;,&quot;loc&quot;:[&quot;body&quot;,&quot;customer_name&quot;],&quot;msg&quot;:&quot;Field required&quot;,&quot;input&quot;:{&quot;customer_id&quot;:&quot;f30db887-79d8-4f6e-bd3e-6ce4140ef01f&quot;,&quot;validity_days&quot;:30,&quot;lines&quot;:[{&quot;item_id&quot;:&quot;3447f544-6d02-4ed0-89e7-79e37250923f&quot;,&quot;quantity&quot;:10,&quot;unit_price&quot;:100,&quot;discount&quot;:0,&quot;gst_rate&quot;:18}],&quot;global_discount_type&quot;:&quot;percent&quot;,&quot;global_discount_value&quot;:10},&quot;url&quot;:&quot;https://errors.pydantic.dev/2.12/v/missing&quot;},{&quot;type&quot;:&quot;missing&quot;,&quot;loc&quot;:[&quot;body&quot;,&quot;lines&quot;,0,&quot;rate&quot;],&quot;msg&quot;:&quot;Field required&quot;,&quot;input&quot;:{&quot;item_id&quot;:&quot;3447f544-6d02-4ed0-89e7-79e37250923f&quot;,&quot;quantity&quot;:10,&quot;unit_price&quot;:100,&quot;discount&quot;:0,&quot;gst_rate&quot;:18},&quot;url&quot;:&quot;https://errors.pydantic.dev/2.12/v/missing&quot;}]}">/app/backend/tests/test_iteration_89_pi_charges_items_pagination.py:454: Quotation creation failed: {"detail":[{"type":"missing","loc":["body","customer_name"],"msg":"Field required","input":{"customer_id":"f30db887-79d8-4f6e-bd3e-6ce4140ef01f","validity_days":30,"lines":[{"item_id":"3447f544-6d02-4ed0-89e7-79e37250923f","quantity":10,"unit_price":100,"discount":0,"gst_rate":18}],"global_discount_type":"percent","global_discount_value":10},"url":"https://errors.pydantic.dev/2.12/v/missing"},{"type":"missing","loc":["body","lines",0,"rate"],"msg":"Field required","input":{"item_id":"3447f544-6d02-4ed0-89e7-79e37250923f","quantity":10,"unit_price":100,"discount":0,"gst_rate":18},"url":"https://errors.pydantic.dev/2.12/v/missing"}]}</skipped></testcase></testsuite></testsuites>