<?xml version="1.0" encoding="utf-8"?><testsuites name="pytest tests"><testsuite name="pytest" errors="0" failures="0" skipped="3" tests="9" time="3.473" timestamp="2026-04-18T17:42:53.797325+00:00" hostname="agent-env-26db9a0f-ba87-4119-a973-2890ced6742c"><testcase classname="backend.tests.test_iteration_56.TestBOMCostComputation" name="test_bom_explode_returns_costs" time="0.437" /><testcase classname="backend.tests.test_iteration_56.TestBOMCostComputation" name="test_bom_with_routings_has_process_cost" time="0.213" /><testcase classname="backend.tests.test_iteration_56.TestMOtoSCBOMCosts" name="test_create_mo_and_sc_with_bom_costs" time="0.161"><skipped type="pytest.skip" message="No active BOM with routing costs found for MO→SC test">/app/backend/tests/test_iteration_56.py:108: No active BOM with routing costs found for MO→SC test</skipped></testcase><testcase classname="backend.tests.test_iteration_56.TestJobOSCosts" name="test_job_os_uses_bom_routing_cost" time="0.632"><skipped type="pytest.skip" message="Could not outsource operation: {&quot;detail&quot;:&quot;Not Found&quot;}">/app/backend/tests/test_iteration_56.py:259: Could not outsource operation: {"detail":"Not Found"}</skipped></testcase><testcase classname="backend.tests.test_iteration_56.TestSCWithMaterialRegression" name="test_sc_with_material_has_lines" time="0.336" /><testcase classname="backend.tests.test_iteration_56.TestSCOrderVisibility" name="test_sc_orders_have_required_fields" time="0.335" /><testcase classname="backend.tests.test_iteration_56.TestMOStatusAndButtons" name="test_pending_mo_has_no_job_card" time="0.422" /><testcase classname="backend.tests.test_iteration_56.TestMOStatusAndButtons" name="test_inhouse_start_changes_status" time="0.443"><skipped type="pytest.skip" message="Could not update MO status: {&quot;detail&quot;:&quot;Use POST /api/work-orders/{wo_id}/start to start a work order (this will consume materials)&quot;}">/app/backend/tests/test_iteration_56.py:381: Could not update MO status: {"detail":"Use POST /api/work-orders/{wo_id}/start to start a work order (this will consume materials)"}</skipped></testcase><testcase classname="backend.tests.test_iteration_56.TestJobCardDuration" name="test_work_order_operations_have_duration_fields" time="0.407" /></testsuite></testsuites>