<?xml version="1.0" encoding="utf-8"?><testsuites name="pytest tests"><testsuite name="pytest" errors="0" failures="2" skipped="0" tests="8" time="1.504" timestamp="2026-04-12T16:10:18.561651+00:00" hostname="agent-env-26db9a0f-ba87-4119-a973-2890ced6742c"><testcase classname="backend.tests.test_three_bug_fixes.TestBug1_MOtoSCOrderCreation" name="test_get_work_orders_list" time="0.561" /><testcase classname="backend.tests.test_three_bug_fixes.TestBug1_MOtoSCOrderCreation" name="test_get_suppliers_list" time="0.046" /><testcase classname="backend.tests.test_three_bug_fixes.TestBug1_MOtoSCOrderCreation" name="test_get_jw_orders_count_before" time="0.062" /><testcase classname="backend.tests.test_three_bug_fixes.TestBug1_MOtoSCOrderCreation" name="test_mark_in_progress_mo_as_subcontract" time="0.290"><failure message="AssertionError: SC Order should have been created. Before: 11, After: 11&#10;assert 11 &gt; 11">backend/tests/test_three_bug_fixes.py:117: in test_mark_in_progress_mo_as_subcontract
    assert jw_count_after &gt; jw_count_before, f"SC Order should have been created. Before: {jw_count_before}, After: {jw_count_after}"
E   AssertionError: SC Order should have been created. Before: 11, After: 11
E   assert 11 &gt; 11</failure></testcase><testcase classname="backend.tests.test_three_bug_fixes.TestBug2_JWOrdersShowItemNames" name="test_jw_orders_include_item_details" time="0.062" /><testcase classname="backend.tests.test_three_bug_fixes.TestBug3_JWOrdersShowMONumber" name="test_jw_orders_include_mo_number" time="0.058" /><testcase classname="backend.tests.test_three_bug_fixes.TestSubcontractedMOsNoJobCardComplete" name="test_get_subcontracted_mos" time="0.061" /><testcase classname="backend.tests.test_three_bug_fixes.TestSCOrderCreationOnMOStart" name="test_create_subcontract_mo_and_start" time="0.264"><failure message="KeyError: 'id'">backend/tests/test_three_bug_fixes.py:251: in test_create_subcontract_mo_and_start
    mo_id = new_mo["id"]
            ^^^^^^^^^^^^
E   KeyError: 'id'</failure></testcase></testsuite></testsuites>