<?xml version="1.0" encoding="utf-8"?><testsuites name="pytest tests"><testsuite name="pytest" errors="0" failures="0" skipped="2" tests="31" time="3.617" timestamp="2026-04-17T19:14:57.848906+00:00" hostname="agent-env-26db9a0f-ba87-4119-a973-2890ced6742c"><testcase classname="backend.tests.test_bom_rollup_jw_grn_fixes.TestJWGRNInvoiceValidation" name="test_01_login" time="0.504" /><testcase classname="backend.tests.test_bom_rollup_jw_grn_fixes.TestJWGRNInvoiceValidation" name="test_02_create_test_items" time="0.098" /><testcase classname="backend.tests.test_bom_rollup_jw_grn_fixes.TestJWGRNInvoiceValidation" name="test_03_create_supplier" time="0.059" /><testcase classname="backend.tests.test_bom_rollup_jw_grn_fixes.TestJWGRNInvoiceValidation" name="test_04_create_sc_order" time="0.053" /><testcase classname="backend.tests.test_bom_rollup_jw_grn_fixes.TestJWGRNInvoiceValidation" name="test_05_confirm_sc_order" time="0.051" /><testcase classname="backend.tests.test_bom_rollup_jw_grn_fixes.TestJWGRNInvoiceValidation" name="test_06_send_dc" time="0.052" /><testcase classname="backend.tests.test_bom_rollup_jw_grn_fixes.TestJWGRNInvoiceValidation" name="test_07_jw_grn_without_invoice_no_should_fail" time="0.047" /><testcase classname="backend.tests.test_bom_rollup_jw_grn_fixes.TestJWGRNInvoiceValidation" name="test_08_jw_grn_without_invoice_date_should_fail" time="0.048" /><testcase classname="backend.tests.test_bom_rollup_jw_grn_fixes.TestJWGRNInvoiceValidation" name="test_09_jw_grn_with_valid_invoice_should_succeed" time="0.164" /><testcase classname="backend.tests.test_bom_rollup_jw_grn_fixes.TestJWGRNInvoiceValidation" name="test_10_jw_grn_completes_sc_on_full_receive" time="0.344" /><testcase classname="backend.tests.test_bom_rollup_jw_grn_fixes.TestBOMRollupCostInSCLines" name="test_01_login" time="0.331" /><testcase classname="backend.tests.test_bom_rollup_jw_grn_fixes.TestBOMRollupCostInSCLines" name="test_02_create_items_with_known_costs" time="0.225" /><testcase classname="backend.tests.test_bom_rollup_jw_grn_fixes.TestBOMRollupCostInSCLines" name="test_03_create_supplier" time="0.050" /><testcase classname="backend.tests.test_bom_rollup_jw_grn_fixes.TestBOMRollupCostInSCLines" name="test_04_create_bom_for_sa" time="0.051" /><testcase classname="backend.tests.test_bom_rollup_jw_grn_fixes.TestBOMRollupCostInSCLines" name="test_05_create_bom_for_fg" time="0.048" /><testcase classname="backend.tests.test_bom_rollup_jw_grn_fixes.TestBOMRollupCostInSCLines" name="test_06_create_routing_for_sa" time="0.051" /><testcase classname="backend.tests.test_bom_rollup_jw_grn_fixes.TestBOMRollupCostInSCLines" name="test_07_create_routing_for_fg" time="0.051" /><testcase classname="backend.tests.test_bom_rollup_jw_grn_fixes.TestBOMRollupCostInSCLines" name="test_08_create_production_order" time="0.050" /><testcase classname="backend.tests.test_bom_rollup_jw_grn_fixes.TestBOMRollupCostInSCLines" name="test_09_create_work_order_for_sa" time="0.001"><skipped type="pytest.skip" message="SA WO creation requires separate PO - BOM rollup cost verified via RM resolution in test_12">/app/backend/tests/test_bom_rollup_jw_grn_fixes.py:468: SA WO creation requires separate PO - BOM rollup cost verified via RM resolution in test_12</skipped></testcase><testcase classname="backend.tests.test_bom_rollup_jw_grn_fixes.TestBOMRollupCostInSCLines" name="test_10_complete_sa_work_order" time="0.000"><skipped type="pytest.skip" message="Depends on test_09 which is skipped">/app/backend/tests/test_bom_rollup_jw_grn_fixes.py:472: Depends on test_09 which is skipped</skipped></testcase><testcase classname="backend.tests.test_bom_rollup_jw_grn_fixes.TestBOMRollupCostInSCLines" name="test_11_create_work_order_for_fg_subcontract" time="0.058" /><testcase classname="backend.tests.test_bom_rollup_jw_grn_fixes.TestBOMRollupCostInSCLines" name="test_12_create_sc_and_verify_bom_rollup_cost" time="0.062" /><testcase classname="backend.tests.test_bom_rollup_jw_grn_fixes.TestRegressionCreateSC" name="test_01_login" time="0.350" /><testcase classname="backend.tests.test_bom_rollup_jw_grn_fixes.TestRegressionCreateSC" name="test_02_create_items" time="0.102" /><testcase classname="backend.tests.test_bom_rollup_jw_grn_fixes.TestRegressionCreateSC" name="test_03_create_supplier" time="0.052" /><testcase classname="backend.tests.test_bom_rollup_jw_grn_fixes.TestRegressionCreateSC" name="test_04_create_bom" time="0.051" /><testcase classname="backend.tests.test_bom_rollup_jw_grn_fixes.TestRegressionCreateSC" name="test_05_create_routing" time="0.050" /><testcase classname="backend.tests.test_bom_rollup_jw_grn_fixes.TestRegressionCreateSC" name="test_06_create_production_order" time="0.054" /><testcase classname="backend.tests.test_bom_rollup_jw_grn_fixes.TestRegressionCreateSC" name="test_07_regression_create_sc_with_material" time="0.120" /><testcase classname="backend.tests.test_bom_rollup_jw_grn_fixes.TestRegressionCreateSC" name="test_08_regression_create_sc_without_material" time="0.142" /><testcase classname="backend.tests.test_bom_rollup_jw_grn_fixes.TestRegressionCreateSC" name="test_09_regression_dc_creation" time="0.185" /></testsuite></testsuites>