<?xml version="1.0" encoding="utf-8"?><testsuites name="pytest tests"><testsuite name="pytest" errors="0" failures="1" skipped="0" tests="11" time="9.374" timestamp="2026-04-17T08:50:52.945375+00:00" hostname="agent-env-26db9a0f-ba87-4119-a973-2890ced6742c"><testcase classname="backend.tests.test_bom_routing_bugs.TestBOMRoutingBugs" name="test_01_login_works" time="0.690" /><testcase classname="backend.tests.test_bom_routing_bugs.TestBOMRoutingBugs" name="test_02_create_routing_operation_types" time="0.529" /><testcase classname="backend.tests.test_bom_routing_bugs.TestBOMRoutingBugs" name="test_03_create_test_items" time="0.572" /><testcase classname="backend.tests.test_bom_routing_bugs.TestBOMRoutingBugs" name="test_04_create_bom_with_parent_routings_and_component_routings" time="0.747" /><testcase classname="backend.tests.test_bom_routing_bugs.TestBOMRoutingBugs" name="test_05_bom_explosion_returns_routings_for_components" time="0.847" /><testcase classname="backend.tests.test_bom_routing_bugs.TestBOMRoutingBugs" name="test_06_update_bom_preserves_and_updates_routings" time="0.894" /><testcase classname="backend.tests.test_bom_routing_bugs.TestBOMRoutingBugs" name="test_07_create_mo_without_routing_id" time="0.961" /><testcase classname="backend.tests.test_bom_routing_bugs.TestBOMRoutingBugs" name="test_08_mo_operations_from_bom_parent_routings" time="0.920"><failure message="AssertionError: No work orders created&#10;assert 0 &gt; 0&#10; +  where 0 = len([])">backend/tests/test_bom_routing_bugs.py:313: in test_08_mo_operations_from_bom_parent_routings
    assert len(work_orders) &gt; 0, "No work orders created"
E   AssertionError: No work orders created
E   assert 0 &gt; 0
E    +  where 0 = len([])</failure></testcase><testcase classname="backend.tests.test_bom_routing_bugs.TestBOMRoutingBugs" name="test_09_child_mo_operations_from_component_routings" time="0.948" /><testcase classname="backend.tests.test_bom_routing_bugs.TestBOMRoutingBugs" name="test_10_routing_id_optional_in_work_order_create" time="0.984" /><testcase classname="backend.tests.test_bom_routing_bugs.TestBOMRoutingBugs" name="test_11_frontend_mo_dialog_no_routing_dropdown" time="1.181" /></testsuite></testsuites>