<?xml version="1.0" encoding="utf-8"?><testsuites name="pytest tests"><testsuite name="pytest" errors="0" failures="0" skipped="0" tests="18" time="2.612" timestamp="2026-04-25T11:01:45.420296+00:00" hostname="agent-env-26db9a0f-ba87-4119-a973-2890ced6742c"><testcase classname="backend.tests.test_iteration_75.TestPartialGRNFlow" name="test_01_create_po_for_partial_grn_test" time="0.616" /><testcase classname="backend.tests.test_iteration_75.TestPartialGRNFlow" name="test_02_send_po" time="0.121" /><testcase classname="backend.tests.test_iteration_75.TestPartialGRNFlow" name="test_03_create_partial_grn" time="0.051" /><testcase classname="backend.tests.test_iteration_75.TestPartialGRNFlow" name="test_04_verify_po_status_partial" time="0.070" /><testcase classname="backend.tests.test_iteration_75.TestPartialGRNFlow" name="test_05_verify_partial_po_in_pending_grn_list" time="0.050" /><testcase classname="backend.tests.test_iteration_75.TestPartialGRNFlow" name="test_06_create_final_grn_to_complete_po" time="0.049" /><testcase classname="backend.tests.test_iteration_75.TestPartialGRNFlow" name="test_07_verify_po_status_received" time="0.072" /><testcase classname="backend.tests.test_iteration_75.TestGRNRejection" name="test_grn_rejected_for_received_po" time="0.050" /><testcase classname="backend.tests.test_iteration_75.TestGRNRejection" name="test_grn_rejected_for_zero_quantity" time="0.146" /><testcase classname="backend.tests.test_iteration_75.TestShortClosePO" name="test_01_create_po_for_short_close" time="0.097" /><testcase classname="backend.tests.test_iteration_75.TestShortClosePO" name="test_02_short_close_po" time="0.050" /><testcase classname="backend.tests.test_iteration_75.TestShortClosePO" name="test_03_verify_short_closed_status" time="0.072" /><testcase classname="backend.tests.test_iteration_75.TestShortClosePO" name="test_04_short_close_already_short_closed_po_rejected" time="0.056" /><testcase classname="backend.tests.test_iteration_75.TestShortClosePO" name="test_05_short_close_cancelled_po_rejected" time="0.153" /><testcase classname="backend.tests.test_iteration_75.TestMRPWithPartialPO" name="test_mrp_demand_includes_partial_po" time="0.394" /><testcase classname="backend.tests.test_iteration_75.TestFromMRPAfterShortClose" name="test_from_mrp_after_short_close" time="0.196" /><testcase classname="backend.tests.test_iteration_75.TestFromMRPDescription" name="test_from_mrp_populates_description" time="0.120" /><testcase classname="backend.tests.test_iteration_75.TestFromMRPDescription" name="test_from_mrp_with_description_override" time="0.050" /></testsuite></testsuites>