<?xml version="1.0" encoding="utf-8"?><testsuites name="pytest tests"><testsuite name="pytest" errors="0" failures="0" skipped="0" tests="7" time="9.257" timestamp="2026-04-16T19:35:33.483411+00:00" hostname="agent-env-26db9a0f-ba87-4119-a973-2890ced6742c"><testcase classname="backend.tests.test_sc_rm_stock_safeguard.TestSCRMStockSafeguard" name="test_login_works" time="0.475" /><testcase classname="backend.tests.test_sc_rm_stock_safeguard.TestSCRMStockSafeguard" name="test_receipt_blocks_rm_stock_addition_simple" time="1.276" /><testcase classname="backend.tests.test_sc_rm_stock_safeguard.TestSCRMStockSafeguard" name="test_without_material_sc_adds_stock_normally" time="1.101" /><testcase classname="backend.tests.test_sc_rm_stock_safeguard.TestSCRMStockSafeguard" name="test_mo_auto_completes_on_full_receipt" time="1.303" /><testcase classname="backend.tests.test_sc_rm_stock_safeguard.TestSCRMStockSafeguard" name="test_mo_completion_does_not_add_fg_stock_again" time="1.353" /><testcase classname="backend.tests.test_sc_rm_stock_safeguard.TestSCRMStockSafeguard" name="test_received_quantity_updated_on_job_work_parts" time="1.797" /><testcase classname="backend.tests.test_sc_rm_stock_safeguard.TestComplexBOMScenario" name="test_complex_bom_sc_flow" time="1.855" /></testsuite></testsuites>